Mar 20, 2024 2:50:53 AM uk.ac.soton.comp2211.App main
INFO: Application started.
Mar 20, 2024 2:50:53 AM uk.ac.soton.comp2211.App openApp
INFO: Opening login page
Mar 20, 2024 2:50:53 AM uk.ac.soton.comp2211.UI.AppWindow startTool
INFO: Starting the tool
Mar 20, 2024 2:50:53 AM uk.ac.soton.comp2211.UI.AppWindow cleanup
INFO: Clearing up previous scene
Mar 20, 2024 2:50:53 AM uk.ac.soton.comp2211.scene.MainScene build
INFO: Building uk.ac.soton.comp2211.scene.MainScene
Mar 20, 2024 2:50:54 AM com.mongodb.internal.diagnostics.logging.Loggers shouldUseSLF4J
WARNING: SLF4J not found on the classpath.  Logging is disabled for the 'org.mongodb.driver' component
Mar 20, 2024 2:50:54 AM uk.ac.soton.comp2211.Utility.DBUtils isDbConnected
INFO: Connected to the database
Mar 20, 2024 2:50:55 AM uk.ac.soton.comp2211.scene.MainScene initialise
INFO: initialising the menu scene
Mar 20, 2024 2:51:01 AM uk.ac.soton.comp2211.Utility.DBUtils logInUser
INFO: Connected to the database
Mar 20, 2024 2:51:01 AM uk.ac.soton.comp2211.Utility.DBUtils logInUser
INFO: User exists
Mar 20, 2024 2:51:01 AM uk.ac.soton.comp2211.UI.AppWindow startTool
INFO: Starting the tool
Mar 20, 2024 2:51:01 AM uk.ac.soton.comp2211.UI.AppWindow cleanup
INFO: Clearing up previous scene
Mar 20, 2024 2:51:01 AM uk.ac.soton.comp2211.scene.MainScene build
INFO: Building uk.ac.soton.comp2211.scene.MainScene
Mar 20, 2024 2:51:01 AM uk.ac.soton.comp2211.Utility.DBUtils isDbConnected
INFO: Connected to the database
Mar 20, 2024 2:51:01 AM uk.ac.soton.comp2211.scene.MainScene initialise
INFO: initialising the menu scene
Mar 20, 2024 2:51:01 AM uk.ac.soton.comp2211.scene.MainScene build
INFO: Building uk.ac.soton.comp2211.scene.MainScene
Mar 20, 2024 2:51:02 AM uk.ac.soton.comp2211.Utility.DBUtils logInUser
INFO: Password is correct
Mar 20, 2024 2:51:02 AM uk.ac.soton.comp2211.scene.MainScene initialise
INFO: initialising the menu scene
Mar 20, 2024 2:51:03 AM uk.ac.soton.comp2211.scene.MainScene lambda$build$1
INFO: Boeing Button Pressed
Mar 20, 2024 2:51:04 AM uk.ac.soton.comp2211.scene.MainScene lambda$build$2
INFO: Airbus Button Pressed
Mar 20, 2024 2:51:06 AM uk.ac.soton.comp2211.App shutdown
INFO: Application shutting down.
