Mar 21, 2024 2:57:33 PM uk.ac.soton.comp2211.App main
INFO: Application started.
Mar 21, 2024 2:57:33 PM uk.ac.soton.comp2211.App openApp
INFO: Opening login page
Mar 21, 2024 2:57:34 PM uk.ac.soton.comp2211.UI.AppWindow startTool
INFO: Starting the tool
Mar 21, 2024 2:57:34 PM uk.ac.soton.comp2211.UI.AppWindow cleanup
INFO: Clearing up previous scene
Mar 21, 2024 2:57:34 PM uk.ac.soton.comp2211.scene.MainScene build
INFO: Building uk.ac.soton.comp2211.scene.MainScene
Mar 21, 2024 2:57:34 PM com.mongodb.internal.diagnostics.logging.Loggers shouldUseSLF4J
WARNING: SLF4J not found on the classpath.  Logging is disabled for the 'org.mongodb.driver' component
Mar 21, 2024 2:57:35 PM uk.ac.soton.comp2211.Utility.DBUtils isDbConnected
INFO: Connected to the database
Mar 21, 2024 2:57:35 PM uk.ac.soton.comp2211.scene.MainScene initialise
INFO: initialising the menu scene
Mar 21, 2024 2:57:39 PM uk.ac.soton.comp2211.control.LoginController$2 handle
INFO: Loaded signUp.fxml file
Mar 21, 2024 2:57:39 PM uk.ac.soton.comp2211.Utility.DBUtils isDbConnected
INFO: Connected to the database
Mar 21, 2024 2:57:46 PM uk.ac.soton.comp2211.model.Database insertUser
INFO: User inserted successfully
Mar 21, 2024 2:57:46 PM uk.ac.soton.comp2211.Utility.DBUtils signUpUser
INFO: User registered successfully
Mar 21, 2024 2:57:46 PM uk.ac.soton.comp2211.Utility.DBUtils isDbConnected
INFO: Connected to the database
Mar 21, 2024 2:57:48 PM uk.ac.soton.comp2211.control.LoginController$2 handle
INFO: Loaded signUp.fxml file
Mar 21, 2024 2:57:48 PM uk.ac.soton.comp2211.Utility.DBUtils isDbConnected
INFO: Connected to the database
Mar 21, 2024 2:57:54 PM uk.ac.soton.comp2211.model.Database insertUser
WARNING: User already exists
Mar 21, 2024 2:57:54 PM uk.ac.soton.comp2211.model.Database insertUser
INFO: User inserted successfully
Mar 21, 2024 2:57:54 PM uk.ac.soton.comp2211.Utility.DBUtils signUpUser
INFO: User registered successfully
Mar 21, 2024 2:57:54 PM uk.ac.soton.comp2211.Utility.DBUtils isDbConnected
INFO: Connected to the database
Mar 21, 2024 2:57:56 PM uk.ac.soton.comp2211.App shutdown
INFO: Application shutting down.
