Mar 23, 2024 3:33:07 AM uk.ac.soton.comp2211.App main
INFO: Application started.
Mar 23, 2024 3:33:07 AM uk.ac.soton.comp2211.App openApp
INFO: Opening login page
Mar 23, 2024 3:33:07 AM uk.ac.soton.comp2211.UI.AppWindow startTool
INFO: Starting the tool
Mar 23, 2024 3:33:07 AM uk.ac.soton.comp2211.UI.AppWindow cleanup
INFO: Clearing up previous scene
Mar 23, 2024 3:33:07 AM uk.ac.soton.comp2211.scene.MainScene build
INFO: Building uk.ac.soton.comp2211.scene.MainScene
Mar 23, 2024 3:33:08 AM com.mongodb.internal.diagnostics.logging.Loggers shouldUseSLF4J
WARNING: SLF4J not found on the classpath.  Logging is disabled for the 'org.mongodb.driver' component
Mar 23, 2024 3:33:08 AM uk.ac.soton.comp2211.Utility.DBUtils isDbConnected
INFO: Connected to the database
Mar 23, 2024 3:33:08 AM uk.ac.soton.comp2211.scene.MainScene initialise
INFO: initialising the menu scene
Mar 23, 2024 3:33:15 AM uk.ac.soton.comp2211.control.LoginController performLogin
INFO: User exists
Mar 23, 2024 3:33:15 AM uk.ac.soton.comp2211.model.Database checkPassword
INFO: Checking password for user: admin
Mar 23, 2024 3:33:15 AM uk.ac.soton.comp2211.model.Database checkPassword
INFO: Password is correct
Mar 23, 2024 3:33:15 AM uk.ac.soton.comp2211.control.LoginController performLogin
INFO: Password is correct
Mar 23, 2024 3:33:16 AM uk.ac.soton.comp2211.control.LoginController performLogin
INFO: User admin logged in successfully
Mar 23, 2024 3:33:16 AM uk.ac.soton.comp2211.UI.AppWindow startTool
INFO: Starting the tool
Mar 23, 2024 3:33:16 AM uk.ac.soton.comp2211.UI.AppWindow cleanup
INFO: Clearing up previous scene
Mar 23, 2024 3:33:16 AM uk.ac.soton.comp2211.scene.MainScene build
INFO: Building uk.ac.soton.comp2211.scene.MainScene
Mar 23, 2024 3:33:16 AM uk.ac.soton.comp2211.Utility.DBUtils isDbConnected
INFO: Connected to the database
Mar 23, 2024 3:33:16 AM uk.ac.soton.comp2211.scene.MainScene initialise
INFO: initialising the menu scene
Mar 23, 2024 3:33:16 AM uk.ac.soton.comp2211.scene.MainScene build
INFO: Building uk.ac.soton.comp2211.scene.MainScene
Mar 23, 2024 3:33:16 AM uk.ac.soton.comp2211.scene.MainScene initialise
INFO: initialising the menu scene
