Mar 23, 2024 2:37:49 AM uk.ac.soton.comp2211.App main
INFO: Application started.
Mar 23, 2024 2:37:49 AM uk.ac.soton.comp2211.App openApp
INFO: Opening login page
Mar 23, 2024 2:37:49 AM uk.ac.soton.comp2211.UI.AppWindow startTool
INFO: Starting the tool
Mar 23, 2024 2:37:49 AM uk.ac.soton.comp2211.UI.AppWindow cleanup
INFO: Clearing up previous scene
Mar 23, 2024 2:37:49 AM uk.ac.soton.comp2211.scene.MainScene build
INFO: Building uk.ac.soton.comp2211.scene.MainScene
Mar 23, 2024 2:37:50 AM com.mongodb.internal.diagnostics.logging.Loggers shouldUseSLF4J
WARNING: SLF4J not found on the classpath.  Logging is disabled for the 'org.mongodb.driver' component
Mar 23, 2024 2:37:50 AM uk.ac.soton.comp2211.Utility.DBUtils isDbConnected
INFO: Connected to the database
Mar 23, 2024 2:37:51 AM uk.ac.soton.comp2211.scene.MainScene initialise
INFO: initialising the menu scene
Mar 23, 2024 2:37:59 AM uk.ac.soton.comp2211.Utility.DBUtils isDbConnected
INFO: Connected to the database
Mar 23, 2024 2:38:07 AM uk.ac.soton.comp2211.model.Database insertUser
INFO: User inserted successfully
Mar 23, 2024 2:38:07 AM uk.ac.soton.comp2211.control.SignUpController signUpUser
INFO: User registered successfully
Mar 23, 2024 2:38:07 AM uk.ac.soton.comp2211.Utility.DBUtils isDbConnected
INFO: Connected to the database
Mar 23, 2024 2:38:11 AM uk.ac.soton.comp2211.control.LoginController performLogin
INFO: User exists
Mar 23, 2024 2:38:11 AM uk.ac.soton.comp2211.model.Database checkPassword
INFO: Checking password for user: admin2003
Mar 23, 2024 2:38:11 AM uk.ac.soton.comp2211.control.LoginController performLogin
INFO: Password is correct
Mar 23, 2024 2:38:11 AM uk.ac.soton.comp2211.control.LoginController performLogin
INFO: User admin2003 logged in successfully
Mar 23, 2024 2:38:11 AM uk.ac.soton.comp2211.UI.AppWindow startTool
INFO: Starting the tool
Mar 23, 2024 2:38:11 AM uk.ac.soton.comp2211.UI.AppWindow cleanup
INFO: Clearing up previous scene
Mar 23, 2024 2:38:11 AM uk.ac.soton.comp2211.scene.MainScene build
INFO: Building uk.ac.soton.comp2211.scene.MainScene
Mar 23, 2024 2:38:11 AM uk.ac.soton.comp2211.Utility.DBUtils isDbConnected
INFO: Connected to the database
Mar 23, 2024 2:38:11 AM uk.ac.soton.comp2211.scene.MainScene initialise
INFO: initialising the menu scene
Mar 23, 2024 2:38:11 AM uk.ac.soton.comp2211.scene.MainScene build
INFO: Building uk.ac.soton.comp2211.scene.MainScene
Mar 23, 2024 2:38:11 AM uk.ac.soton.comp2211.scene.MainScene initialise
INFO: initialising the menu scene
Mar 23, 2024 2:38:24 AM uk.ac.soton.comp2211.Utility.DBUtils isDbConnected
INFO: Connected to the database
Mar 23, 2024 2:38:32 AM uk.ac.soton.comp2211.control.LoginController performLogin
INFO: User exists
Mar 23, 2024 2:38:32 AM uk.ac.soton.comp2211.model.Database checkPassword
INFO: Checking password for user: admin
Mar 23, 2024 2:38:32 AM uk.ac.soton.comp2211.control.LoginController performLogin
INFO: Password is correct
Mar 23, 2024 2:38:32 AM uk.ac.soton.comp2211.control.LoginController performLogin
INFO: User admin logged in successfully
Mar 23, 2024 2:38:32 AM uk.ac.soton.comp2211.UI.AppWindow startTool
INFO: Starting the tool
Mar 23, 2024 2:38:32 AM uk.ac.soton.comp2211.UI.AppWindow cleanup
INFO: Clearing up previous scene
Mar 23, 2024 2:38:32 AM uk.ac.soton.comp2211.scene.MainScene build
INFO: Building uk.ac.soton.comp2211.scene.MainScene
Mar 23, 2024 2:38:32 AM uk.ac.soton.comp2211.Utility.DBUtils isDbConnected
INFO: Connected to the database
Mar 23, 2024 2:38:32 AM uk.ac.soton.comp2211.scene.MainScene initialise
INFO: initialising the menu scene
Mar 23, 2024 2:38:32 AM uk.ac.soton.comp2211.scene.MainScene build
INFO: Building uk.ac.soton.comp2211.scene.MainScene
Mar 23, 2024 2:38:33 AM uk.ac.soton.comp2211.scene.MainScene initialise
INFO: initialising the menu scene
Mar 23, 2024 2:38:43 AM uk.ac.soton.comp2211.model.Database updateUser
INFO: User updated successfully
Mar 23, 2024 2:38:45 AM uk.ac.soton.comp2211.model.Database updateUser
INFO: User updated successfully
Mar 23, 2024 2:39:02 AM uk.ac.soton.comp2211.model.Database updateUser
INFO: User updated successfully
Mar 23, 2024 2:39:09 AM uk.ac.soton.comp2211.model.Database updateUser
INFO: User updated successfully
Mar 23, 2024 2:39:58 AM uk.ac.soton.comp2211.Utility.DBUtils isDbConnected
INFO: Connected to the database
Mar 23, 2024 2:40:01 AM uk.ac.soton.comp2211.App shutdown
INFO: Application shutting down.
