Apr 22, 2024 6:41:56 PM uk.ac.soton.comp2211.App main
INFO: Application started.
Apr 22, 2024 6:41:56 PM uk.ac.soton.comp2211.App openApp
INFO: Opening login page
Apr 22, 2024 6:41:56 PM uk.ac.soton.comp2211.UI.AppWindow startTool
INFO: Starting the tool
Apr 22, 2024 6:41:56 PM uk.ac.soton.comp2211.UI.AppWindow cleanup
INFO: Clearing up previous scene
Apr 22, 2024 6:41:56 PM uk.ac.soton.comp2211.scene.MainScene build
INFO: Building uk.ac.soton.comp2211.scene.MainScene
Apr 22, 2024 6:41:57 PM com.mongodb.internal.diagnostics.logging.Loggers shouldUseSLF4J
WARNING: SLF4J not found on the classpath.  Logging is disabled for the 'org.mongodb.driver' component
Apr 22, 2024 6:41:57 PM uk.ac.soton.comp2211.Utility.DBUtils isDbConnected
INFO: Connected to the database
Apr 22, 2024 6:41:58 PM uk.ac.soton.comp2211.scene.MainScene initialise
INFO: initialising the menu scene
Apr 22, 2024 6:42:03 PM uk.ac.soton.comp2211.control.LoginController performLogin
INFO: User exists
Apr 22, 2024 6:42:03 PM uk.ac.soton.comp2211.model.Database checkPassword
INFO: Checking password for user: DwijeshD
Apr 22, 2024 6:42:03 PM uk.ac.soton.comp2211.model.Database checkPassword
INFO: Password is correct
Apr 22, 2024 6:42:03 PM uk.ac.soton.comp2211.control.LoginController performLogin
INFO: Password is correct
Apr 22, 2024 6:42:04 PM uk.ac.soton.comp2211.control.LoginController performLogin
INFO: User DwijeshD logged in successfully
Apr 22, 2024 6:42:04 PM uk.ac.soton.comp2211.UI.AppWindow startTool
INFO: Starting the tool
Apr 22, 2024 6:42:04 PM uk.ac.soton.comp2211.UI.AppWindow cleanup
INFO: Clearing up previous scene
Apr 22, 2024 6:42:04 PM uk.ac.soton.comp2211.scene.MainScene build
INFO: Building uk.ac.soton.comp2211.scene.MainScene
Apr 22, 2024 6:42:04 PM uk.ac.soton.comp2211.Utility.DBUtils isDbConnected
INFO: Connected to the database
Apr 22, 2024 6:42:04 PM uk.ac.soton.comp2211.scene.MainScene initialise
INFO: initialising the menu scene
Apr 22, 2024 6:42:04 PM uk.ac.soton.comp2211.scene.MainScene build
INFO: Building uk.ac.soton.comp2211.scene.MainScene
Apr 22, 2024 6:42:04 PM uk.ac.soton.comp2211.scene.MainScene initialise
INFO: initialising the menu scene
Apr 22, 2024 6:42:06 PM uk.ac.soton.comp2211.scene.MainScene lambda$build$4
INFO: Boeing Button Pressed
Apr 22, 2024 6:42:26 PM uk.ac.soton.comp2211.App shutdown
INFO: Application shutting down.
