Mar 21, 2024 8:22:11 PM uk.ac.soton.comp2211.App main
INFO: Application started.
Mar 21, 2024 8:22:11 PM uk.ac.soton.comp2211.App openApp
INFO: Opening login page
Mar 21, 2024 8:22:11 PM uk.ac.soton.comp2211.UI.AppWindow startTool
INFO: Starting the tool
Mar 21, 2024 8:22:11 PM uk.ac.soton.comp2211.UI.AppWindow cleanup
INFO: Clearing up previous scene
Mar 21, 2024 8:22:11 PM uk.ac.soton.comp2211.scene.MainScene build
INFO: Building uk.ac.soton.comp2211.scene.MainScene
Mar 21, 2024 8:22:12 PM com.mongodb.internal.diagnostics.logging.Loggers shouldUseSLF4J
WARNING: SLF4J not found on the classpath.  Logging is disabled for the 'org.mongodb.driver' component
Mar 21, 2024 8:22:12 PM uk.ac.soton.comp2211.Utility.DBUtils isDbConnected
INFO: Connected to the database
Mar 21, 2024 8:22:13 PM uk.ac.soton.comp2211.scene.MainScene initialise
INFO: initialising the menu scene
Mar 21, 2024 8:22:15 PM uk.ac.soton.comp2211.Utility.DBUtils logInUser
INFO: User exists
Mar 21, 2024 8:22:16 PM uk.ac.soton.comp2211.UI.AppWindow startTool
INFO: Starting the tool
Mar 21, 2024 8:22:16 PM uk.ac.soton.comp2211.UI.AppWindow cleanup
INFO: Clearing up previous scene
Mar 21, 2024 8:22:16 PM uk.ac.soton.comp2211.scene.MainScene build
INFO: Building uk.ac.soton.comp2211.scene.MainScene
Mar 21, 2024 8:22:16 PM uk.ac.soton.comp2211.Utility.DBUtils isDbConnected
INFO: Connected to the database
Mar 21, 2024 8:22:16 PM uk.ac.soton.comp2211.scene.MainScene initialise
INFO: initialising the menu scene
Mar 21, 2024 8:22:16 PM uk.ac.soton.comp2211.scene.MainScene build
INFO: Building uk.ac.soton.comp2211.scene.MainScene
Mar 21, 2024 8:22:16 PM uk.ac.soton.comp2211.Utility.DBUtils logInUser
INFO: Password is correct
Mar 21, 2024 8:22:16 PM uk.ac.soton.comp2211.scene.MainScene initialise
INFO: initialising the menu scene
Mar 21, 2024 8:22:17 PM uk.ac.soton.comp2211.scene.MainScene lambda$build$4
INFO: Boeing Button Pressed
Mar 21, 2024 8:22:22 PM uk.ac.soton.comp2211.scene.MainScene lambda$build$5
INFO: Airbus Button Pressed
Mar 21, 2024 8:22:26 PM uk.ac.soton.comp2211.scene.MainScene lambda$build$6
INFO: Container Button Pressed
Mar 21, 2024 8:22:29 PM uk.ac.soton.comp2211.scene.MainScene lambda$build$7
INFO: Shuttle Bus Button Pressed
Mar 21, 2024 8:23:08 PM uk.ac.soton.comp2211.App shutdown
INFO: Application shutting down.
