Apr 18, 2024 5:01:43 PM uk.ac.soton.comp2211.App main
INFO: Application started.
Apr 18, 2024 5:01:43 PM uk.ac.soton.comp2211.App openApp
INFO: Opening login page
Apr 18, 2024 5:01:43 PM uk.ac.soton.comp2211.UI.AppWindow startTool
INFO: Starting the tool
Apr 18, 2024 5:01:43 PM uk.ac.soton.comp2211.scene.MainScene initialise
INFO: initialising the menu scene
Apr 18, 2024 5:01:43 PM uk.ac.soton.comp2211.UI.AppWindow cleanup
INFO: Clearing up previous scene
Apr 18, 2024 5:01:43 PM uk.ac.soton.comp2211.scene.MainScene build
INFO: Building uk.ac.soton.comp2211.scene.MainScene
Apr 18, 2024 5:01:44 PM com.mongodb.internal.diagnostics.logging.Loggers shouldUseSLF4J
WARNING: SLF4J not found on the classpath.  Logging is disabled for the 'org.mongodb.driver' component
Apr 18, 2024 5:01:44 PM uk.ac.soton.comp2211.utility.DBUtils isDbConnected
INFO: Connected to the database
Apr 18, 2024 5:01:44 PM uk.ac.soton.comp2211.scene.MainScene initialise
INFO: initialising the menu scene
Apr 18, 2024 5:01:50 PM uk.ac.soton.comp2211.control.LoginController performLogin
INFO: User exists
Apr 18, 2024 5:01:50 PM uk.ac.soton.comp2211.model.Database checkPassword
INFO: Checking password for user: admin
Apr 18, 2024 5:01:50 PM uk.ac.soton.comp2211.model.Database checkPassword
INFO: Password is incorrect
Apr 18, 2024 5:01:56 PM uk.ac.soton.comp2211.control.LoginController performLogin
INFO: User exists
Apr 18, 2024 5:01:56 PM uk.ac.soton.comp2211.model.Database checkPassword
INFO: Checking password for user: admin
Apr 18, 2024 5:01:56 PM uk.ac.soton.comp2211.model.Database checkPassword
INFO: Password is correct
Apr 18, 2024 5:01:56 PM uk.ac.soton.comp2211.control.LoginController performLogin
INFO: Password is correct
Apr 18, 2024 5:01:56 PM uk.ac.soton.comp2211.control.LoginController performLogin
INFO: User admin logged in successfully
Apr 18, 2024 5:01:56 PM uk.ac.soton.comp2211.UI.AppWindow startTool
INFO: Starting the tool
Apr 18, 2024 5:01:56 PM uk.ac.soton.comp2211.scene.MainScene initialise
INFO: initialising the menu scene
Apr 18, 2024 5:01:56 PM uk.ac.soton.comp2211.UI.AppWindow cleanup
INFO: Clearing up previous scene
Apr 18, 2024 5:01:56 PM uk.ac.soton.comp2211.scene.MainScene build
INFO: Building uk.ac.soton.comp2211.scene.MainScene
Apr 18, 2024 5:01:56 PM uk.ac.soton.comp2211.utility.DBUtils isDbConnected
INFO: Connected to the database
Apr 18, 2024 5:01:56 PM uk.ac.soton.comp2211.scene.MainScene initialise
INFO: initialising the menu scene
Apr 18, 2024 5:01:56 PM uk.ac.soton.comp2211.scene.MainScene initialise
INFO: initialising the menu scene
Apr 18, 2024 5:01:56 PM uk.ac.soton.comp2211.scene.MainScene build
INFO: Building uk.ac.soton.comp2211.scene.MainScene
Apr 18, 2024 5:01:57 PM uk.ac.soton.comp2211.scene.MainScene initialise
INFO: initialising the menu scene
Apr 18, 2024 5:03:05 PM uk.ac.soton.comp2211.utility.DBUtils isDbConnected
INFO: Connected to the database
Apr 18, 2024 5:03:06 PM uk.ac.soton.comp2211.App shutdown
INFO: Application shutting down.
