Mar 21, 2024 11:06:15 AM uk.ac.soton.comp2211.App main
INFO: Application started.
Mar 21, 2024 11:06:15 AM uk.ac.soton.comp2211.App openApp
INFO: Opening login page
Mar 21, 2024 11:06:16 AM uk.ac.soton.comp2211.UI.AppWindow startTool
INFO: Starting the tool
Mar 21, 2024 11:06:16 AM uk.ac.soton.comp2211.UI.AppWindow cleanup
INFO: Clearing up previous scene
Mar 21, 2024 11:06:16 AM uk.ac.soton.comp2211.scene.MainScene build
INFO: Building uk.ac.soton.comp2211.scene.MainScene
Mar 21, 2024 11:06:16 AM com.mongodb.internal.diagnostics.logging.Loggers shouldUseSLF4J
WARNING: SLF4J not found on the classpath.  Logging is disabled for the 'org.mongodb.driver' component
Mar 21, 2024 11:06:17 AM uk.ac.soton.comp2211.Utility.DBUtils isDbConnected
INFO: Connected to the database
Mar 21, 2024 11:06:17 AM uk.ac.soton.comp2211.scene.MainScene initialise
INFO: initialising the menu scene
Mar 21, 2024 11:06:19 AM uk.ac.soton.comp2211.control.LoginController$2 handle
INFO: Loaded signUp.fxml file
Mar 21, 2024 11:06:19 AM uk.ac.soton.comp2211.Utility.DBUtils isDbConnected
INFO: Connected to the database
Mar 21, 2024 11:06:21 AM uk.ac.soton.comp2211.control.SignUpController$2 handle
INFO: Loaded login-page.fxml file
Mar 21, 2024 11:06:21 AM uk.ac.soton.comp2211.Utility.DBUtils isDbConnected
INFO: Connected to the database
Mar 21, 2024 11:06:25 AM uk.ac.soton.comp2211.Utility.DBUtils logInUser
INFO: User exists
Mar 21, 2024 11:06:25 AM org.springframework.security.crypto.bcrypt.BCryptPasswordEncoder matches
WARNING: Encoded password does not look like BCrypt
Mar 21, 2024 11:06:25 AM uk.ac.soton.comp2211.Utility.DBUtils logInUser
WARNING: Password is incorrect
Mar 21, 2024 11:06:46 AM uk.ac.soton.comp2211.Utility.DBUtils logInUser
INFO: User exists
Mar 21, 2024 11:06:46 AM org.springframework.security.crypto.bcrypt.BCryptPasswordEncoder matches
WARNING: Encoded password does not look like BCrypt
Mar 21, 2024 11:06:46 AM uk.ac.soton.comp2211.Utility.DBUtils logInUser
WARNING: Password is incorrect
Mar 21, 2024 11:06:51 AM uk.ac.soton.comp2211.control.LoginController$2 handle
INFO: Loaded signUp.fxml file
Mar 21, 2024 11:06:51 AM uk.ac.soton.comp2211.Utility.DBUtils isDbConnected
INFO: Connected to the database
Mar 21, 2024 11:06:59 AM uk.ac.soton.comp2211.model.Database insertUser
INFO: User inserted successfully
Mar 21, 2024 11:06:59 AM uk.ac.soton.comp2211.Utility.DBUtils signUpUser
INFO: User registered successfully
Mar 21, 2024 11:06:59 AM uk.ac.soton.comp2211.Utility.DBUtils isDbConnected
INFO: Connected to the database
Mar 21, 2024 11:07:04 AM uk.ac.soton.comp2211.Utility.DBUtils logInUser
INFO: User exists
Mar 21, 2024 11:07:04 AM uk.ac.soton.comp2211.UI.AppWindow startTool
INFO: Starting the tool
Mar 21, 2024 11:07:04 AM uk.ac.soton.comp2211.UI.AppWindow cleanup
INFO: Clearing up previous scene
Mar 21, 2024 11:07:04 AM uk.ac.soton.comp2211.scene.MainScene build
INFO: Building uk.ac.soton.comp2211.scene.MainScene
Mar 21, 2024 11:07:04 AM uk.ac.soton.comp2211.Utility.DBUtils isDbConnected
INFO: Connected to the database
Mar 21, 2024 11:07:04 AM uk.ac.soton.comp2211.scene.MainScene initialise
INFO: initialising the menu scene
Mar 21, 2024 11:07:04 AM uk.ac.soton.comp2211.scene.MainScene build
INFO: Building uk.ac.soton.comp2211.scene.MainScene
Mar 21, 2024 11:07:04 AM uk.ac.soton.comp2211.Utility.DBUtils logInUser
INFO: Password is correct
Mar 21, 2024 11:07:04 AM uk.ac.soton.comp2211.scene.MainScene initialise
INFO: initialising the menu scene
Mar 21, 2024 11:07:11 AM uk.ac.soton.comp2211.scene.MainScene selectAirport
INFO: Airport Selected
Mar 21, 2024 11:07:16 AM uk.ac.soton.comp2211.scene.MainScene selectAirport
INFO: Airport Selected
Mar 21, 2024 11:07:22 AM uk.ac.soton.comp2211.scene.MainScene selectAirport
INFO: Airport Selected
Mar 21, 2024 11:07:38 AM uk.ac.soton.comp2211.Utility.DBUtils isDbConnected
INFO: Connected to the database
Mar 21, 2024 11:07:41 AM uk.ac.soton.comp2211.App shutdown
INFO: Application shutting down.
