Mar 22, 2024 10:00:48 AM uk.ac.soton.comp2211.App main
INFO: Application started.
Mar 22, 2024 10:00:48 AM com.sun.javafx.application.PlatformImpl startup
WARNING: Unsupported JavaFX configuration: classes were loaded from 'unnamed module @110bd658'
Mar 22, 2024 10:00:48 AM uk.ac.soton.comp2211.App openApp
INFO: Opening login page
Mar 22, 2024 10:00:48 AM uk.ac.soton.comp2211.UI.AppWindow startTool
INFO: Starting the tool
Mar 22, 2024 10:00:48 AM uk.ac.soton.comp2211.UI.AppWindow cleanup
INFO: Clearing up previous scene
Mar 22, 2024 10:00:48 AM uk.ac.soton.comp2211.scene.MainScene build
INFO: Building uk.ac.soton.comp2211.scene.MainScene
Mar 22, 2024 10:00:49 AM com.mongodb.internal.diagnostics.logging.Loggers shouldUseSLF4J
WARNING: SLF4J not found on the classpath.  Logging is disabled for the 'org.mongodb.driver' component
Mar 22, 2024 10:00:49 AM uk.ac.soton.comp2211.Utility.DBUtils isDbConnected
INFO: Connected to the database
Mar 22, 2024 10:00:49 AM uk.ac.soton.comp2211.scene.MainScene initialise
INFO: initialising the menu scene
Mar 22, 2024 10:01:01 AM uk.ac.soton.comp2211.Utility.DBUtils isDbConnected
INFO: Connected to the database
Mar 22, 2024 10:01:02 AM uk.ac.soton.comp2211.Utility.DBUtils isDbConnected
INFO: Connected to the database
Mar 22, 2024 10:01:03 AM uk.ac.soton.comp2211.Utility.DBUtils isDbConnected
INFO: Connected to the database
Mar 22, 2024 10:01:30 AM uk.ac.soton.comp2211.model.Database insertUser
INFO: User inserted successfully
Mar 22, 2024 10:01:30 AM uk.ac.soton.comp2211.control.SignUpController signUpUser
INFO: User registered successfully
Mar 22, 2024 10:01:30 AM uk.ac.soton.comp2211.Utility.DBUtils isDbConnected
INFO: Connected to the database
Mar 22, 2024 10:01:52 AM uk.ac.soton.comp2211.control.LoginController performLogin
INFO: User exists
Mar 22, 2024 10:01:52 AM uk.ac.soton.comp2211.model.Database checkPassword
INFO: Checking password for user: admin103
Mar 22, 2024 10:01:59 AM uk.ac.soton.comp2211.control.LoginController performLogin
INFO: User exists
Mar 22, 2024 10:01:59 AM uk.ac.soton.comp2211.model.Database checkPassword
INFO: Checking password for user: admin103
Mar 22, 2024 10:01:59 AM uk.ac.soton.comp2211.control.LoginController performLogin
INFO: Password is correct
Mar 22, 2024 10:01:59 AM uk.ac.soton.comp2211.control.LoginController performLogin
INFO: User admin103 logged in successfully
Mar 22, 2024 10:01:59 AM uk.ac.soton.comp2211.UI.AppWindow startTool
INFO: Starting the tool
Mar 22, 2024 10:01:59 AM uk.ac.soton.comp2211.UI.AppWindow cleanup
INFO: Clearing up previous scene
Mar 22, 2024 10:01:59 AM uk.ac.soton.comp2211.scene.MainScene build
INFO: Building uk.ac.soton.comp2211.scene.MainScene
Mar 22, 2024 10:01:59 AM uk.ac.soton.comp2211.Utility.DBUtils isDbConnected
INFO: Connected to the database
Mar 22, 2024 10:01:59 AM uk.ac.soton.comp2211.scene.MainScene initialise
INFO: initialising the menu scene
Mar 22, 2024 10:01:59 AM uk.ac.soton.comp2211.scene.MainScene build
INFO: Building uk.ac.soton.comp2211.scene.MainScene
Mar 22, 2024 10:02:00 AM uk.ac.soton.comp2211.scene.MainScene initialise
INFO: initialising the menu scene
Mar 22, 2024 10:02:03 AM uk.ac.soton.comp2211.Utility.DBUtils isDbConnected
INFO: Connected to the database
Mar 22, 2024 10:02:15 AM uk.ac.soton.comp2211.control.LoginController performLogin
INFO: User exists
Mar 22, 2024 10:02:15 AM uk.ac.soton.comp2211.model.Database checkPassword
INFO: Checking password for user: admin103
Mar 22, 2024 10:02:15 AM uk.ac.soton.comp2211.control.LoginController performLogin
INFO: Password is correct
Mar 22, 2024 10:02:15 AM uk.ac.soton.comp2211.control.LoginController performLogin
INFO: User admin103 logged in successfully
Mar 22, 2024 10:02:15 AM uk.ac.soton.comp2211.UI.AppWindow startTool
INFO: Starting the tool
Mar 22, 2024 10:02:15 AM uk.ac.soton.comp2211.UI.AppWindow cleanup
INFO: Clearing up previous scene
Mar 22, 2024 10:02:15 AM uk.ac.soton.comp2211.scene.MainScene build
INFO: Building uk.ac.soton.comp2211.scene.MainScene
Mar 22, 2024 10:02:15 AM uk.ac.soton.comp2211.Utility.DBUtils isDbConnected
INFO: Connected to the database
Mar 22, 2024 10:02:15 AM uk.ac.soton.comp2211.scene.MainScene initialise
INFO: initialising the menu scene
Mar 22, 2024 10:02:15 AM uk.ac.soton.comp2211.scene.MainScene build
INFO: Building uk.ac.soton.comp2211.scene.MainScene
Mar 22, 2024 10:02:15 AM uk.ac.soton.comp2211.scene.MainScene initialise
INFO: initialising the menu scene
Mar 22, 2024 10:02:19 AM uk.ac.soton.comp2211.Utility.DBUtils isDbConnected
INFO: Connected to the database
Mar 22, 2024 10:02:21 AM uk.ac.soton.comp2211.App shutdown
INFO: Application shutting down.
