Apr 20, 2024 2:19:20 PM uk.ac.soton.comp2211.App main
INFO: Application started.
Apr 20, 2024 2:19:20 PM uk.ac.soton.comp2211.App openApp
INFO: Opening login page
Apr 20, 2024 2:19:20 PM uk.ac.soton.comp2211.UI.AppWindow startTool
INFO: Starting the tool
Apr 20, 2024 2:19:20 PM uk.ac.soton.comp2211.scene.MainScene initialise
INFO: initialising the menu scene
Apr 20, 2024 2:19:20 PM uk.ac.soton.comp2211.UI.AppWindow cleanup
INFO: Clearing up previous scene
Apr 20, 2024 2:19:20 PM uk.ac.soton.comp2211.scene.MainScene build
INFO: Building uk.ac.soton.comp2211.scene.MainScene
Apr 20, 2024 2:19:20 PM com.mongodb.internal.diagnostics.logging.Loggers shouldUseSLF4J
WARNING: SLF4J not found on the classpath.  Logging is disabled for the 'org.mongodb.driver' component
Apr 20, 2024 2:19:43 PM uk.ac.soton.comp2211.utility.DBUtils isDbConnected
WARNING: Failed to connect to the database
Apr 20, 2024 2:19:43 PM uk.ac.soton.comp2211.scene.MainScene initialise
INFO: initialising the menu scene
Apr 20, 2024 5:24:24 PM uk.ac.soton.comp2211.model.Database userExists
WARNING: Error: Checking user existence: Cannot invoke "com.mongodb.client.MongoClient.getDatabase(String)" because "uk.ac.soton.comp2211.model.Database.mongoClient" is null
Apr 20, 2024 5:24:35 PM uk.ac.soton.comp2211.model.Database userExists
WARNING: Error: Checking user existence: Cannot invoke "com.mongodb.client.MongoClient.getDatabase(String)" because "uk.ac.soton.comp2211.model.Database.mongoClient" is null
Apr 20, 2024 5:24:38 PM uk.ac.soton.comp2211.App shutdown
INFO: Application shutting down.
