Apr 17, 2024 7:22:59 PM uk.ac.soton.comp2211.App main
INFO: Application started.
Apr 17, 2024 7:22:59 PM uk.ac.soton.comp2211.App openApp
INFO: Opening login page
Apr 17, 2024 7:22:59 PM uk.ac.soton.comp2211.UI.AppWindow startTool
INFO: Starting the tool
Apr 17, 2024 7:22:59 PM uk.ac.soton.comp2211.scene.MainScene initialise
INFO: initialising the menu scene
Apr 17, 2024 7:22:59 PM uk.ac.soton.comp2211.UI.AppWindow cleanup
INFO: Clearing up previous scene
Apr 17, 2024 7:22:59 PM uk.ac.soton.comp2211.scene.MainScene build
INFO: Building uk.ac.soton.comp2211.scene.MainScene
Apr 17, 2024 7:23:00 PM com.mongodb.internal.diagnostics.logging.Loggers shouldUseSLF4J
WARNING: SLF4J not found on the classpath.  Logging is disabled for the 'org.mongodb.driver' component
Apr 17, 2024 7:23:00 PM uk.ac.soton.comp2211.utility.DBUtils isDbConnected
INFO: Connected to the database
Apr 17, 2024 7:23:00 PM uk.ac.soton.comp2211.scene.MainScene initialise
INFO: initialising the menu scene
Apr 17, 2024 7:23:08 PM uk.ac.soton.comp2211.control.LoginController performLogin
INFO: User exists
Apr 17, 2024 7:23:08 PM uk.ac.soton.comp2211.model.Database checkPassword
INFO: Checking password for user: admin
Apr 17, 2024 7:23:08 PM uk.ac.soton.comp2211.model.Database checkPassword
INFO: Password is correct
Apr 17, 2024 7:23:09 PM uk.ac.soton.comp2211.control.LoginController performLogin
INFO: Password is correct
Apr 17, 2024 7:23:09 PM uk.ac.soton.comp2211.control.LoginController performLogin
INFO: User admin logged in successfully
Apr 17, 2024 7:23:09 PM uk.ac.soton.comp2211.UI.AppWindow startTool
INFO: Starting the tool
Apr 17, 2024 7:23:09 PM uk.ac.soton.comp2211.scene.MainScene initialise
INFO: initialising the menu scene
Apr 17, 2024 7:23:09 PM uk.ac.soton.comp2211.UI.AppWindow cleanup
INFO: Clearing up previous scene
Apr 17, 2024 7:23:09 PM uk.ac.soton.comp2211.scene.MainScene build
INFO: Building uk.ac.soton.comp2211.scene.MainScene
Apr 17, 2024 7:23:09 PM uk.ac.soton.comp2211.utility.DBUtils isDbConnected
INFO: Connected to the database
Apr 17, 2024 7:23:09 PM uk.ac.soton.comp2211.scene.MainScene initialise
INFO: initialising the menu scene
Apr 17, 2024 7:23:09 PM uk.ac.soton.comp2211.scene.MainScene initialise
INFO: initialising the menu scene
Apr 17, 2024 7:23:09 PM uk.ac.soton.comp2211.scene.MainScene build
INFO: Building uk.ac.soton.comp2211.scene.MainScene
Apr 17, 2024 7:23:09 PM uk.ac.soton.comp2211.scene.MainScene initialise
INFO: initialising the menu scene
Apr 17, 2024 7:23:17 PM uk.ac.soton.comp2211.scene.MainScene selectAirport
INFO: Airport Selected
Apr 17, 2024 7:23:18 PM uk.ac.soton.comp2211.scene.MainScene selectRunway
INFO: Runway Selected
Apr 17, 2024 7:23:22 PM uk.ac.soton.comp2211.scene.MainScene lambda$build$3
INFO: Recalculate button pressed
Apr 17, 2024 7:23:22 PM uk.ac.soton.comp2211.scene.MainScene recalculate
INFO: Recalculating
Apr 17, 2024 7:23:22 PM uk.ac.soton.comp2211.model.Calculation calculateTakeOffAwayLandingOver
INFO: Calculating for Landing Over and Take-Off Away
Apr 17, 2024 7:23:22 PM uk.ac.soton.comp2211.model.Calculation calcLandingOver
INFO: Calculating LDA for Landing Over
Apr 17, 2024 7:23:22 PM uk.ac.soton.comp2211.model.Calculation calcTOAway
INFO: Calculating TORA, TODA and ASDA for Take-Off Away
Apr 17, 2024 7:23:27 PM uk.ac.soton.comp2211.scene.MainScene selectRunway
INFO: Runway Selected
Apr 17, 2024 7:23:29 PM uk.ac.soton.comp2211.scene.MainScene lambda$build$3
INFO: Recalculate button pressed
Apr 17, 2024 7:23:29 PM uk.ac.soton.comp2211.scene.MainScene recalculate
INFO: Recalculating
Apr 17, 2024 7:23:29 PM uk.ac.soton.comp2211.model.Calculation calculateTakeOffAwayLandingOver
INFO: Calculating for Landing Over and Take-Off Away
Apr 17, 2024 7:23:29 PM uk.ac.soton.comp2211.model.Calculation calcLandingOver
INFO: Calculating LDA for Landing Over
Apr 17, 2024 7:23:29 PM uk.ac.soton.comp2211.model.Calculation calcTOAway
INFO: Calculating TORA, TODA and ASDA for Take-Off Away
Apr 17, 2024 7:23:57 PM uk.ac.soton.comp2211.scene.MainScene lambda$build$3
INFO: Recalculate button pressed
Apr 17, 2024 7:23:57 PM uk.ac.soton.comp2211.scene.MainScene recalculate
INFO: Recalculating
Apr 17, 2024 7:23:57 PM uk.ac.soton.comp2211.model.Calculation calculateTakeOffAwayLandingOver
INFO: Calculating for Landing Over and Take-Off Away
Apr 17, 2024 7:23:57 PM uk.ac.soton.comp2211.model.Calculation calcLandingOver
INFO: Calculating LDA for Landing Over
Apr 17, 2024 7:23:57 PM uk.ac.soton.comp2211.model.Calculation calcTOAway
INFO: Calculating TORA, TODA and ASDA for Take-Off Away
Apr 17, 2024 7:23:59 PM uk.ac.soton.comp2211.scene.MainScene selectRunway
INFO: Runway Selected
Apr 17, 2024 7:24:00 PM uk.ac.soton.comp2211.scene.MainScene lambda$build$3
INFO: Recalculate button pressed
Apr 17, 2024 7:24:00 PM uk.ac.soton.comp2211.scene.MainScene recalculate
INFO: Recalculating
Apr 17, 2024 7:24:00 PM uk.ac.soton.comp2211.model.Calculation calculateTakeOffAwayLandingOver
INFO: Calculating for Landing Over and Take-Off Away
Apr 17, 2024 7:24:00 PM uk.ac.soton.comp2211.model.Calculation calcLandingOver
INFO: Calculating LDA for Landing Over
Apr 17, 2024 7:24:00 PM uk.ac.soton.comp2211.model.Calculation calcTOAway
INFO: Calculating TORA, TODA and ASDA for Take-Off Away
