Mar 22, 2024 10:45:57 AM uk.ac.soton.comp2211.App main
INFO: Application started.
Mar 22, 2024 10:45:57 AM uk.ac.soton.comp2211.App openApp
INFO: Opening login page
Mar 22, 2024 10:45:57 AM uk.ac.soton.comp2211.UI.AppWindow startTool
INFO: Starting the tool
Mar 22, 2024 10:45:57 AM uk.ac.soton.comp2211.UI.AppWindow cleanup
INFO: Clearing up previous scene
Mar 22, 2024 10:45:57 AM uk.ac.soton.comp2211.scene.MainScene build
INFO: Building uk.ac.soton.comp2211.scene.MainScene
Mar 22, 2024 10:45:58 AM com.mongodb.internal.diagnostics.logging.Loggers shouldUseSLF4J
WARNING: SLF4J not found on the classpath.  Logging is disabled for the 'org.mongodb.driver' component
Mar 22, 2024 10:45:58 AM uk.ac.soton.comp2211.Utility.DBUtils isDbConnected
INFO: Connected to the database
Mar 22, 2024 10:45:58 AM uk.ac.soton.comp2211.scene.MainScene initialise
INFO: initialising the menu scene
Mar 22, 2024 10:46:00 AM uk.ac.soton.comp2211.control.LoginController$2 handle
INFO: Loaded signUp.fxml file
Mar 22, 2024 10:46:00 AM uk.ac.soton.comp2211.Utility.DBUtils isDbConnected
INFO: Connected to the database
Mar 22, 2024 10:46:04 AM uk.ac.soton.comp2211.control.SignUpController$2 handle
INFO: Loaded login-page.fxml file
Mar 22, 2024 10:46:04 AM uk.ac.soton.comp2211.Utility.DBUtils isDbConnected
INFO: Connected to the database
Mar 22, 2024 10:46:05 AM uk.ac.soton.comp2211.App shutdown
INFO: Application shutting down.
