Apr 14, 2024 7:06:24 PM uk.ac.soton.comp2211.App main
INFO: Application started.
Apr 14, 2024 7:06:24 PM uk.ac.soton.comp2211.App openApp
INFO: Opening login page
Apr 14, 2024 7:06:24 PM uk.ac.soton.comp2211.UI.AppWindow startTool
INFO: Starting the tool
Apr 14, 2024 7:06:24 PM uk.ac.soton.comp2211.UI.AppWindow cleanup
INFO: Clearing up previous scene
Apr 14, 2024 7:06:24 PM uk.ac.soton.comp2211.scene.MainScene build
INFO: Building uk.ac.soton.comp2211.scene.MainScene
Apr 14, 2024 7:06:25 PM com.mongodb.internal.diagnostics.logging.Loggers shouldUseSLF4J
WARNING: SLF4J not found on the classpath.  Logging is disabled for the 'org.mongodb.driver' component
Apr 14, 2024 7:06:25 PM uk.ac.soton.comp2211.utility.DBUtils isDbConnected
INFO: Connected to the database
Apr 14, 2024 7:06:25 PM uk.ac.soton.comp2211.scene.MainScene initialise
INFO: initialising the menu scene
Apr 14, 2024 7:06:33 PM uk.ac.soton.comp2211.control.LoginController performLogin
INFO: User exists
Apr 14, 2024 7:06:33 PM uk.ac.soton.comp2211.model.Database checkPassword
INFO: Checking password for user: admin
Apr 14, 2024 7:06:33 PM uk.ac.soton.comp2211.model.Database checkPassword
INFO: Password is correct
Apr 14, 2024 7:06:33 PM uk.ac.soton.comp2211.control.LoginController performLogin
INFO: Password is correct
Apr 14, 2024 7:06:33 PM uk.ac.soton.comp2211.control.LoginController performLogin
INFO: User admin logged in successfully
Apr 14, 2024 7:06:33 PM uk.ac.soton.comp2211.UI.AppWindow startTool
INFO: Starting the tool
Apr 14, 2024 7:06:33 PM uk.ac.soton.comp2211.UI.AppWindow cleanup
INFO: Clearing up previous scene
Apr 14, 2024 7:06:33 PM uk.ac.soton.comp2211.scene.MainScene build
INFO: Building uk.ac.soton.comp2211.scene.MainScene
Apr 14, 2024 7:06:34 PM uk.ac.soton.comp2211.utility.DBUtils isDbConnected
INFO: Connected to the database
Apr 14, 2024 7:06:34 PM uk.ac.soton.comp2211.scene.MainScene initialise
INFO: initialising the menu scene
Apr 14, 2024 7:06:34 PM uk.ac.soton.comp2211.scene.MainScene build
INFO: Building uk.ac.soton.comp2211.scene.MainScene
Apr 14, 2024 7:06:34 PM uk.ac.soton.comp2211.scene.MainScene initialise
INFO: initialising the menu scene
Apr 14, 2024 7:06:46 PM uk.ac.soton.comp2211.scene.MainScene selectAirport
INFO: Airport Selected
Apr 14, 2024 7:06:49 PM uk.ac.soton.comp2211.scene.MainScene selectRunway
INFO: Runway Selected
Apr 14, 2024 7:06:51 PM uk.ac.soton.comp2211.scene.MainScene selectRunway
INFO: Runway Selected
Apr 14, 2024 7:06:55 PM uk.ac.soton.comp2211.scene.MainScene selectAirport
INFO: Airport Selected
Apr 14, 2024 7:06:55 PM uk.ac.soton.comp2211.scene.MainScene selectRunway
INFO: Runway Selected
Apr 14, 2024 7:06:57 PM uk.ac.soton.comp2211.scene.MainScene selectAirport
INFO: Airport Selected
Apr 14, 2024 7:07:00 PM uk.ac.soton.comp2211.utility.DBUtils isDbConnected
INFO: Connected to the database
Apr 14, 2024 7:07:07 PM uk.ac.soton.comp2211.control.LoginController performLogin
INFO: User exists
Apr 14, 2024 7:07:07 PM uk.ac.soton.comp2211.model.Database checkPassword
INFO: Checking password for user: admin
Apr 14, 2024 7:07:07 PM uk.ac.soton.comp2211.model.Database checkPassword
INFO: Password is correct
Apr 14, 2024 7:07:07 PM uk.ac.soton.comp2211.control.LoginController performLogin
INFO: Password is correct
Apr 14, 2024 7:07:07 PM uk.ac.soton.comp2211.control.LoginController performLogin
INFO: User admin logged in successfully
Apr 14, 2024 7:07:07 PM uk.ac.soton.comp2211.UI.AppWindow startTool
INFO: Starting the tool
Apr 14, 2024 7:07:07 PM uk.ac.soton.comp2211.UI.AppWindow cleanup
INFO: Clearing up previous scene
Apr 14, 2024 7:07:07 PM uk.ac.soton.comp2211.scene.MainScene build
INFO: Building uk.ac.soton.comp2211.scene.MainScene
Apr 14, 2024 7:07:07 PM uk.ac.soton.comp2211.utility.DBUtils isDbConnected
INFO: Connected to the database
Apr 14, 2024 7:07:07 PM uk.ac.soton.comp2211.scene.MainScene initialise
INFO: initialising the menu scene
Apr 14, 2024 7:07:07 PM uk.ac.soton.comp2211.scene.MainScene build
INFO: Building uk.ac.soton.comp2211.scene.MainScene
Apr 14, 2024 7:07:07 PM uk.ac.soton.comp2211.scene.MainScene initialise
INFO: initialising the menu scene
Apr 14, 2024 7:07:10 PM uk.ac.soton.comp2211.scene.MainScene selectAirport
INFO: Airport Selected
Apr 14, 2024 7:07:15 PM uk.ac.soton.comp2211.scene.MainScene lambda$build$4
INFO: Boeing Button Pressed
Apr 14, 2024 7:07:23 PM uk.ac.soton.comp2211.scene.MainScene lambda$build$3
INFO: Recalculate button pressed
Apr 14, 2024 7:07:27 PM uk.ac.soton.comp2211.scene.MainScene selectRunway
INFO: Runway Selected
Apr 14, 2024 7:07:29 PM uk.ac.soton.comp2211.scene.MainScene lambda$build$3
INFO: Recalculate button pressed
Apr 14, 2024 7:07:29 PM uk.ac.soton.comp2211.scene.MainScene recalculate
INFO: Recalculating
Apr 14, 2024 7:07:29 PM uk.ac.soton.comp2211.model.Calculation calculateTakeOffAwayLandingOver
INFO: Calculating for Landing Over and Take-Off Away
Apr 14, 2024 7:07:29 PM uk.ac.soton.comp2211.model.Calculation calcLandingOver
INFO: Calculating LDA for Landing Over
Apr 14, 2024 7:07:29 PM uk.ac.soton.comp2211.model.Calculation calcTOAway
INFO: Calculating TORA, TODA and ASDA for Take-Off Away
Apr 14, 2024 7:07:58 PM uk.ac.soton.comp2211.scene.MainScene selectAirport
INFO: Airport Selected
Apr 14, 2024 7:07:58 PM uk.ac.soton.comp2211.scene.MainScene selectRunway
INFO: Runway Selected
Apr 14, 2024 7:08:10 PM uk.ac.soton.comp2211.scene.MainScene selectAirport
INFO: Airport Selected
Apr 14, 2024 7:08:12 PM uk.ac.soton.comp2211.scene.MainScene selectRunway
INFO: Runway Selected
Apr 14, 2024 7:08:59 PM uk.ac.soton.comp2211.scene.MainScene lambda$build$4
INFO: Boeing Button Pressed
Apr 14, 2024 7:10:47 PM uk.ac.soton.comp2211.scene.MainScene lambda$build$3
INFO: Recalculate button pressed
Apr 14, 2024 7:10:47 PM uk.ac.soton.comp2211.scene.MainScene recalculate
INFO: Recalculating
Apr 14, 2024 7:10:47 PM uk.ac.soton.comp2211.model.Calculation calculateTakeOffAwayLandingOver
INFO: Calculating for Landing Over and Take-Off Away
Apr 14, 2024 7:10:47 PM uk.ac.soton.comp2211.model.Calculation calcLandingOver
INFO: Calculating LDA for Landing Over
Apr 14, 2024 7:10:47 PM uk.ac.soton.comp2211.model.Calculation calcTOAway
INFO: Calculating TORA, TODA and ASDA for Take-Off Away
Apr 14, 2024 7:12:33 PM uk.ac.soton.comp2211.scene.MainScene lambda$build$4
INFO: Boeing Button Pressed
Apr 14, 2024 7:12:55 PM uk.ac.soton.comp2211.scene.MainScene lambda$build$3
INFO: Recalculate button pressed
Apr 14, 2024 7:12:55 PM uk.ac.soton.comp2211.scene.MainScene recalculate
INFO: Recalculating
Apr 14, 2024 7:12:55 PM uk.ac.soton.comp2211.model.Calculation calculateTakeOffAwayLandingOver
INFO: Calculating for Landing Over and Take-Off Away
Apr 14, 2024 7:12:55 PM uk.ac.soton.comp2211.model.Calculation calcLandingOver
INFO: Calculating LDA for Landing Over
Apr 14, 2024 7:12:55 PM uk.ac.soton.comp2211.model.Calculation calcTOAway
INFO: Calculating TORA, TODA and ASDA for Take-Off Away
Apr 14, 2024 7:12:59 PM uk.ac.soton.comp2211.scene.MainScene lambda$build$3
INFO: Recalculate button pressed
Apr 14, 2024 7:12:59 PM uk.ac.soton.comp2211.scene.MainScene recalculate
INFO: Recalculating
Apr 14, 2024 7:12:59 PM uk.ac.soton.comp2211.model.Calculation calculateTakeOffAwayLandingOver
INFO: Calculating for Landing Over and Take-Off Away
Apr 14, 2024 7:12:59 PM uk.ac.soton.comp2211.model.Calculation calcLandingOver
INFO: Calculating LDA for Landing Over
Apr 14, 2024 7:12:59 PM uk.ac.soton.comp2211.model.Calculation calcTOAway
INFO: Calculating TORA, TODA and ASDA for Take-Off Away
Apr 14, 2024 7:12:59 PM uk.ac.soton.comp2211.scene.MainScene lambda$build$3
INFO: Recalculate button pressed
Apr 14, 2024 7:12:59 PM uk.ac.soton.comp2211.scene.MainScene recalculate
INFO: Recalculating
Apr 14, 2024 7:12:59 PM uk.ac.soton.comp2211.model.Calculation calculateTakeOffAwayLandingOver
INFO: Calculating for Landing Over and Take-Off Away
Apr 14, 2024 7:12:59 PM uk.ac.soton.comp2211.model.Calculation calcLandingOver
INFO: Calculating LDA for Landing Over
Apr 14, 2024 7:12:59 PM uk.ac.soton.comp2211.model.Calculation calcTOAway
INFO: Calculating TORA, TODA and ASDA for Take-Off Away
Apr 14, 2024 7:13:00 PM uk.ac.soton.comp2211.scene.MainScene lambda$build$3
INFO: Recalculate button pressed
Apr 14, 2024 7:13:00 PM uk.ac.soton.comp2211.scene.MainScene recalculate
INFO: Recalculating
Apr 14, 2024 7:13:00 PM uk.ac.soton.comp2211.model.Calculation calculateTakeOffAwayLandingOver
INFO: Calculating for Landing Over and Take-Off Away
Apr 14, 2024 7:13:00 PM uk.ac.soton.comp2211.model.Calculation calcLandingOver
INFO: Calculating LDA for Landing Over
Apr 14, 2024 7:13:00 PM uk.ac.soton.comp2211.model.Calculation calcTOAway
INFO: Calculating TORA, TODA and ASDA for Take-Off Away
Apr 14, 2024 7:13:00 PM uk.ac.soton.comp2211.scene.MainScene lambda$build$3
INFO: Recalculate button pressed
Apr 14, 2024 7:13:00 PM uk.ac.soton.comp2211.scene.MainScene recalculate
INFO: Recalculating
Apr 14, 2024 7:13:00 PM uk.ac.soton.comp2211.model.Calculation calculateTakeOffAwayLandingOver
INFO: Calculating for Landing Over and Take-Off Away
Apr 14, 2024 7:13:00 PM uk.ac.soton.comp2211.model.Calculation calcLandingOver
INFO: Calculating LDA for Landing Over
Apr 14, 2024 7:13:00 PM uk.ac.soton.comp2211.model.Calculation calcTOAway
INFO: Calculating TORA, TODA and ASDA for Take-Off Away
Apr 14, 2024 7:13:06 PM uk.ac.soton.comp2211.scene.MainScene selectAirport
INFO: Airport Selected
Apr 14, 2024 7:13:06 PM uk.ac.soton.comp2211.scene.MainScene selectRunway
INFO: Runway Selected
Apr 14, 2024 7:13:09 PM uk.ac.soton.comp2211.scene.MainScene selectAirport
INFO: Airport Selected
Apr 14, 2024 7:13:12 PM uk.ac.soton.comp2211.scene.MainScene selectRunway
INFO: Runway Selected
Apr 14, 2024 7:13:15 PM uk.ac.soton.comp2211.scene.MainScene lambda$build$4
INFO: Boeing Button Pressed
Apr 14, 2024 7:13:22 PM uk.ac.soton.comp2211.scene.MainScene lambda$build$3
INFO: Recalculate button pressed
Apr 14, 2024 7:13:22 PM uk.ac.soton.comp2211.scene.MainScene recalculate
INFO: Recalculating
Apr 14, 2024 7:13:22 PM uk.ac.soton.comp2211.model.Calculation calculateTakeOffAwayLandingOver
INFO: Calculating for Landing Over and Take-Off Away
Apr 14, 2024 7:13:22 PM uk.ac.soton.comp2211.model.Calculation calcLandingOver
INFO: Calculating LDA for Landing Over
Apr 14, 2024 7:13:22 PM uk.ac.soton.comp2211.model.Calculation calcTOAway
INFO: Calculating TORA, TODA and ASDA for Take-Off Away
Apr 14, 2024 7:13:25 PM uk.ac.soton.comp2211.scene.MainScene lambda$build$5
INFO: Airbus Button Pressed
Apr 14, 2024 7:13:34 PM uk.ac.soton.comp2211.scene.MainScene lambda$build$3
INFO: Recalculate button pressed
Apr 14, 2024 7:13:34 PM uk.ac.soton.comp2211.scene.MainScene recalculate
INFO: Recalculating
Apr 14, 2024 7:13:34 PM uk.ac.soton.comp2211.model.Calculation calculateTakeOffAwayLandingOver
INFO: Calculating for Landing Over and Take-Off Away
Apr 14, 2024 7:13:34 PM uk.ac.soton.comp2211.model.Calculation calcLandingOver
INFO: Calculating LDA for Landing Over
Apr 14, 2024 7:13:34 PM uk.ac.soton.comp2211.model.Calculation calcTOAway
INFO: Calculating TORA, TODA and ASDA for Take-Off Away
