Apr 19, 2024 8:26:15 PM uk.ac.soton.comp2211.App main
INFO: Application started.
Apr 19, 2024 8:26:15 PM uk.ac.soton.comp2211.App openApp
INFO: Opening login page
Apr 19, 2024 8:26:15 PM uk.ac.soton.comp2211.UI.AppWindow startTool
INFO: Starting the tool
Apr 19, 2024 8:26:15 PM uk.ac.soton.comp2211.scene.MainScene initialise
INFO: initialising the menu scene
Apr 19, 2024 8:26:15 PM uk.ac.soton.comp2211.scene.MainScene loadAirports
INFO: Starting to load airports from XML
Apr 19, 2024 8:26:15 PM uk.ac.soton.comp2211.scene.MainScene loadAirports
INFO: Found 2 airports in XML file
Apr 19, 2024 8:26:15 PM uk.ac.soton.comp2211.scene.MainScene loadAirports
INFO: Processing airport: Heathrow
Apr 19, 2024 8:26:15 PM uk.ac.soton.comp2211.scene.MainScene loadAirports
INFO: Added runway: 09L
Apr 19, 2024 8:26:15 PM uk.ac.soton.comp2211.scene.MainScene loadAirports
INFO: Added runway: 27R
Apr 19, 2024 8:26:15 PM uk.ac.soton.comp2211.scene.MainScene loadAirports
INFO: Added runway: 09R
Apr 19, 2024 8:26:15 PM uk.ac.soton.comp2211.scene.MainScene loadAirports
INFO: Added runway: 27L
Apr 19, 2024 8:26:15 PM uk.ac.soton.comp2211.scene.MainScene loadAirports
INFO: Processing airport: Gatwick
Apr 19, 2024 8:26:15 PM uk.ac.soton.comp2211.scene.MainScene loadAirports
INFO: Added runway: 08L
Apr 19, 2024 8:26:15 PM uk.ac.soton.comp2211.scene.MainScene loadAirports
INFO: Added runway: 26R
Apr 19, 2024 8:26:15 PM uk.ac.soton.comp2211.UI.AppWindow cleanup
INFO: Clearing up previous scene
Apr 19, 2024 8:26:15 PM uk.ac.soton.comp2211.scene.MainScene build
INFO: Building uk.ac.soton.comp2211.scene.MainScene
Apr 19, 2024 8:26:16 PM com.mongodb.internal.diagnostics.logging.Loggers shouldUseSLF4J
WARNING: SLF4J not found on the classpath.  Logging is disabled for the 'org.mongodb.driver' component
Apr 19, 2024 8:26:16 PM uk.ac.soton.comp2211.utility.DBUtils isDbConnected
INFO: Connected to the database
Apr 19, 2024 8:26:16 PM uk.ac.soton.comp2211.scene.MainScene lambda$loadAirports$7
INFO: Airports loaded into ComboBox
Apr 19, 2024 8:26:16 PM uk.ac.soton.comp2211.scene.MainScene initialise
INFO: initialising the menu scene
Apr 19, 2024 8:26:16 PM uk.ac.soton.comp2211.scene.MainScene loadAirports
INFO: Starting to load airports from XML
Apr 19, 2024 8:26:16 PM uk.ac.soton.comp2211.scene.MainScene loadAirports
INFO: Found 2 airports in XML file
Apr 19, 2024 8:26:16 PM uk.ac.soton.comp2211.scene.MainScene loadAirports
INFO: Processing airport: Heathrow
Apr 19, 2024 8:26:16 PM uk.ac.soton.comp2211.scene.MainScene loadAirports
INFO: Added runway: 09L
Apr 19, 2024 8:26:16 PM uk.ac.soton.comp2211.scene.MainScene loadAirports
INFO: Added runway: 27R
Apr 19, 2024 8:26:16 PM uk.ac.soton.comp2211.scene.MainScene loadAirports
INFO: Added runway: 09R
Apr 19, 2024 8:26:16 PM uk.ac.soton.comp2211.scene.MainScene loadAirports
INFO: Added runway: 27L
Apr 19, 2024 8:26:16 PM uk.ac.soton.comp2211.scene.MainScene loadAirports
INFO: Processing airport: Gatwick
Apr 19, 2024 8:26:16 PM uk.ac.soton.comp2211.scene.MainScene loadAirports
INFO: Added runway: 08L
Apr 19, 2024 8:26:16 PM uk.ac.soton.comp2211.scene.MainScene loadAirports
INFO: Added runway: 26R
Apr 19, 2024 8:26:16 PM uk.ac.soton.comp2211.scene.MainScene lambda$loadAirports$7
INFO: Airports loaded into ComboBox
Apr 19, 2024 8:26:26 PM uk.ac.soton.comp2211.control.LoginController performLogin
INFO: User exists
Apr 19, 2024 8:26:26 PM uk.ac.soton.comp2211.model.Database checkPassword
INFO: Checking password for user: admin
Apr 19, 2024 8:26:26 PM uk.ac.soton.comp2211.model.Database checkPassword
INFO: Password is correct
Apr 19, 2024 8:26:26 PM uk.ac.soton.comp2211.control.LoginController performLogin
INFO: Password is correct
Apr 19, 2024 8:26:26 PM uk.ac.soton.comp2211.control.LoginController performLogin
INFO: User admin logged in successfully
Apr 19, 2024 8:26:26 PM uk.ac.soton.comp2211.UI.AppWindow startTool
INFO: Starting the tool
Apr 19, 2024 8:26:26 PM uk.ac.soton.comp2211.scene.MainScene initialise
INFO: initialising the menu scene
Apr 19, 2024 8:26:26 PM uk.ac.soton.comp2211.scene.MainScene loadAirports
INFO: Starting to load airports from XML
Apr 19, 2024 8:26:26 PM uk.ac.soton.comp2211.scene.MainScene loadAirports
INFO: Found 2 airports in XML file
Apr 19, 2024 8:26:26 PM uk.ac.soton.comp2211.scene.MainScene loadAirports
INFO: Processing airport: Heathrow
Apr 19, 2024 8:26:26 PM uk.ac.soton.comp2211.scene.MainScene loadAirports
INFO: Added runway: 09L
Apr 19, 2024 8:26:26 PM uk.ac.soton.comp2211.scene.MainScene loadAirports
INFO: Added runway: 27R
Apr 19, 2024 8:26:26 PM uk.ac.soton.comp2211.scene.MainScene loadAirports
INFO: Added runway: 09R
Apr 19, 2024 8:26:26 PM uk.ac.soton.comp2211.scene.MainScene loadAirports
INFO: Added runway: 27L
Apr 19, 2024 8:26:26 PM uk.ac.soton.comp2211.scene.MainScene loadAirports
INFO: Processing airport: Gatwick
Apr 19, 2024 8:26:26 PM uk.ac.soton.comp2211.scene.MainScene loadAirports
INFO: Added runway: 08L
Apr 19, 2024 8:26:26 PM uk.ac.soton.comp2211.scene.MainScene loadAirports
INFO: Added runway: 26R
Apr 19, 2024 8:26:26 PM uk.ac.soton.comp2211.UI.AppWindow cleanup
INFO: Clearing up previous scene
Apr 19, 2024 8:26:26 PM uk.ac.soton.comp2211.scene.MainScene build
INFO: Building uk.ac.soton.comp2211.scene.MainScene
Apr 19, 2024 8:26:27 PM uk.ac.soton.comp2211.utility.DBUtils isDbConnected
INFO: Connected to the database
Apr 19, 2024 8:26:27 PM uk.ac.soton.comp2211.scene.MainScene initialise
INFO: initialising the menu scene
Apr 19, 2024 8:26:27 PM uk.ac.soton.comp2211.scene.MainScene loadAirports
INFO: Starting to load airports from XML
Apr 19, 2024 8:26:27 PM uk.ac.soton.comp2211.scene.MainScene loadAirports
INFO: Found 2 airports in XML file
Apr 19, 2024 8:26:27 PM uk.ac.soton.comp2211.scene.MainScene loadAirports
INFO: Processing airport: Heathrow
Apr 19, 2024 8:26:27 PM uk.ac.soton.comp2211.scene.MainScene loadAirports
INFO: Added runway: 09L
Apr 19, 2024 8:26:27 PM uk.ac.soton.comp2211.scene.MainScene loadAirports
INFO: Added runway: 27R
Apr 19, 2024 8:26:27 PM uk.ac.soton.comp2211.scene.MainScene loadAirports
INFO: Added runway: 09R
Apr 19, 2024 8:26:27 PM uk.ac.soton.comp2211.scene.MainScene loadAirports
INFO: Added runway: 27L
Apr 19, 2024 8:26:27 PM uk.ac.soton.comp2211.scene.MainScene loadAirports
INFO: Processing airport: Gatwick
Apr 19, 2024 8:26:27 PM uk.ac.soton.comp2211.scene.MainScene loadAirports
INFO: Added runway: 08L
Apr 19, 2024 8:26:27 PM uk.ac.soton.comp2211.scene.MainScene loadAirports
INFO: Added runway: 26R
Apr 19, 2024 8:26:27 PM uk.ac.soton.comp2211.scene.MainScene initialise
INFO: initialising the menu scene
Apr 19, 2024 8:26:27 PM uk.ac.soton.comp2211.scene.MainScene loadAirports
INFO: Starting to load airports from XML
Apr 19, 2024 8:26:27 PM uk.ac.soton.comp2211.scene.MainScene loadAirports
INFO: Found 2 airports in XML file
Apr 19, 2024 8:26:27 PM uk.ac.soton.comp2211.scene.MainScene loadAirports
INFO: Processing airport: Heathrow
Apr 19, 2024 8:26:27 PM uk.ac.soton.comp2211.scene.MainScene loadAirports
INFO: Added runway: 09L
Apr 19, 2024 8:26:27 PM uk.ac.soton.comp2211.scene.MainScene loadAirports
INFO: Added runway: 27R
Apr 19, 2024 8:26:27 PM uk.ac.soton.comp2211.scene.MainScene loadAirports
INFO: Added runway: 09R
Apr 19, 2024 8:26:27 PM uk.ac.soton.comp2211.scene.MainScene loadAirports
INFO: Added runway: 27L
Apr 19, 2024 8:26:27 PM uk.ac.soton.comp2211.scene.MainScene loadAirports
INFO: Processing airport: Gatwick
Apr 19, 2024 8:26:27 PM uk.ac.soton.comp2211.scene.MainScene loadAirports
INFO: Added runway: 08L
Apr 19, 2024 8:26:27 PM uk.ac.soton.comp2211.scene.MainScene loadAirports
INFO: Added runway: 26R
Apr 19, 2024 8:26:27 PM uk.ac.soton.comp2211.scene.MainScene build
INFO: Building uk.ac.soton.comp2211.scene.MainScene
Apr 19, 2024 8:26:27 PM uk.ac.soton.comp2211.scene.MainScene lambda$loadAirports$7
INFO: Airports loaded into ComboBox
Apr 19, 2024 8:26:27 PM uk.ac.soton.comp2211.scene.MainScene initialise
INFO: initialising the menu scene
Apr 19, 2024 8:26:27 PM uk.ac.soton.comp2211.scene.MainScene loadAirports
INFO: Starting to load airports from XML
Apr 19, 2024 8:26:27 PM uk.ac.soton.comp2211.scene.MainScene loadAirports
INFO: Found 2 airports in XML file
Apr 19, 2024 8:26:27 PM uk.ac.soton.comp2211.scene.MainScene loadAirports
INFO: Processing airport: Heathrow
Apr 19, 2024 8:26:27 PM uk.ac.soton.comp2211.scene.MainScene loadAirports
INFO: Added runway: 09L
Apr 19, 2024 8:26:27 PM uk.ac.soton.comp2211.scene.MainScene loadAirports
INFO: Added runway: 27R
Apr 19, 2024 8:26:27 PM uk.ac.soton.comp2211.scene.MainScene loadAirports
INFO: Added runway: 09R
Apr 19, 2024 8:26:27 PM uk.ac.soton.comp2211.scene.MainScene loadAirports
INFO: Added runway: 27L
Apr 19, 2024 8:26:27 PM uk.ac.soton.comp2211.scene.MainScene loadAirports
INFO: Processing airport: Gatwick
Apr 19, 2024 8:26:27 PM uk.ac.soton.comp2211.scene.MainScene loadAirports
INFO: Added runway: 08L
Apr 19, 2024 8:26:27 PM uk.ac.soton.comp2211.scene.MainScene loadAirports
INFO: Added runway: 26R
Apr 19, 2024 8:26:27 PM uk.ac.soton.comp2211.scene.MainScene lambda$loadAirports$7
INFO: Airports loaded into ComboBox
Apr 19, 2024 8:26:27 PM uk.ac.soton.comp2211.scene.MainScene lambda$loadAirports$7
INFO: Airports loaded into ComboBox
Apr 19, 2024 8:26:27 PM uk.ac.soton.comp2211.scene.MainScene lambda$loadAirports$7
INFO: Airports loaded into ComboBox
