Apr 17, 2024 5:15:39 PM uk.ac.soton.comp2211.App main
INFO: Application started.
Apr 17, 2024 5:15:39 PM uk.ac.soton.comp2211.App openApp
INFO: Opening login page
Apr 17, 2024 5:15:39 PM uk.ac.soton.comp2211.UI.AppWindow startTool
INFO: Starting the tool
Apr 17, 2024 5:15:40 PM uk.ac.soton.comp2211.scene.MainScene initialise
INFO: initialising the menu scene
Apr 17, 2024 5:15:40 PM uk.ac.soton.comp2211.UI.AppWindow cleanup
INFO: Clearing up previous scene
Apr 17, 2024 5:15:40 PM uk.ac.soton.comp2211.scene.MainScene build
INFO: Building uk.ac.soton.comp2211.scene.MainScene
Apr 17, 2024 5:15:40 PM com.mongodb.internal.diagnostics.logging.Loggers shouldUseSLF4J
WARNING: SLF4J not found on the classpath.  Logging is disabled for the 'org.mongodb.driver' component
Apr 17, 2024 5:15:40 PM uk.ac.soton.comp2211.utility.DBUtils isDbConnected
INFO: Connected to the database
Apr 17, 2024 5:15:40 PM uk.ac.soton.comp2211.scene.MainScene initialise
INFO: initialising the menu scene
Apr 17, 2024 5:15:52 PM uk.ac.soton.comp2211.control.LoginController performLogin
INFO: User exists
Apr 17, 2024 5:15:52 PM uk.ac.soton.comp2211.model.Database checkPassword
INFO: Checking password for user: admin
Apr 17, 2024 5:15:52 PM uk.ac.soton.comp2211.model.Database checkPassword
INFO: Password is correct
Apr 17, 2024 5:15:53 PM uk.ac.soton.comp2211.control.LoginController performLogin
INFO: Password is correct
Apr 17, 2024 5:15:53 PM uk.ac.soton.comp2211.control.LoginController performLogin
INFO: User admin logged in successfully
Apr 17, 2024 5:15:53 PM uk.ac.soton.comp2211.UI.AppWindow startTool
INFO: Starting the tool
Apr 17, 2024 5:15:53 PM uk.ac.soton.comp2211.scene.MainScene initialise
INFO: initialising the menu scene
Apr 17, 2024 5:15:53 PM uk.ac.soton.comp2211.UI.AppWindow cleanup
INFO: Clearing up previous scene
Apr 17, 2024 5:15:53 PM uk.ac.soton.comp2211.scene.MainScene build
INFO: Building uk.ac.soton.comp2211.scene.MainScene
Apr 17, 2024 5:15:53 PM uk.ac.soton.comp2211.utility.DBUtils isDbConnected
INFO: Connected to the database
Apr 17, 2024 5:15:53 PM uk.ac.soton.comp2211.scene.MainScene initialise
INFO: initialising the menu scene
Apr 17, 2024 5:15:53 PM uk.ac.soton.comp2211.scene.MainScene initialise
INFO: initialising the menu scene
Apr 17, 2024 5:15:53 PM uk.ac.soton.comp2211.scene.MainScene build
INFO: Building uk.ac.soton.comp2211.scene.MainScene
Apr 17, 2024 5:15:54 PM uk.ac.soton.comp2211.scene.MainScene initialise
INFO: initialising the menu scene
Apr 17, 2024 5:15:56 PM uk.ac.soton.comp2211.scene.MainScene selectAirport
INFO: Airport Selected
Apr 17, 2024 5:15:58 PM uk.ac.soton.comp2211.scene.MainScene selectRunway
INFO: Runway Selected
Apr 17, 2024 5:16:16 PM uk.ac.soton.comp2211.scene.MainScene lambda$build$3
INFO: Recalculate button pressed
Apr 17, 2024 5:16:16 PM uk.ac.soton.comp2211.scene.MainScene recalculate
INFO: Recalculating
Apr 17, 2024 5:16:16 PM uk.ac.soton.comp2211.model.Calculation calculateTakeOffTowardsLandingTowards
INFO: Calculating for Landing Towards and Take-Off Towards
Apr 17, 2024 5:16:16 PM uk.ac.soton.comp2211.model.Calculation calcLandingTowards
INFO: Calculating LDA for Landing Towards
Apr 17, 2024 5:16:16 PM uk.ac.soton.comp2211.model.Calculation calcTOTowards
INFO: Calculating TORA, TODA and ASDA for Take-Off Towards
Apr 17, 2024 5:16:25 PM uk.ac.soton.comp2211.App shutdown
INFO: Application shutting down.
