Apr 20, 2024 12:13:09 PM uk.ac.soton.comp2211.App main
INFO: Application started.
Apr 20, 2024 12:13:09 PM uk.ac.soton.comp2211.App openApp
INFO: Opening login page
Apr 20, 2024 12:13:09 PM uk.ac.soton.comp2211.UI.AppWindow startTool
INFO: Starting the tool
Apr 20, 2024 12:13:10 PM uk.ac.soton.comp2211.scene.MainScene initialise
INFO: initialising the menu scene
Apr 20, 2024 12:13:10 PM uk.ac.soton.comp2211.scene.MainScene loadAirports
INFO: Starting to load airports from XML
Apr 20, 2024 12:13:10 PM uk.ac.soton.comp2211.scene.MainScene loadAirports
INFO: Found 2 airports in XML file
Apr 20, 2024 12:13:10 PM uk.ac.soton.comp2211.scene.MainScene loadAirports
INFO: Processing airport: Heathrow
Apr 20, 2024 12:13:10 PM uk.ac.soton.comp2211.scene.MainScene loadAirports
INFO: Added runway: 09L
Apr 20, 2024 12:13:10 PM uk.ac.soton.comp2211.scene.MainScene loadAirports
INFO: Added runway: 27R
Apr 20, 2024 12:13:10 PM uk.ac.soton.comp2211.scene.MainScene loadAirports
INFO: Added runway: 09R
Apr 20, 2024 12:13:10 PM uk.ac.soton.comp2211.scene.MainScene loadAirports
INFO: Added runway: 27L
Apr 20, 2024 12:13:10 PM uk.ac.soton.comp2211.scene.MainScene loadAirports
INFO: Processing airport: Gatwick
Apr 20, 2024 12:13:10 PM uk.ac.soton.comp2211.scene.MainScene loadAirports
INFO: Added runway: 08L
Apr 20, 2024 12:13:10 PM uk.ac.soton.comp2211.scene.MainScene loadAirports
INFO: Added runway: 26R
Apr 20, 2024 12:13:10 PM uk.ac.soton.comp2211.UI.AppWindow cleanup
INFO: Clearing up previous scene
Apr 20, 2024 12:13:10 PM uk.ac.soton.comp2211.scene.MainScene build
INFO: Building uk.ac.soton.comp2211.scene.MainScene
Apr 20, 2024 12:13:10 PM com.mongodb.internal.diagnostics.logging.Loggers shouldUseSLF4J
WARNING: SLF4J not found on the classpath.  Logging is disabled for the 'org.mongodb.driver' component
Apr 20, 2024 12:13:11 PM uk.ac.soton.comp2211.utility.DBUtils isDbConnected
INFO: Connected to the database
Apr 20, 2024 12:13:11 PM uk.ac.soton.comp2211.scene.MainScene initialise
INFO: initialising the menu scene
Apr 20, 2024 12:13:11 PM uk.ac.soton.comp2211.scene.MainScene loadAirports
INFO: Starting to load airports from XML
Apr 20, 2024 12:13:11 PM uk.ac.soton.comp2211.scene.MainScene loadAirports
INFO: Found 2 airports in XML file
Apr 20, 2024 12:13:11 PM uk.ac.soton.comp2211.scene.MainScene loadAirports
INFO: Processing airport: Heathrow
Apr 20, 2024 12:13:11 PM uk.ac.soton.comp2211.scene.MainScene loadAirports
INFO: Added runway: 09L
Apr 20, 2024 12:13:11 PM uk.ac.soton.comp2211.scene.MainScene loadAirports
INFO: Added runway: 27R
Apr 20, 2024 12:13:11 PM uk.ac.soton.comp2211.scene.MainScene loadAirports
INFO: Added runway: 09R
Apr 20, 2024 12:13:11 PM uk.ac.soton.comp2211.scene.MainScene loadAirports
INFO: Added runway: 27L
Apr 20, 2024 12:13:11 PM uk.ac.soton.comp2211.scene.MainScene loadAirports
INFO: Processing airport: Gatwick
Apr 20, 2024 12:13:11 PM uk.ac.soton.comp2211.scene.MainScene loadAirports
INFO: Added runway: 08L
Apr 20, 2024 12:13:11 PM uk.ac.soton.comp2211.scene.MainScene loadAirports
INFO: Added runway: 26R
