Mar 21, 2024 7:02:15 PM uk.ac.soton.comp2211.App main
INFO: Application started.
Mar 21, 2024 7:02:15 PM uk.ac.soton.comp2211.App openApp
INFO: Opening login page
Mar 21, 2024 7:02:15 PM uk.ac.soton.comp2211.UI.AppWindow startTool
INFO: Starting the tool
Mar 21, 2024 7:02:15 PM uk.ac.soton.comp2211.UI.AppWindow cleanup
INFO: Clearing up previous scene
Mar 21, 2024 7:02:15 PM uk.ac.soton.comp2211.scene.MainScene build
INFO: Building uk.ac.soton.comp2211.scene.MainScene
Mar 21, 2024 7:02:16 PM com.mongodb.internal.diagnostics.logging.Loggers shouldUseSLF4J
WARNING: SLF4J not found on the classpath.  Logging is disabled for the 'org.mongodb.driver' component
Mar 21, 2024 7:02:16 PM uk.ac.soton.comp2211.Utility.DBUtils isDbConnected
INFO: Connected to the database
Mar 21, 2024 7:02:16 PM uk.ac.soton.comp2211.scene.MainScene initialise
INFO: initialising the menu scene
Mar 21, 2024 7:02:19 PM uk.ac.soton.comp2211.Utility.DBUtils logInUser
INFO: User exists
Mar 21, 2024 7:02:19 PM uk.ac.soton.comp2211.UI.AppWindow startTool
INFO: Starting the tool
Mar 21, 2024 7:02:19 PM uk.ac.soton.comp2211.UI.AppWindow cleanup
INFO: Clearing up previous scene
Mar 21, 2024 7:02:19 PM uk.ac.soton.comp2211.scene.MainScene build
INFO: Building uk.ac.soton.comp2211.scene.MainScene
Mar 21, 2024 7:02:19 PM uk.ac.soton.comp2211.Utility.DBUtils isDbConnected
INFO: Connected to the database
Mar 21, 2024 7:02:19 PM uk.ac.soton.comp2211.scene.MainScene initialise
INFO: initialising the menu scene
Mar 21, 2024 7:02:19 PM uk.ac.soton.comp2211.scene.MainScene build
INFO: Building uk.ac.soton.comp2211.scene.MainScene
Mar 21, 2024 7:02:20 PM uk.ac.soton.comp2211.Utility.DBUtils logInUser
INFO: Password is correct
Mar 21, 2024 7:02:20 PM uk.ac.soton.comp2211.scene.MainScene initialise
INFO: initialising the menu scene
Mar 21, 2024 7:02:21 PM uk.ac.soton.comp2211.scene.MainScene lambda$build$7
INFO: Shuttle Bus Button Pressed
Mar 21, 2024 7:02:23 PM uk.ac.soton.comp2211.scene.MainScene lambda$build$8
INFO: Custom Button Pressed
Mar 21, 2024 7:02:47 PM uk.ac.soton.comp2211.App shutdown
INFO: Application shutting down.
