Apr 30, 2024 1:52:13 AM uk.ac.soton.comp2211.App main
INFO: Application started.
Apr 30, 2024 1:52:13 AM uk.ac.soton.comp2211.App openApp
INFO: Opening login page
Apr 30, 2024 1:52:13 AM uk.ac.soton.comp2211.UI.AppWindow startTool
INFO: Starting the tool
Apr 30, 2024 1:52:14 AM uk.ac.soton.comp2211.UI.AppWindow cleanup
INFO: Clearing up previous scene
Apr 30, 2024 1:52:14 AM uk.ac.soton.comp2211.scene.MainScene build
INFO: Building uk.ac.soton.comp2211.scene.MainScene
Apr 30, 2024 1:52:14 AM com.mongodb.internal.diagnostics.logging.Loggers shouldUseSLF4J
WARNING: SLF4J not found on the classpath.  Logging is disabled for the 'org.mongodb.driver' component
Apr 30, 2024 1:52:15 AM uk.ac.soton.comp2211.utility.DBUtils isDbConnected
INFO: Connected to the database
Apr 30, 2024 1:52:15 AM uk.ac.soton.comp2211.scene.MainScene initialise
INFO: initialising the menu scene
Apr 30, 2024 1:52:25 AM uk.ac.soton.comp2211.control.LoginController performLogin
INFO: User exists
Apr 30, 2024 1:52:25 AM uk.ac.soton.comp2211.model.Database checkPassword
INFO: Checking password for user: admin
Apr 30, 2024 1:52:25 AM uk.ac.soton.comp2211.model.Database checkPassword
INFO: Password is correct
Apr 30, 2024 1:52:32 AM uk.ac.soton.comp2211.control.LoginController performLogin
INFO: Password is correct
Apr 30, 2024 1:52:32 AM uk.ac.soton.comp2211.control.LoginController performLogin
INFO: User admin logged in successfully
Apr 30, 2024 1:52:32 AM uk.ac.soton.comp2211.UI.AppWindow startTool
INFO: Starting the tool
Apr 30, 2024 1:52:32 AM uk.ac.soton.comp2211.UI.AppWindow cleanup
INFO: Clearing up previous scene
Apr 30, 2024 1:52:32 AM uk.ac.soton.comp2211.scene.MainScene build
INFO: Building uk.ac.soton.comp2211.scene.MainScene
Apr 30, 2024 1:52:33 AM uk.ac.soton.comp2211.utility.DBUtils isDbConnected
INFO: Connected to the database
Apr 30, 2024 1:52:33 AM uk.ac.soton.comp2211.scene.MainScene initialise
INFO: initialising the menu scene
Apr 30, 2024 1:52:33 AM uk.ac.soton.comp2211.scene.MainScene build
INFO: Building uk.ac.soton.comp2211.scene.MainScene
Apr 30, 2024 1:52:34 AM uk.ac.soton.comp2211.scene.MainScene initialise
INFO: initialising the menu scene
Apr 30, 2024 1:53:02 AM uk.ac.soton.comp2211.scene.MainScene lambda$build$3
INFO: Recalculate button pressed
Apr 30, 2024 1:53:02 AM uk.ac.soton.comp2211.scene.MainScene recalculate
INFO: Recalculating
Apr 30, 2024 1:53:02 AM uk.ac.soton.comp2211.model.Calculation calculateTakeOffTowardsLandingTowards
INFO: Calculating for Landing Towards and Take-Off Towards
Apr 30, 2024 1:53:02 AM uk.ac.soton.comp2211.model.Calculation calcLandingTowards
INFO: Calculating LDA for Landing Towards
Apr 30, 2024 1:53:02 AM uk.ac.soton.comp2211.model.Calculation calcTOTowards
INFO: Calculating TORA, TODA and ASDA for Take-Off Towards
Apr 30, 2024 1:57:00 AM uk.ac.soton.comp2211.App shutdown
INFO: Application shutting down.
