Mar 26, 2024 5:17:47 PM uk.ac.soton.comp2211.App main
INFO: Application started.
Mar 26, 2024 5:17:47 PM uk.ac.soton.comp2211.App openApp
INFO: Opening login page
Mar 26, 2024 5:17:47 PM uk.ac.soton.comp2211.UI.AppWindow startTool
INFO: Starting the tool
Mar 26, 2024 5:17:47 PM uk.ac.soton.comp2211.UI.AppWindow cleanup
INFO: Clearing up previous scene
Mar 26, 2024 5:17:47 PM uk.ac.soton.comp2211.scene.MainScene build
INFO: Building uk.ac.soton.comp2211.scene.MainScene
Mar 26, 2024 5:17:48 PM com.mongodb.internal.diagnostics.logging.Loggers shouldUseSLF4J
WARNING: SLF4J not found on the classpath.  Logging is disabled for the 'org.mongodb.driver' component
Mar 26, 2024 5:17:48 PM uk.ac.soton.comp2211.Utility.DBUtils isDbConnected
INFO: Connected to the database
Mar 26, 2024 5:17:48 PM uk.ac.soton.comp2211.scene.MainScene initialise
INFO: initialising the menu scene
Mar 26, 2024 5:17:53 PM uk.ac.soton.comp2211.control.LoginController performLogin
INFO: User exists
Mar 26, 2024 5:17:53 PM uk.ac.soton.comp2211.model.Database checkPassword
INFO: Checking password for user: DwijeshD
Mar 26, 2024 5:17:54 PM uk.ac.soton.comp2211.control.LoginController performLogin
INFO: Password is correct
Mar 26, 2024 5:17:54 PM uk.ac.soton.comp2211.control.LoginController performLogin
INFO: User DwijeshD logged in successfully
Mar 26, 2024 5:17:54 PM uk.ac.soton.comp2211.UI.AppWindow startTool
INFO: Starting the tool
Mar 26, 2024 5:17:54 PM uk.ac.soton.comp2211.UI.AppWindow cleanup
INFO: Clearing up previous scene
Mar 26, 2024 5:17:54 PM uk.ac.soton.comp2211.scene.MainScene build
INFO: Building uk.ac.soton.comp2211.scene.MainScene
Mar 26, 2024 5:17:54 PM uk.ac.soton.comp2211.Utility.DBUtils isDbConnected
INFO: Connected to the database
Mar 26, 2024 5:17:54 PM uk.ac.soton.comp2211.scene.MainScene initialise
INFO: initialising the menu scene
Mar 26, 2024 5:17:54 PM uk.ac.soton.comp2211.scene.MainScene build
INFO: Building uk.ac.soton.comp2211.scene.MainScene
Mar 26, 2024 5:17:54 PM uk.ac.soton.comp2211.scene.MainScene initialise
INFO: initialising the menu scene
Mar 26, 2024 5:17:55 PM uk.ac.soton.comp2211.scene.MainScene selectAirport
INFO: Airport Selected
Mar 26, 2024 5:17:59 PM uk.ac.soton.comp2211.scene.MainScene selectRunway
INFO: Runway Selected
Mar 26, 2024 5:18:02 PM uk.ac.soton.comp2211.scene.MainScene selectRunway
INFO: Runway Selected
Mar 26, 2024 5:18:04 PM uk.ac.soton.comp2211.scene.MainScene selectAirport
INFO: Airport Selected
Mar 26, 2024 5:18:04 PM uk.ac.soton.comp2211.scene.MainScene selectRunway
INFO: Runway Selected
Mar 26, 2024 5:18:06 PM uk.ac.soton.comp2211.scene.MainScene selectRunway
INFO: Runway Selected
Mar 26, 2024 5:18:17 PM uk.ac.soton.comp2211.scene.MainScene selectRunway
INFO: Runway Selected
Mar 26, 2024 5:18:20 PM uk.ac.soton.comp2211.scene.MainScene selectAirport
INFO: Airport Selected
Mar 26, 2024 5:18:20 PM uk.ac.soton.comp2211.scene.MainScene selectRunway
INFO: Runway Selected
Mar 26, 2024 5:18:22 PM uk.ac.soton.comp2211.scene.MainScene selectAirport
INFO: Airport Selected
Mar 26, 2024 5:18:23 PM uk.ac.soton.comp2211.scene.MainScene selectRunway
INFO: Runway Selected
Mar 26, 2024 5:18:38 PM uk.ac.soton.comp2211.scene.MainScene selectAirport
INFO: Airport Selected
Mar 26, 2024 5:18:38 PM uk.ac.soton.comp2211.scene.MainScene selectRunway
INFO: Runway Selected
Mar 26, 2024 5:18:39 PM uk.ac.soton.comp2211.scene.MainScene selectRunway
INFO: Runway Selected
Mar 26, 2024 5:18:41 PM uk.ac.soton.comp2211.scene.MainScene selectAirport
INFO: Airport Selected
Mar 26, 2024 5:18:41 PM uk.ac.soton.comp2211.scene.MainScene selectRunway
INFO: Runway Selected
Mar 26, 2024 5:18:43 PM uk.ac.soton.comp2211.scene.MainScene selectRunway
INFO: Runway Selected
Mar 26, 2024 5:19:02 PM uk.ac.soton.comp2211.scene.MainScene selectAirport
INFO: Airport Selected
Mar 26, 2024 5:19:02 PM uk.ac.soton.comp2211.scene.MainScene selectRunway
INFO: Runway Selected
Mar 26, 2024 5:19:03 PM uk.ac.soton.comp2211.scene.MainScene selectRunway
INFO: Runway Selected
Mar 26, 2024 5:19:05 PM uk.ac.soton.comp2211.scene.MainScene selectRunway
INFO: Runway Selected
Mar 26, 2024 5:19:06 PM uk.ac.soton.comp2211.scene.MainScene selectRunway
INFO: Runway Selected
Mar 26, 2024 5:19:08 PM uk.ac.soton.comp2211.scene.MainScene selectAirport
INFO: Airport Selected
Mar 26, 2024 5:19:08 PM uk.ac.soton.comp2211.scene.MainScene selectRunway
INFO: Runway Selected
Mar 26, 2024 5:19:09 PM uk.ac.soton.comp2211.scene.MainScene selectRunway
INFO: Runway Selected
Mar 26, 2024 5:25:06 PM uk.ac.soton.comp2211.App shutdown
INFO: Application shutting down.
