Apr 20, 2024 2:55:45 AM uk.ac.soton.comp2211.App main
INFO: Application started.
Apr 20, 2024 2:55:45 AM uk.ac.soton.comp2211.App openApp
INFO: Opening login page
Apr 20, 2024 2:55:45 AM uk.ac.soton.comp2211.UI.AppWindow startTool
INFO: Starting the tool
Apr 20, 2024 2:55:45 AM uk.ac.soton.comp2211.UI.AppWindow cleanup
INFO: Clearing up previous scene
Apr 20, 2024 2:55:45 AM uk.ac.soton.comp2211.scene.MainScene build
INFO: Building uk.ac.soton.comp2211.scene.MainScene
Apr 20, 2024 2:55:46 AM com.mongodb.internal.diagnostics.logging.Loggers shouldUseSLF4J
WARNING: SLF4J not found on the classpath.  Logging is disabled for the 'org.mongodb.driver' component
Apr 20, 2024 2:55:46 AM uk.ac.soton.comp2211.Utility.DBUtils isDbConnected
INFO: Connected to the database
Apr 20, 2024 2:55:47 AM uk.ac.soton.comp2211.scene.MainScene initialise
INFO: initialising the menu scene
Apr 20, 2024 2:55:52 AM uk.ac.soton.comp2211.control.LoginController performLogin
INFO: User exists
Apr 20, 2024 2:55:52 AM uk.ac.soton.comp2211.model.Database checkPassword
INFO: Checking password for user: DwijeshD
Apr 20, 2024 2:55:52 AM uk.ac.soton.comp2211.control.LoginController performLogin
INFO: Password is correct
Apr 20, 2024 2:55:52 AM uk.ac.soton.comp2211.control.LoginController performLogin
INFO: User DwijeshD logged in successfully
Apr 20, 2024 2:55:52 AM uk.ac.soton.comp2211.UI.AppWindow startTool
INFO: Starting the tool
Apr 20, 2024 2:55:52 AM uk.ac.soton.comp2211.UI.AppWindow cleanup
INFO: Clearing up previous scene
Apr 20, 2024 2:55:52 AM uk.ac.soton.comp2211.scene.MainScene build
INFO: Building uk.ac.soton.comp2211.scene.MainScene
Apr 20, 2024 2:55:53 AM uk.ac.soton.comp2211.Utility.DBUtils isDbConnected
INFO: Connected to the database
Apr 20, 2024 2:55:53 AM uk.ac.soton.comp2211.scene.MainScene initialise
INFO: initialising the menu scene
Apr 20, 2024 2:55:53 AM uk.ac.soton.comp2211.scene.MainScene build
INFO: Building uk.ac.soton.comp2211.scene.MainScene
Apr 20, 2024 2:55:53 AM uk.ac.soton.comp2211.scene.MainScene initialise
INFO: initialising the menu scene
Apr 20, 2024 2:56:12 AM uk.ac.soton.comp2211.App shutdown
INFO: Application shutting down.
