Apr 22, 2024 6:15:40 PM uk.ac.soton.comp2211.App main
INFO: Application started.
Apr 22, 2024 6:15:40 PM uk.ac.soton.comp2211.App openApp
INFO: Opening login page
Apr 22, 2024 6:15:40 PM uk.ac.soton.comp2211.UI.AppWindow startTool
INFO: Starting the tool
Apr 22, 2024 6:15:40 PM uk.ac.soton.comp2211.UI.AppWindow cleanup
INFO: Clearing up previous scene
Apr 22, 2024 6:15:40 PM uk.ac.soton.comp2211.scene.MainScene build
INFO: Building uk.ac.soton.comp2211.scene.MainScene
Apr 22, 2024 6:15:41 PM com.mongodb.internal.diagnostics.logging.Loggers shouldUseSLF4J
WARNING: SLF4J not found on the classpath.  Logging is disabled for the 'org.mongodb.driver' component
Apr 22, 2024 6:15:41 PM uk.ac.soton.comp2211.Utility.DBUtils isDbConnected
INFO: Connected to the database
Apr 22, 2024 6:15:42 PM uk.ac.soton.comp2211.scene.MainScene initialise
INFO: initialising the menu scene
Apr 22, 2024 6:15:46 PM uk.ac.soton.comp2211.control.LoginController performLogin
INFO: User exists
Apr 22, 2024 6:15:46 PM uk.ac.soton.comp2211.model.Database checkPassword
INFO: Checking password for user: DwijeshD
Apr 22, 2024 6:15:46 PM uk.ac.soton.comp2211.control.LoginController performLogin
INFO: Password is correct
Apr 22, 2024 6:15:46 PM uk.ac.soton.comp2211.control.LoginController performLogin
INFO: User DwijeshD logged in successfully
Apr 22, 2024 6:15:46 PM uk.ac.soton.comp2211.UI.AppWindow startTool
INFO: Starting the tool
Apr 22, 2024 6:15:46 PM uk.ac.soton.comp2211.UI.AppWindow cleanup
INFO: Clearing up previous scene
Apr 22, 2024 6:15:46 PM uk.ac.soton.comp2211.scene.MainScene build
INFO: Building uk.ac.soton.comp2211.scene.MainScene
Apr 22, 2024 6:15:46 PM uk.ac.soton.comp2211.Utility.DBUtils isDbConnected
INFO: Connected to the database
Apr 22, 2024 6:15:46 PM uk.ac.soton.comp2211.scene.MainScene initialise
INFO: initialising the menu scene
Apr 22, 2024 6:15:46 PM uk.ac.soton.comp2211.scene.MainScene build
INFO: Building uk.ac.soton.comp2211.scene.MainScene
Apr 22, 2024 6:15:47 PM uk.ac.soton.comp2211.scene.MainScene initialise
INFO: initialising the menu scene
Apr 22, 2024 6:16:07 PM uk.ac.soton.comp2211.App shutdown
INFO: Application shutting down.
