May 02, 2024 6:03:59 AM uk.ac.soton.comp2211.App main
INFO: Application started.
May 02, 2024 6:03:59 AM uk.ac.soton.comp2211.App openApp
INFO: Opening login page
May 02, 2024 6:03:59 AM uk.ac.soton.comp2211.UI.AppWindow startTool
INFO: Starting the tool
May 02, 2024 6:04:00 AM uk.ac.soton.comp2211.UI.AppWindow cleanup
INFO: Clearing up previous scene
May 02, 2024 6:04:00 AM uk.ac.soton.comp2211.scene.MainScene build
INFO: Building uk.ac.soton.comp2211.scene.MainScene
May 02, 2024 6:04:00 AM com.mongodb.internal.diagnostics.logging.Loggers shouldUseSLF4J
WARNING: SLF4J not found on the classpath.  Logging is disabled for the 'org.mongodb.driver' component
May 02, 2024 6:04:00 AM uk.ac.soton.comp2211.Utility.DBUtils isDbConnected
INFO: Connected to the database
May 02, 2024 6:04:01 AM uk.ac.soton.comp2211.scene.MainScene initialise
INFO: initialising the menu scene
May 02, 2024 6:04:08 AM uk.ac.soton.comp2211.control.LoginController performLogin
INFO: User exists
May 02, 2024 6:04:08 AM uk.ac.soton.comp2211.model.Database checkPassword
INFO: Checking password for user: DwijeshD
May 02, 2024 6:04:08 AM uk.ac.soton.comp2211.model.Database checkPassword
INFO: Password is correct
May 02, 2024 6:04:08 AM uk.ac.soton.comp2211.control.LoginController performLogin
INFO: Password is correct
May 02, 2024 6:04:08 AM uk.ac.soton.comp2211.control.LoginController performLogin
INFO: User DwijeshD logged in successfully
May 02, 2024 6:04:08 AM uk.ac.soton.comp2211.UI.AppWindow startTool
INFO: Starting the tool
May 02, 2024 6:04:08 AM uk.ac.soton.comp2211.UI.AppWindow cleanup
INFO: Clearing up previous scene
May 02, 2024 6:04:08 AM uk.ac.soton.comp2211.scene.MainScene build
INFO: Building uk.ac.soton.comp2211.scene.MainScene
May 02, 2024 6:04:08 AM uk.ac.soton.comp2211.Utility.DBUtils isDbConnected
INFO: Connected to the database
May 02, 2024 6:04:08 AM uk.ac.soton.comp2211.scene.MainScene initialise
INFO: initialising the menu scene
May 02, 2024 6:04:08 AM uk.ac.soton.comp2211.scene.MainScene build
INFO: Building uk.ac.soton.comp2211.scene.MainScene
May 02, 2024 6:04:08 AM uk.ac.soton.comp2211.scene.MainScene initialise
INFO: initialising the menu scene
May 02, 2024 6:04:46 AM uk.ac.soton.comp2211.App shutdown
INFO: Application shutting down.
