Apr 13, 2024 11:11:06 PM uk.ac.soton.comp2211.App main
INFO: Application started.
Apr 13, 2024 11:11:06 PM uk.ac.soton.comp2211.App openApp
INFO: Opening login page
Apr 13, 2024 11:11:06 PM uk.ac.soton.comp2211.UI.AppWindow startTool
INFO: Starting the tool
Apr 13, 2024 11:11:06 PM uk.ac.soton.comp2211.UI.AppWindow cleanup
INFO: Clearing up previous scene
Apr 13, 2024 11:11:06 PM uk.ac.soton.comp2211.scene.MainScene build
INFO: Building uk.ac.soton.comp2211.scene.MainScene
Apr 13, 2024 11:11:06 PM com.mongodb.internal.diagnostics.logging.Loggers shouldUseSLF4J
WARNING: SLF4J not found on the classpath.  Logging is disabled for the 'org.mongodb.driver' component
Apr 13, 2024 11:11:06 PM uk.ac.soton.comp2211.utility.DBUtils isDbConnected
INFO: Connected to the database
Apr 13, 2024 11:11:07 PM uk.ac.soton.comp2211.scene.MainScene initialise
INFO: initialising the menu scene
Apr 13, 2024 11:11:16 PM uk.ac.soton.comp2211.control.LoginController performLogin
INFO: User exists
Apr 13, 2024 11:11:16 PM uk.ac.soton.comp2211.model.Database checkPassword
INFO: Checking password for user: admin
Apr 13, 2024 11:11:16 PM uk.ac.soton.comp2211.model.Database checkPassword
INFO: Password is incorrect
Apr 13, 2024 11:11:33 PM uk.ac.soton.comp2211.control.LoginController performLogin
INFO: User exists
Apr 13, 2024 11:11:33 PM uk.ac.soton.comp2211.model.Database checkPassword
INFO: Checking password for user: admin
Apr 13, 2024 11:11:33 PM uk.ac.soton.comp2211.model.Database checkPassword
INFO: Password is incorrect
Apr 13, 2024 11:11:40 PM uk.ac.soton.comp2211.control.LoginController performLogin
INFO: User exists
Apr 13, 2024 11:11:40 PM uk.ac.soton.comp2211.model.Database checkPassword
INFO: Checking password for user: admin
Apr 13, 2024 11:11:40 PM uk.ac.soton.comp2211.model.Database checkPassword
INFO: Password is correct
Apr 13, 2024 11:11:40 PM uk.ac.soton.comp2211.control.LoginController performLogin
INFO: Password is correct
Apr 13, 2024 11:11:41 PM uk.ac.soton.comp2211.control.LoginController performLogin
INFO: User admin logged in successfully
Apr 13, 2024 11:11:41 PM uk.ac.soton.comp2211.UI.AppWindow startTool
INFO: Starting the tool
Apr 13, 2024 11:11:41 PM uk.ac.soton.comp2211.UI.AppWindow cleanup
INFO: Clearing up previous scene
Apr 13, 2024 11:11:41 PM uk.ac.soton.comp2211.scene.MainScene build
INFO: Building uk.ac.soton.comp2211.scene.MainScene
Apr 13, 2024 11:11:41 PM uk.ac.soton.comp2211.utility.DBUtils isDbConnected
INFO: Connected to the database
Apr 13, 2024 11:11:41 PM uk.ac.soton.comp2211.scene.MainScene initialise
INFO: initialising the menu scene
Apr 13, 2024 11:11:41 PM uk.ac.soton.comp2211.scene.MainScene build
INFO: Building uk.ac.soton.comp2211.scene.MainScene
Apr 13, 2024 11:11:41 PM uk.ac.soton.comp2211.scene.MainScene initialise
INFO: initialising the menu scene
Apr 13, 2024 11:11:54 PM uk.ac.soton.comp2211.scene.MainScene selectAirport
INFO: Airport Selected
