Mar 21, 2024 5:26:47 PM uk.ac.soton.comp2211.App main
INFO: Application started.
Mar 21, 2024 5:26:47 PM uk.ac.soton.comp2211.App openApp
INFO: Opening login page
Mar 21, 2024 5:26:47 PM uk.ac.soton.comp2211.UI.AppWindow startTool
INFO: Starting the tool
Mar 21, 2024 5:26:47 PM uk.ac.soton.comp2211.UI.AppWindow cleanup
INFO: Clearing up previous scene
Mar 21, 2024 5:26:47 PM uk.ac.soton.comp2211.scene.MainScene build
INFO: Building uk.ac.soton.comp2211.scene.MainScene
Mar 21, 2024 5:26:48 PM com.mongodb.internal.diagnostics.logging.Loggers shouldUseSLF4J
WARNING: SLF4J not found on the classpath.  Logging is disabled for the 'org.mongodb.driver' component
Mar 21, 2024 5:26:48 PM uk.ac.soton.comp2211.Utility.DBUtils isDbConnected
INFO: Connected to the database
Mar 21, 2024 5:26:49 PM uk.ac.soton.comp2211.scene.MainScene initialise
INFO: initialising the menu scene
Mar 21, 2024 5:26:55 PM uk.ac.soton.comp2211.Utility.DBUtils logInUser
INFO: User exists
Mar 21, 2024 5:26:55 PM org.springframework.security.crypto.bcrypt.BCryptPasswordEncoder matches
WARNING: Encoded password does not look like BCrypt
Mar 21, 2024 5:26:55 PM uk.ac.soton.comp2211.Utility.DBUtils logInUser
WARNING: Password is incorrect
Mar 21, 2024 5:27:02 PM uk.ac.soton.comp2211.Utility.DBUtils logInUser
INFO: User exists
Mar 21, 2024 5:27:02 PM uk.ac.soton.comp2211.UI.AppWindow startTool
INFO: Starting the tool
Mar 21, 2024 5:27:02 PM uk.ac.soton.comp2211.UI.AppWindow cleanup
INFO: Clearing up previous scene
Mar 21, 2024 5:27:02 PM uk.ac.soton.comp2211.scene.MainScene build
INFO: Building uk.ac.soton.comp2211.scene.MainScene
Mar 21, 2024 5:27:02 PM uk.ac.soton.comp2211.Utility.DBUtils isDbConnected
INFO: Connected to the database
Mar 21, 2024 5:27:02 PM uk.ac.soton.comp2211.scene.MainScene initialise
INFO: initialising the menu scene
Mar 21, 2024 5:27:02 PM uk.ac.soton.comp2211.scene.MainScene build
INFO: Building uk.ac.soton.comp2211.scene.MainScene
Mar 21, 2024 5:27:02 PM uk.ac.soton.comp2211.Utility.DBUtils logInUser
INFO: Password is correct
Mar 21, 2024 5:27:02 PM uk.ac.soton.comp2211.scene.MainScene initialise
INFO: initialising the menu scene
Mar 21, 2024 5:32:08 PM uk.ac.soton.comp2211.App shutdown
INFO: Application shutting down.
