Apr 06, 2024 8:46:56 AM uk.ac.soton.comp2211.App main
INFO: Application started.
Apr 06, 2024 8:46:56 AM uk.ac.soton.comp2211.App openApp
INFO: Opening login page
Apr 06, 2024 8:46:56 AM uk.ac.soton.comp2211.UI.AppWindow startTool
INFO: Starting the tool
Apr 06, 2024 8:46:56 AM uk.ac.soton.comp2211.UI.AppWindow cleanup
INFO: Clearing up previous scene
Apr 06, 2024 8:46:56 AM uk.ac.soton.comp2211.scene.MainScene build
INFO: Building uk.ac.soton.comp2211.scene.MainScene
Apr 06, 2024 8:46:57 AM com.mongodb.internal.diagnostics.logging.Loggers shouldUseSLF4J
WARNING: SLF4J not found on the classpath.  Logging is disabled for the 'org.mongodb.driver' component
Apr 06, 2024 8:46:57 AM uk.ac.soton.comp2211.Utility.DBUtils isDbConnected
INFO: Connected to the database
Apr 06, 2024 8:46:58 AM uk.ac.soton.comp2211.scene.MainScene initialise
INFO: initialising the menu scene
Apr 06, 2024 8:47:07 AM uk.ac.soton.comp2211.control.LoginController performLogin
INFO: User exists
Apr 06, 2024 8:47:08 AM uk.ac.soton.comp2211.model.Database checkPassword
INFO: Checking password for user: admin
Apr 06, 2024 8:47:08 AM uk.ac.soton.comp2211.model.Database checkPassword
INFO: Password is correct
Apr 06, 2024 8:47:08 AM uk.ac.soton.comp2211.control.LoginController performLogin
INFO: Password is correct
Apr 06, 2024 8:47:08 AM uk.ac.soton.comp2211.control.LoginController performLogin
INFO: User admin logged in successfully
Apr 06, 2024 8:47:08 AM uk.ac.soton.comp2211.UI.AppWindow startTool
INFO: Starting the tool
Apr 06, 2024 8:47:08 AM uk.ac.soton.comp2211.UI.AppWindow cleanup
INFO: Clearing up previous scene
Apr 06, 2024 8:47:08 AM uk.ac.soton.comp2211.scene.MainScene build
INFO: Building uk.ac.soton.comp2211.scene.MainScene
Apr 06, 2024 8:47:08 AM uk.ac.soton.comp2211.Utility.DBUtils isDbConnected
INFO: Connected to the database
Apr 06, 2024 8:47:08 AM uk.ac.soton.comp2211.scene.MainScene initialise
INFO: initialising the menu scene
Apr 06, 2024 8:47:08 AM uk.ac.soton.comp2211.scene.MainScene build
INFO: Building uk.ac.soton.comp2211.scene.MainScene
Apr 06, 2024 8:47:09 AM uk.ac.soton.comp2211.scene.MainScene initialise
INFO: initialising the menu scene
