Mar 22, 2024 12:15:18 PM uk.ac.soton.comp2211.App main
INFO: Application started.
Mar 22, 2024 12:15:18 PM uk.ac.soton.comp2211.App openApp
INFO: Opening login page
Mar 22, 2024 12:15:18 PM uk.ac.soton.comp2211.UI.AppWindow startTool
INFO: Starting the tool
Mar 22, 2024 12:15:18 PM uk.ac.soton.comp2211.UI.AppWindow cleanup
INFO: Clearing up previous scene
Mar 22, 2024 12:15:18 PM uk.ac.soton.comp2211.scene.MainScene build
INFO: Building uk.ac.soton.comp2211.scene.MainScene
Mar 22, 2024 12:15:19 PM com.mongodb.internal.diagnostics.logging.Loggers shouldUseSLF4J
WARNING: SLF4J not found on the classpath.  Logging is disabled for the 'org.mongodb.driver' component
Mar 22, 2024 12:15:19 PM uk.ac.soton.comp2211.Utility.DBUtils isDbConnected
INFO: Connected to the database
Mar 22, 2024 12:15:19 PM uk.ac.soton.comp2211.scene.MainScene initialise
INFO: initialising the menu scene
Mar 22, 2024 12:15:34 PM uk.ac.soton.comp2211.control.LoginController performLogin
INFO: User exists
Mar 22, 2024 12:15:35 PM uk.ac.soton.comp2211.model.Database checkPassword
INFO: Checking password for user: admin
Mar 22, 2024 12:15:35 PM uk.ac.soton.comp2211.control.LoginController performLogin
INFO: Password is correct
Mar 22, 2024 12:15:35 PM uk.ac.soton.comp2211.control.LoginController performLogin
INFO: User admin logged in successfully
Mar 22, 2024 12:15:35 PM uk.ac.soton.comp2211.UI.AppWindow startTool
INFO: Starting the tool
Mar 22, 2024 12:15:35 PM uk.ac.soton.comp2211.UI.AppWindow cleanup
INFO: Clearing up previous scene
Mar 22, 2024 12:15:35 PM uk.ac.soton.comp2211.scene.MainScene build
INFO: Building uk.ac.soton.comp2211.scene.MainScene
Mar 22, 2024 12:15:36 PM uk.ac.soton.comp2211.Utility.DBUtils isDbConnected
INFO: Connected to the database
Mar 22, 2024 12:15:36 PM uk.ac.soton.comp2211.scene.MainScene initialise
INFO: initialising the menu scene
Mar 22, 2024 12:15:36 PM uk.ac.soton.comp2211.scene.MainScene build
INFO: Building uk.ac.soton.comp2211.scene.MainScene
Mar 22, 2024 12:15:36 PM uk.ac.soton.comp2211.scene.MainScene initialise
INFO: initialising the menu scene
Mar 22, 2024 12:15:44 PM uk.ac.soton.comp2211.Utility.DBUtils isDbConnected
INFO: Connected to the database
Mar 22, 2024 12:15:54 PM uk.ac.soton.comp2211.control.LoginController performLogin
INFO: User exists
Mar 22, 2024 12:15:54 PM uk.ac.soton.comp2211.model.Database checkPassword
INFO: Checking password for user: admin
Mar 22, 2024 12:15:55 PM uk.ac.soton.comp2211.control.LoginController performLogin
INFO: Password is correct
Mar 22, 2024 12:15:55 PM uk.ac.soton.comp2211.control.LoginController performLogin
INFO: User admin logged in successfully
Mar 22, 2024 12:15:55 PM uk.ac.soton.comp2211.UI.AppWindow startTool
INFO: Starting the tool
Mar 22, 2024 12:15:55 PM uk.ac.soton.comp2211.UI.AppWindow cleanup
INFO: Clearing up previous scene
Mar 22, 2024 12:15:55 PM uk.ac.soton.comp2211.scene.MainScene build
INFO: Building uk.ac.soton.comp2211.scene.MainScene
Mar 22, 2024 12:15:55 PM uk.ac.soton.comp2211.Utility.DBUtils isDbConnected
INFO: Connected to the database
Mar 22, 2024 12:15:55 PM uk.ac.soton.comp2211.scene.MainScene initialise
INFO: initialising the menu scene
Mar 22, 2024 12:15:55 PM uk.ac.soton.comp2211.scene.MainScene build
INFO: Building uk.ac.soton.comp2211.scene.MainScene
Mar 22, 2024 12:15:55 PM uk.ac.soton.comp2211.scene.MainScene initialise
INFO: initialising the menu scene
Mar 22, 2024 12:16:07 PM uk.ac.soton.comp2211.App shutdown
INFO: Application shutting down.
