Mar 21, 2024 8:10:22 PM uk.ac.soton.comp2211.App main
INFO: Application started.
Mar 21, 2024 8:10:22 PM uk.ac.soton.comp2211.App openApp
INFO: Opening login page
Mar 21, 2024 8:10:22 PM uk.ac.soton.comp2211.UI.AppWindow startTool
INFO: Starting the tool
Mar 21, 2024 8:10:22 PM uk.ac.soton.comp2211.UI.AppWindow cleanup
INFO: Clearing up previous scene
Mar 21, 2024 8:10:22 PM uk.ac.soton.comp2211.scene.MainScene build
INFO: Building uk.ac.soton.comp2211.scene.MainScene
Mar 21, 2024 8:10:23 PM com.mongodb.internal.diagnostics.logging.Loggers shouldUseSLF4J
WARNING: SLF4J not found on the classpath.  Logging is disabled for the 'org.mongodb.driver' component
Mar 21, 2024 8:10:23 PM uk.ac.soton.comp2211.Utility.DBUtils isDbConnected
INFO: Connected to the database
Mar 21, 2024 8:10:23 PM uk.ac.soton.comp2211.scene.MainScene initialise
INFO: initialising the menu scene
Mar 21, 2024 8:10:27 PM uk.ac.soton.comp2211.Utility.DBUtils logInUser
INFO: User exists
Mar 21, 2024 8:10:27 PM uk.ac.soton.comp2211.UI.AppWindow startTool
INFO: Starting the tool
Mar 21, 2024 8:10:27 PM uk.ac.soton.comp2211.UI.AppWindow cleanup
INFO: Clearing up previous scene
Mar 21, 2024 8:10:27 PM uk.ac.soton.comp2211.scene.MainScene build
INFO: Building uk.ac.soton.comp2211.scene.MainScene
Mar 21, 2024 8:10:27 PM uk.ac.soton.comp2211.Utility.DBUtils isDbConnected
INFO: Connected to the database
Mar 21, 2024 8:10:27 PM uk.ac.soton.comp2211.scene.MainScene initialise
INFO: initialising the menu scene
Mar 21, 2024 8:10:27 PM uk.ac.soton.comp2211.scene.MainScene build
INFO: Building uk.ac.soton.comp2211.scene.MainScene
Mar 21, 2024 8:10:28 PM uk.ac.soton.comp2211.Utility.DBUtils logInUser
INFO: Password is correct
Mar 21, 2024 8:10:28 PM uk.ac.soton.comp2211.scene.MainScene initialise
INFO: initialising the menu scene
Mar 21, 2024 8:10:30 PM uk.ac.soton.comp2211.scene.MainScene selectAirport
INFO: Airport Selected
Mar 21, 2024 8:10:32 PM uk.ac.soton.comp2211.scene.MainScene lambda$build$8
INFO: Custom Button Pressed
Mar 21, 2024 8:11:02 PM uk.ac.soton.comp2211.scene.MainScene lambda$build$8
INFO: Custom Button Pressed
Mar 21, 2024 8:11:10 PM uk.ac.soton.comp2211.scene.MainScene lambda$build$4
INFO: Boeing Button Pressed
Mar 21, 2024 8:11:40 PM uk.ac.soton.comp2211.scene.MainScene lambda$build$3
INFO: Recalculate button pressed
Mar 21, 2024 8:11:52 PM uk.ac.soton.comp2211.App shutdown
INFO: Application shutting down.
