Apr 06, 2024 10:13:10 PM uk.ac.soton.comp2211.App main
INFO: Application started.
Apr 06, 2024 10:13:10 PM uk.ac.soton.comp2211.App openApp
INFO: Opening login page
Apr 06, 2024 10:13:10 PM uk.ac.soton.comp2211.UI.AppWindow startTool
INFO: Starting the tool
Apr 06, 2024 10:13:10 PM uk.ac.soton.comp2211.UI.AppWindow cleanup
INFO: Clearing up previous scene
Apr 06, 2024 10:13:10 PM uk.ac.soton.comp2211.scene.MainScene build
INFO: Building uk.ac.soton.comp2211.scene.MainScene
Apr 06, 2024 10:13:10 PM com.mongodb.internal.diagnostics.logging.Loggers shouldUseSLF4J
WARNING: SLF4J not found on the classpath.  Logging is disabled for the 'org.mongodb.driver' component
Apr 06, 2024 10:13:11 PM uk.ac.soton.comp2211.Utility.DBUtils isDbConnected
INFO: Connected to the database
Apr 06, 2024 10:13:11 PM uk.ac.soton.comp2211.scene.MainScene initialise
INFO: initialising the menu scene
Apr 06, 2024 10:13:17 PM uk.ac.soton.comp2211.control.LoginController performLogin
INFO: User exists
Apr 06, 2024 10:13:17 PM uk.ac.soton.comp2211.model.Database checkPassword
INFO: Checking password for user: admin2004
Apr 06, 2024 10:13:18 PM uk.ac.soton.comp2211.model.Database checkPassword
INFO: Password is correct
Apr 06, 2024 10:13:18 PM uk.ac.soton.comp2211.control.LoginController performLogin
INFO: Password is correct
Apr 06, 2024 10:13:18 PM uk.ac.soton.comp2211.control.LoginController performLogin
INFO: User admin2004 logged in successfully
Apr 06, 2024 10:13:18 PM uk.ac.soton.comp2211.UI.AppWindow startTool
INFO: Starting the tool
Apr 06, 2024 10:13:18 PM uk.ac.soton.comp2211.UI.AppWindow cleanup
INFO: Clearing up previous scene
Apr 06, 2024 10:13:18 PM uk.ac.soton.comp2211.scene.MainScene build
INFO: Building uk.ac.soton.comp2211.scene.MainScene
Apr 06, 2024 10:13:18 PM uk.ac.soton.comp2211.Utility.DBUtils isDbConnected
INFO: Connected to the database
Apr 06, 2024 10:13:18 PM uk.ac.soton.comp2211.scene.MainScene initialise
INFO: initialising the menu scene
Apr 06, 2024 10:13:18 PM uk.ac.soton.comp2211.scene.MainScene build
INFO: Building uk.ac.soton.comp2211.scene.MainScene
Apr 06, 2024 10:13:18 PM uk.ac.soton.comp2211.scene.MainScene initialise
INFO: initialising the menu scene
Apr 06, 2024 10:13:25 PM uk.ac.soton.comp2211.model.Database updateUser
INFO: User updated successfully
Apr 06, 2024 10:13:34 PM uk.ac.soton.comp2211.Utility.DBUtils isDbConnected
INFO: Connected to the database
Apr 06, 2024 10:13:35 PM uk.ac.soton.comp2211.Utility.DBUtils isDbConnected
INFO: Connected to the database
Apr 06, 2024 10:13:43 PM uk.ac.soton.comp2211.model.Database insertUser
INFO: User inserted successfully
Apr 06, 2024 10:13:43 PM uk.ac.soton.comp2211.control.SignUpController signUpUser
INFO: User registered successfully
Apr 06, 2024 10:13:43 PM uk.ac.soton.comp2211.Utility.DBUtils isDbConnected
INFO: Connected to the database
Apr 06, 2024 10:13:46 PM uk.ac.soton.comp2211.control.LoginController performLogin
INFO: User exists
Apr 06, 2024 10:13:46 PM uk.ac.soton.comp2211.model.Database checkPassword
INFO: Checking password for user: admin2005
Apr 06, 2024 10:13:46 PM uk.ac.soton.comp2211.model.Database checkPassword
INFO: Password is correct
Apr 06, 2024 10:13:46 PM uk.ac.soton.comp2211.control.LoginController performLogin
INFO: Password is correct
Apr 06, 2024 10:13:46 PM uk.ac.soton.comp2211.control.LoginController performLogin
INFO: User admin2005 logged in successfully
Apr 06, 2024 10:13:46 PM uk.ac.soton.comp2211.UI.AppWindow startTool
INFO: Starting the tool
Apr 06, 2024 10:13:46 PM uk.ac.soton.comp2211.UI.AppWindow cleanup
INFO: Clearing up previous scene
Apr 06, 2024 10:13:46 PM uk.ac.soton.comp2211.scene.MainScene build
INFO: Building uk.ac.soton.comp2211.scene.MainScene
Apr 06, 2024 10:13:46 PM uk.ac.soton.comp2211.Utility.DBUtils isDbConnected
INFO: Connected to the database
Apr 06, 2024 10:13:46 PM uk.ac.soton.comp2211.scene.MainScene initialise
INFO: initialising the menu scene
Apr 06, 2024 10:13:46 PM uk.ac.soton.comp2211.scene.MainScene build
INFO: Building uk.ac.soton.comp2211.scene.MainScene
Apr 06, 2024 10:13:46 PM uk.ac.soton.comp2211.scene.MainScene initialise
INFO: initialising the menu scene
