Mar 24, 2024 6:38:13 PM uk.ac.soton.comp2211.App main
INFO: Application started.
Mar 24, 2024 6:38:13 PM uk.ac.soton.comp2211.App openApp
INFO: Opening login page
Mar 24, 2024 6:38:13 PM uk.ac.soton.comp2211.UI.AppWindow startTool
INFO: Starting the tool
Mar 24, 2024 6:38:13 PM uk.ac.soton.comp2211.UI.AppWindow cleanup
INFO: Clearing up previous scene
Mar 24, 2024 6:38:13 PM uk.ac.soton.comp2211.scene.MainScene build
INFO: Building uk.ac.soton.comp2211.scene.MainScene
Mar 24, 2024 6:38:13 PM com.mongodb.internal.diagnostics.logging.Loggers shouldUseSLF4J
WARNING: SLF4J not found on the classpath.  Logging is disabled for the 'org.mongodb.driver' component
Mar 24, 2024 6:38:14 PM uk.ac.soton.comp2211.Utility.DBUtils isDbConnected
INFO: Connected to the database
Mar 24, 2024 6:38:14 PM uk.ac.soton.comp2211.scene.MainScene initialise
INFO: initialising the menu scene
Mar 24, 2024 6:38:21 PM uk.ac.soton.comp2211.control.LoginController performLogin
INFO: User exists
Mar 24, 2024 6:38:21 PM uk.ac.soton.comp2211.model.Database checkPassword
INFO: Checking password for user: DwijeshD
Mar 24, 2024 6:38:21 PM uk.ac.soton.comp2211.control.LoginController performLogin
INFO: Password is correct
Mar 24, 2024 6:38:21 PM uk.ac.soton.comp2211.control.LoginController performLogin
INFO: User DwijeshD logged in successfully
Mar 24, 2024 6:38:21 PM uk.ac.soton.comp2211.UI.AppWindow startTool
INFO: Starting the tool
Mar 24, 2024 6:38:21 PM uk.ac.soton.comp2211.UI.AppWindow cleanup
INFO: Clearing up previous scene
Mar 24, 2024 6:38:21 PM uk.ac.soton.comp2211.scene.MainScene build
INFO: Building uk.ac.soton.comp2211.scene.MainScene
Mar 24, 2024 6:38:21 PM uk.ac.soton.comp2211.Utility.DBUtils isDbConnected
INFO: Connected to the database
Mar 24, 2024 6:38:21 PM uk.ac.soton.comp2211.scene.MainScene initialise
INFO: initialising the menu scene
Mar 24, 2024 6:38:21 PM uk.ac.soton.comp2211.scene.MainScene build
INFO: Building uk.ac.soton.comp2211.scene.MainScene
Mar 24, 2024 6:38:21 PM uk.ac.soton.comp2211.scene.MainScene initialise
INFO: initialising the menu scene
Mar 24, 2024 6:38:23 PM uk.ac.soton.comp2211.scene.MainScene selectAirport
INFO: Airport Selected
Mar 24, 2024 6:38:24 PM uk.ac.soton.comp2211.scene.MainScene selectRunway
INFO: Runway Selected
Mar 24, 2024 6:39:24 PM uk.ac.soton.comp2211.scene.MainScene lambda$build$4
INFO: Boeing Button Pressed
Mar 24, 2024 6:39:31 PM uk.ac.soton.comp2211.scene.MainScene lambda$build$5
INFO: Airbus Button Pressed
Mar 24, 2024 6:39:37 PM uk.ac.soton.comp2211.scene.MainScene lambda$build$6
INFO: Container Button Pressed
Mar 24, 2024 6:40:02 PM uk.ac.soton.comp2211.App shutdown
INFO: Application shutting down.
