Apr 20, 2024 5:33:30 PM uk.ac.soton.comp2211.App main
INFO: Application started.
Apr 20, 2024 5:33:30 PM uk.ac.soton.comp2211.App openApp
INFO: Opening login page
Apr 20, 2024 5:33:30 PM uk.ac.soton.comp2211.UI.AppWindow startTool
INFO: Starting the tool
Apr 20, 2024 5:33:30 PM uk.ac.soton.comp2211.scene.MainScene initialise
INFO: initialising the menu scene
Apr 20, 2024 5:33:30 PM uk.ac.soton.comp2211.UI.AppWindow cleanup
INFO: Clearing up previous scene
Apr 20, 2024 5:33:30 PM uk.ac.soton.comp2211.scene.MainScene build
INFO: Building uk.ac.soton.comp2211.scene.MainScene
Apr 20, 2024 5:33:31 PM com.mongodb.internal.diagnostics.logging.Loggers shouldUseSLF4J
WARNING: SLF4J not found on the classpath.  Logging is disabled for the 'org.mongodb.driver' component
Apr 20, 2024 5:33:33 PM uk.ac.soton.comp2211.utility.DBUtils isDbConnected
INFO: Connected to the database
Apr 20, 2024 5:33:33 PM uk.ac.soton.comp2211.scene.MainScene initialise
INFO: initialising the menu scene
Apr 20, 2024 5:33:53 PM uk.ac.soton.comp2211.control.LoginController performLogin
INFO: User exists
Apr 20, 2024 5:33:54 PM uk.ac.soton.comp2211.model.Database checkPassword
INFO: Checking password for user: admin
Apr 20, 2024 5:33:54 PM uk.ac.soton.comp2211.model.Database checkPassword
INFO: Password is correct
Apr 20, 2024 5:33:54 PM uk.ac.soton.comp2211.control.LoginController performLogin
INFO: Password is correct
Apr 20, 2024 5:33:54 PM uk.ac.soton.comp2211.control.LoginController performLogin
INFO: User admin logged in successfully
Apr 20, 2024 5:33:54 PM uk.ac.soton.comp2211.UI.AppWindow startTool
INFO: Starting the tool
Apr 20, 2024 5:33:54 PM uk.ac.soton.comp2211.scene.MainScene initialise
INFO: initialising the menu scene
Apr 20, 2024 5:33:54 PM uk.ac.soton.comp2211.UI.AppWindow cleanup
INFO: Clearing up previous scene
Apr 20, 2024 5:33:54 PM uk.ac.soton.comp2211.scene.MainScene build
INFO: Building uk.ac.soton.comp2211.scene.MainScene
Apr 20, 2024 5:33:54 PM uk.ac.soton.comp2211.utility.DBUtils isDbConnected
INFO: Connected to the database
Apr 20, 2024 5:33:54 PM uk.ac.soton.comp2211.scene.MainScene initialise
INFO: initialising the menu scene
Apr 20, 2024 5:33:54 PM uk.ac.soton.comp2211.scene.MainScene initialise
INFO: initialising the menu scene
Apr 20, 2024 5:33:54 PM uk.ac.soton.comp2211.scene.MainScene build
INFO: Building uk.ac.soton.comp2211.scene.MainScene
Apr 20, 2024 5:33:54 PM uk.ac.soton.comp2211.scene.MainScene initialise
INFO: initialising the menu scene
Apr 20, 2024 5:34:15 PM uk.ac.soton.comp2211.scene.MainScene lambda$build$3
INFO: Recalculate button pressed
Apr 20, 2024 5:34:15 PM uk.ac.soton.comp2211.scene.MainScene recalculate
INFO: Recalculating
Apr 20, 2024 5:34:15 PM uk.ac.soton.comp2211.model.Calculation calculateTakeOffAwayLandingOver
INFO: Calculating for Landing Over and Take-Off Away
Apr 20, 2024 5:34:15 PM uk.ac.soton.comp2211.model.Calculation calcLandingOver
INFO: Calculating LDA for Landing Over
Apr 20, 2024 5:34:15 PM uk.ac.soton.comp2211.model.Calculation calcTOAway
INFO: Calculating TORA, TODA and ASDA for Take-Off Away
