Apr 18, 2024 4:14:59 PM uk.ac.soton.comp2211.App main
INFO: Application started.
Apr 18, 2024 4:14:59 PM uk.ac.soton.comp2211.App openApp
INFO: Opening login page
Apr 18, 2024 4:15:00 PM uk.ac.soton.comp2211.UI.AppWindow startTool
INFO: Starting the tool
Apr 18, 2024 4:15:00 PM uk.ac.soton.comp2211.scene.MainScene initialise
INFO: initialising the menu scene
Apr 18, 2024 4:15:00 PM uk.ac.soton.comp2211.UI.AppWindow cleanup
INFO: Clearing up previous scene
Apr 18, 2024 4:15:00 PM uk.ac.soton.comp2211.scene.MainScene build
INFO: Building uk.ac.soton.comp2211.scene.MainScene
Apr 18, 2024 4:15:01 PM com.mongodb.internal.diagnostics.logging.Loggers shouldUseSLF4J
WARNING: SLF4J not found on the classpath.  Logging is disabled for the 'org.mongodb.driver' component
Apr 18, 2024 4:15:01 PM uk.ac.soton.comp2211.utility.DBUtils isDbConnected
INFO: Connected to the database
Apr 18, 2024 4:15:01 PM uk.ac.soton.comp2211.scene.MainScene initialise
INFO: initialising the menu scene
Apr 18, 2024 4:15:15 PM uk.ac.soton.comp2211.control.LoginController performLogin
INFO: User exists
Apr 18, 2024 4:15:15 PM uk.ac.soton.comp2211.model.Database checkPassword
INFO: Checking password for user: admin
Apr 18, 2024 4:15:15 PM uk.ac.soton.comp2211.model.Database checkPassword
INFO: Password is correct
Apr 18, 2024 4:15:15 PM uk.ac.soton.comp2211.control.LoginController performLogin
INFO: Password is correct
Apr 18, 2024 4:15:16 PM uk.ac.soton.comp2211.control.LoginController performLogin
INFO: User admin logged in successfully
Apr 18, 2024 4:15:16 PM uk.ac.soton.comp2211.UI.AppWindow startTool
INFO: Starting the tool
Apr 18, 2024 4:15:16 PM uk.ac.soton.comp2211.scene.MainScene initialise
INFO: initialising the menu scene
Apr 18, 2024 4:15:16 PM uk.ac.soton.comp2211.UI.AppWindow cleanup
INFO: Clearing up previous scene
Apr 18, 2024 4:15:16 PM uk.ac.soton.comp2211.scene.MainScene build
INFO: Building uk.ac.soton.comp2211.scene.MainScene
Apr 18, 2024 4:15:16 PM uk.ac.soton.comp2211.utility.DBUtils isDbConnected
INFO: Connected to the database
Apr 18, 2024 4:15:16 PM uk.ac.soton.comp2211.scene.MainScene initialise
INFO: initialising the menu scene
Apr 18, 2024 4:15:16 PM uk.ac.soton.comp2211.scene.MainScene initialise
INFO: initialising the menu scene
Apr 18, 2024 4:15:16 PM uk.ac.soton.comp2211.scene.MainScene build
INFO: Building uk.ac.soton.comp2211.scene.MainScene
Apr 18, 2024 4:15:16 PM uk.ac.soton.comp2211.scene.MainScene initialise
INFO: initialising the menu scene
Apr 18, 2024 4:15:19 PM uk.ac.soton.comp2211.scene.MainScene selectAirport
INFO: Airport Selected
Apr 18, 2024 4:15:20 PM uk.ac.soton.comp2211.scene.MainScene selectRunway
INFO: Runway Selected
Apr 18, 2024 4:16:24 PM uk.ac.soton.comp2211.scene.MainScene lambda$build$3
INFO: Recalculate button pressed
Apr 18, 2024 4:16:24 PM uk.ac.soton.comp2211.scene.MainScene recalculate
INFO: Recalculating
Apr 18, 2024 4:16:24 PM uk.ac.soton.comp2211.model.Calculation calculateTakeOffAwayLandingOver
INFO: Calculating for Landing Over and Take-Off Away
Apr 18, 2024 4:16:24 PM uk.ac.soton.comp2211.model.Calculation calcLandingOver
INFO: Calculating LDA for Landing Over
Apr 18, 2024 4:16:24 PM uk.ac.soton.comp2211.model.Calculation calcTOAway
INFO: Calculating TORA, TODA and ASDA for Take-Off Away
Apr 18, 2024 4:16:32 PM uk.ac.soton.comp2211.scene.MainScene selectRunway
INFO: Runway Selected
Apr 18, 2024 4:16:36 PM uk.ac.soton.comp2211.scene.MainScene lambda$build$3
INFO: Recalculate button pressed
Apr 18, 2024 4:16:36 PM uk.ac.soton.comp2211.scene.MainScene recalculate
INFO: Recalculating
Apr 18, 2024 4:16:36 PM uk.ac.soton.comp2211.model.Calculation calculateTakeOffTowardsLandingTowards
INFO: Calculating for Landing Towards and Take-Off Towards
Apr 18, 2024 4:16:36 PM uk.ac.soton.comp2211.model.Calculation calcLandingTowards
INFO: Calculating LDA for Landing Towards
Apr 18, 2024 4:16:36 PM uk.ac.soton.comp2211.model.Calculation calcTOTowards
INFO: Calculating TORA, TODA and ASDA for Take-Off Towards
Apr 18, 2024 4:17:05 PM uk.ac.soton.comp2211.scene.MainScene selectRunway
INFO: Runway Selected
Apr 18, 2024 4:17:08 PM uk.ac.soton.comp2211.scene.MainScene lambda$build$3
INFO: Recalculate button pressed
Apr 18, 2024 4:17:08 PM uk.ac.soton.comp2211.scene.MainScene recalculate
INFO: Recalculating
Apr 18, 2024 4:17:08 PM uk.ac.soton.comp2211.model.Calculation calculateTakeOffTowardsLandingTowards
INFO: Calculating for Landing Towards and Take-Off Towards
Apr 18, 2024 4:17:08 PM uk.ac.soton.comp2211.model.Calculation calcLandingTowards
INFO: Calculating LDA for Landing Towards
Apr 18, 2024 4:17:08 PM uk.ac.soton.comp2211.model.Calculation calcTOTowards
INFO: Calculating TORA, TODA and ASDA for Take-Off Towards
Apr 18, 2024 4:17:15 PM uk.ac.soton.comp2211.scene.MainScene lambda$build$3
INFO: Recalculate button pressed
Apr 18, 2024 4:17:15 PM uk.ac.soton.comp2211.scene.MainScene recalculate
INFO: Recalculating
Apr 18, 2024 4:17:15 PM uk.ac.soton.comp2211.model.Calculation calculateTakeOffTowardsLandingTowards
INFO: Calculating for Landing Towards and Take-Off Towards
Apr 18, 2024 4:17:15 PM uk.ac.soton.comp2211.model.Calculation calcLandingTowards
INFO: Calculating LDA for Landing Towards
Apr 18, 2024 4:17:15 PM uk.ac.soton.comp2211.model.Calculation calcTOTowards
INFO: Calculating TORA, TODA and ASDA for Take-Off Towards
Apr 18, 2024 4:34:05 PM uk.ac.soton.comp2211.App shutdown
INFO: Application shutting down.
