Mar 20, 2024 11:43:34 PM uk.ac.soton.comp2211.App main
INFO: Application started.
Mar 20, 2024 11:43:34 PM uk.ac.soton.comp2211.App openApp
INFO: Opening login page
Mar 20, 2024 11:43:34 PM uk.ac.soton.comp2211.UI.AppWindow startTool
INFO: Starting the tool
Mar 20, 2024 11:43:34 PM uk.ac.soton.comp2211.UI.AppWindow cleanup
INFO: Clearing up previous scene
Mar 20, 2024 11:43:34 PM uk.ac.soton.comp2211.scene.MainScene build
INFO: Building uk.ac.soton.comp2211.scene.MainScene
Mar 20, 2024 11:43:35 PM com.mongodb.internal.diagnostics.logging.Loggers shouldUseSLF4J
WARNING: SLF4J not found on the classpath.  Logging is disabled for the 'org.mongodb.driver' component
Mar 20, 2024 11:43:35 PM uk.ac.soton.comp2211.Utility.DBUtils isDbConnected
INFO: Connected to the database
Mar 20, 2024 11:43:36 PM uk.ac.soton.comp2211.scene.MainScene initialise
INFO: initialising the menu scene
Mar 20, 2024 11:43:41 PM uk.ac.soton.comp2211.Utility.DBUtils logInUser
INFO: User exists
Mar 20, 2024 11:43:41 PM uk.ac.soton.comp2211.UI.AppWindow startTool
INFO: Starting the tool
Mar 20, 2024 11:43:41 PM uk.ac.soton.comp2211.UI.AppWindow cleanup
INFO: Clearing up previous scene
Mar 20, 2024 11:43:41 PM uk.ac.soton.comp2211.scene.MainScene build
INFO: Building uk.ac.soton.comp2211.scene.MainScene
Mar 20, 2024 11:43:41 PM uk.ac.soton.comp2211.Utility.DBUtils isDbConnected
INFO: Connected to the database
Mar 20, 2024 11:43:41 PM uk.ac.soton.comp2211.scene.MainScene initialise
INFO: initialising the menu scene
Mar 20, 2024 11:43:41 PM uk.ac.soton.comp2211.scene.MainScene build
INFO: Building uk.ac.soton.comp2211.scene.MainScene
Mar 20, 2024 11:43:42 PM uk.ac.soton.comp2211.Utility.DBUtils logInUser
INFO: Password is correct
Mar 20, 2024 11:43:42 PM uk.ac.soton.comp2211.scene.MainScene initialise
INFO: initialising the menu scene
Mar 20, 2024 11:43:45 PM uk.ac.soton.comp2211.scene.MainScene selectAirport
INFO: Airport Selected
Mar 20, 2024 11:44:29 PM uk.ac.soton.comp2211.App shutdown
INFO: Application shutting down.
