Apr 06, 2024 10:57:15 PM uk.ac.soton.comp2211.App main
INFO: Application started.
Apr 06, 2024 10:57:15 PM uk.ac.soton.comp2211.App openApp
INFO: Opening login page
Apr 06, 2024 10:57:15 PM uk.ac.soton.comp2211.UI.AppWindow startTool
INFO: Starting the tool
Apr 06, 2024 10:57:15 PM uk.ac.soton.comp2211.UI.AppWindow cleanup
INFO: Clearing up previous scene
Apr 06, 2024 10:57:15 PM uk.ac.soton.comp2211.scene.MainScene build
INFO: Building uk.ac.soton.comp2211.scene.MainScene
Apr 06, 2024 10:57:16 PM com.mongodb.internal.diagnostics.logging.Loggers shouldUseSLF4J
WARNING: SLF4J not found on the classpath.  Logging is disabled for the 'org.mongodb.driver' component
Apr 06, 2024 10:57:16 PM uk.ac.soton.comp2211.Utility.DBUtils isDbConnected
INFO: Connected to the database
Apr 06, 2024 10:57:16 PM uk.ac.soton.comp2211.scene.MainScene initialise
INFO: initialising the menu scene
Apr 06, 2024 10:57:30 PM uk.ac.soton.comp2211.control.LoginController performLogin
INFO: User exists
Apr 06, 2024 10:57:30 PM uk.ac.soton.comp2211.model.Database checkPassword
INFO: Checking password for user: admin2004
Apr 06, 2024 10:57:30 PM uk.ac.soton.comp2211.model.Database checkPassword
INFO: Password is correct
Apr 06, 2024 10:57:30 PM uk.ac.soton.comp2211.control.LoginController performLogin
INFO: Password is correct
Apr 06, 2024 10:57:30 PM uk.ac.soton.comp2211.control.LoginController performLogin
INFO: User admin2004 logged in successfully
Apr 06, 2024 10:57:30 PM uk.ac.soton.comp2211.UI.AppWindow startTool
INFO: Starting the tool
Apr 06, 2024 10:57:30 PM uk.ac.soton.comp2211.UI.AppWindow cleanup
INFO: Clearing up previous scene
Apr 06, 2024 10:57:30 PM uk.ac.soton.comp2211.scene.MainScene build
INFO: Building uk.ac.soton.comp2211.scene.MainScene
Apr 06, 2024 10:57:30 PM uk.ac.soton.comp2211.Utility.DBUtils isDbConnected
INFO: Connected to the database
Apr 06, 2024 10:57:30 PM uk.ac.soton.comp2211.scene.MainScene initialise
INFO: initialising the menu scene
Apr 06, 2024 10:57:30 PM uk.ac.soton.comp2211.scene.MainScene build
INFO: Building uk.ac.soton.comp2211.scene.MainScene
Apr 06, 2024 10:57:31 PM uk.ac.soton.comp2211.scene.MainScene initialise
INFO: initialising the menu scene
Apr 06, 2024 10:57:40 PM uk.ac.soton.comp2211.model.Database updateUser
INFO: User updated successfully
Apr 06, 2024 10:57:45 PM uk.ac.soton.comp2211.model.Database updateUser
INFO: User updated successfully
Apr 06, 2024 10:57:53 PM uk.ac.soton.comp2211.model.Database updateUser
INFO: User updated successfully
Apr 06, 2024 10:57:58 PM uk.ac.soton.comp2211.Utility.DBUtils isDbConnected
INFO: Connected to the database
Apr 06, 2024 10:57:59 PM uk.ac.soton.comp2211.App shutdown
INFO: Application shutting down.
