Apr 22, 2024 11:09:43 PM uk.ac.soton.comp2211.App main
INFO: Application started.
Apr 22, 2024 11:09:43 PM uk.ac.soton.comp2211.App openApp
INFO: Opening login page
Apr 22, 2024 11:09:44 PM uk.ac.soton.comp2211.UI.AppWindow startTool
INFO: Starting the tool
Apr 22, 2024 11:09:45 PM uk.ac.soton.comp2211.UI.AppWindow cleanup
INFO: Clearing up previous scene
Apr 22, 2024 11:09:45 PM uk.ac.soton.comp2211.scene.MainScene build
INFO: Building uk.ac.soton.comp2211.scene.MainScene
Apr 22, 2024 11:09:45 PM com.mongodb.internal.diagnostics.logging.Loggers shouldUseSLF4J
WARNING: SLF4J not found on the classpath.  Logging is disabled for the 'org.mongodb.driver' component
Apr 22, 2024 11:09:46 PM uk.ac.soton.comp2211.utility.DBUtils isDbConnected
INFO: Connected to the database
Apr 22, 2024 11:09:48 PM uk.ac.soton.comp2211.scene.MainScene initialise
INFO: initialising the menu scene
Apr 22, 2024 11:09:58 PM uk.ac.soton.comp2211.control.LoginController performLogin
INFO: User exists
Apr 22, 2024 11:09:58 PM uk.ac.soton.comp2211.model.Database checkPassword
INFO: Checking password for user: admin
Apr 22, 2024 11:09:59 PM uk.ac.soton.comp2211.model.Database checkPassword
INFO: Password is correct
Apr 22, 2024 11:09:59 PM uk.ac.soton.comp2211.control.LoginController performLogin
INFO: Password is correct
Apr 22, 2024 11:09:59 PM uk.ac.soton.comp2211.control.LoginController performLogin
INFO: User admin logged in successfully
Apr 22, 2024 11:09:59 PM uk.ac.soton.comp2211.UI.AppWindow startTool
INFO: Starting the tool
Apr 22, 2024 11:09:59 PM uk.ac.soton.comp2211.UI.AppWindow cleanup
INFO: Clearing up previous scene
Apr 22, 2024 11:09:59 PM uk.ac.soton.comp2211.scene.MainScene build
INFO: Building uk.ac.soton.comp2211.scene.MainScene
Apr 22, 2024 11:09:59 PM uk.ac.soton.comp2211.utility.DBUtils isDbConnected
INFO: Connected to the database
Apr 22, 2024 11:09:59 PM uk.ac.soton.comp2211.scene.MainScene initialise
INFO: initialising the menu scene
Apr 22, 2024 11:09:59 PM uk.ac.soton.comp2211.scene.MainScene build
INFO: Building uk.ac.soton.comp2211.scene.MainScene
Apr 22, 2024 11:09:59 PM uk.ac.soton.comp2211.scene.MainScene initialise
INFO: initialising the menu scene
