Apr 14, 2024 8:04:11 PM uk.ac.soton.comp2211.App main
INFO: Application started.
Apr 14, 2024 8:04:11 PM uk.ac.soton.comp2211.App openApp
INFO: Opening login page
Apr 14, 2024 8:04:11 PM uk.ac.soton.comp2211.UI.AppWindow startTool
INFO: Starting the tool
Apr 14, 2024 8:04:11 PM uk.ac.soton.comp2211.UI.AppWindow cleanup
INFO: Clearing up previous scene
Apr 14, 2024 8:04:11 PM uk.ac.soton.comp2211.scene.MainScene build
INFO: Building uk.ac.soton.comp2211.scene.MainScene
Apr 14, 2024 8:04:12 PM com.mongodb.internal.diagnostics.logging.Loggers shouldUseSLF4J
WARNING: SLF4J not found on the classpath.  Logging is disabled for the 'org.mongodb.driver' component
Apr 14, 2024 8:04:12 PM uk.ac.soton.comp2211.utility.DBUtils isDbConnected
INFO: Connected to the database
Apr 14, 2024 8:04:12 PM uk.ac.soton.comp2211.scene.MainScene initialise
INFO: initialising the menu scene
Apr 14, 2024 8:04:19 PM uk.ac.soton.comp2211.control.LoginController performLogin
INFO: User exists
Apr 14, 2024 8:04:19 PM uk.ac.soton.comp2211.model.Database checkPassword
INFO: Checking password for user: admin
Apr 14, 2024 8:04:19 PM uk.ac.soton.comp2211.model.Database checkPassword
INFO: Password is correct
Apr 14, 2024 8:04:20 PM uk.ac.soton.comp2211.control.LoginController performLogin
INFO: Password is correct
Apr 14, 2024 8:04:20 PM uk.ac.soton.comp2211.control.LoginController performLogin
INFO: User admin logged in successfully
Apr 14, 2024 8:04:20 PM uk.ac.soton.comp2211.UI.AppWindow startTool
INFO: Starting the tool
Apr 14, 2024 8:04:20 PM uk.ac.soton.comp2211.UI.AppWindow cleanup
INFO: Clearing up previous scene
Apr 14, 2024 8:04:20 PM uk.ac.soton.comp2211.scene.MainScene build
INFO: Building uk.ac.soton.comp2211.scene.MainScene
Apr 14, 2024 8:04:20 PM uk.ac.soton.comp2211.utility.DBUtils isDbConnected
INFO: Connected to the database
Apr 14, 2024 8:04:20 PM uk.ac.soton.comp2211.scene.MainScene initialise
INFO: initialising the menu scene
Apr 14, 2024 8:04:20 PM uk.ac.soton.comp2211.scene.MainScene build
INFO: Building uk.ac.soton.comp2211.scene.MainScene
Apr 14, 2024 8:04:20 PM uk.ac.soton.comp2211.scene.MainScene initialise
INFO: initialising the menu scene
