May 02, 2024 5:22:46 AM uk.ac.soton.comp2211.App main
INFO: Application started.
May 02, 2024 5:22:46 AM uk.ac.soton.comp2211.App openApp
INFO: Opening login page
May 02, 2024 5:22:47 AM uk.ac.soton.comp2211.UI.AppWindow startTool
INFO: Starting the tool
May 02, 2024 5:22:47 AM uk.ac.soton.comp2211.UI.AppWindow cleanup
INFO: Clearing up previous scene
May 02, 2024 5:22:47 AM uk.ac.soton.comp2211.scene.MainScene build
INFO: Building uk.ac.soton.comp2211.scene.MainScene
May 02, 2024 5:22:47 AM com.mongodb.internal.diagnostics.logging.Loggers shouldUseSLF4J
WARNING: SLF4J not found on the classpath.  Logging is disabled for the 'org.mongodb.driver' component
May 02, 2024 5:22:47 AM uk.ac.soton.comp2211.Utility.DBUtils isDbConnected
INFO: Connected to the database
May 02, 2024 5:22:48 AM uk.ac.soton.comp2211.scene.MainScene initialise
INFO: initialising the menu scene
May 02, 2024 5:22:55 AM uk.ac.soton.comp2211.control.LoginController performLogin
INFO: User exists
May 02, 2024 5:22:55 AM uk.ac.soton.comp2211.model.Database checkPassword
INFO: Checking password for user: DwijeshD
May 02, 2024 5:22:55 AM uk.ac.soton.comp2211.model.Database checkPassword
INFO: Password is correct
May 02, 2024 5:22:55 AM uk.ac.soton.comp2211.control.LoginController performLogin
INFO: Password is correct
May 02, 2024 5:22:55 AM uk.ac.soton.comp2211.control.LoginController performLogin
INFO: User DwijeshD logged in successfully
May 02, 2024 5:22:55 AM uk.ac.soton.comp2211.UI.AppWindow startTool
INFO: Starting the tool
May 02, 2024 5:22:55 AM uk.ac.soton.comp2211.UI.AppWindow cleanup
INFO: Clearing up previous scene
May 02, 2024 5:22:55 AM uk.ac.soton.comp2211.scene.MainScene build
INFO: Building uk.ac.soton.comp2211.scene.MainScene
May 02, 2024 5:22:55 AM uk.ac.soton.comp2211.Utility.DBUtils isDbConnected
INFO: Connected to the database
May 02, 2024 5:22:55 AM uk.ac.soton.comp2211.scene.MainScene initialise
INFO: initialising the menu scene
May 02, 2024 5:22:55 AM uk.ac.soton.comp2211.scene.MainScene build
INFO: Building uk.ac.soton.comp2211.scene.MainScene
May 02, 2024 5:22:55 AM uk.ac.soton.comp2211.scene.MainScene initialise
INFO: initialising the menu scene
May 02, 2024 5:23:02 AM uk.ac.soton.comp2211.scene.MainScene lambda$build$3
INFO: Recalculate button pressed
May 02, 2024 5:23:02 AM uk.ac.soton.comp2211.scene.MainScene recalculate
INFO: Recalculating
May 02, 2024 5:23:02 AM uk.ac.soton.comp2211.model.Calculation calculateTakeOffAwayLandingOver
INFO: Calculating for Landing Over and Take-Off Away
May 02, 2024 5:23:02 AM uk.ac.soton.comp2211.model.Calculation calcLandingOver
INFO: Calculating LDA for Landing Over
May 02, 2024 5:23:02 AM uk.ac.soton.comp2211.model.Calculation calcTOAway
INFO: Calculating TORA, TODA and ASDA for Take-Off Away
May 02, 2024 5:23:17 AM uk.ac.soton.comp2211.scene.MainScene lambda$build$3
INFO: Recalculate button pressed
May 02, 2024 5:23:17 AM uk.ac.soton.comp2211.scene.MainScene recalculate
INFO: Recalculating
May 02, 2024 5:23:17 AM uk.ac.soton.comp2211.model.Calculation calculateTakeOffAwayLandingOver
INFO: Calculating for Landing Over and Take-Off Away
May 02, 2024 5:23:17 AM uk.ac.soton.comp2211.model.Calculation calcLandingOver
INFO: Calculating LDA for Landing Over
May 02, 2024 5:23:17 AM uk.ac.soton.comp2211.model.Calculation calcTOAway
INFO: Calculating TORA, TODA and ASDA for Take-Off Away
May 02, 2024 5:23:37 AM uk.ac.soton.comp2211.scene.MainScene lambda$build$3
INFO: Recalculate button pressed
May 02, 2024 5:23:37 AM uk.ac.soton.comp2211.scene.MainScene recalculate
INFO: Recalculating
May 02, 2024 5:23:37 AM uk.ac.soton.comp2211.model.Calculation calculateTakeOffAwayLandingOver
INFO: Calculating for Landing Over and Take-Off Away
May 02, 2024 5:23:37 AM uk.ac.soton.comp2211.model.Calculation calcLandingOver
INFO: Calculating LDA for Landing Over
May 02, 2024 5:23:37 AM uk.ac.soton.comp2211.model.Calculation calcTOAway
INFO: Calculating TORA, TODA and ASDA for Take-Off Away
May 02, 2024 5:23:41 AM uk.ac.soton.comp2211.scene.MainScene lambda$build$3
INFO: Recalculate button pressed
May 02, 2024 5:23:41 AM uk.ac.soton.comp2211.scene.MainScene recalculate
INFO: Recalculating
May 02, 2024 5:23:41 AM uk.ac.soton.comp2211.model.Calculation calculateTakeOffAwayLandingOver
INFO: Calculating for Landing Over and Take-Off Away
May 02, 2024 5:23:41 AM uk.ac.soton.comp2211.model.Calculation calcLandingOver
INFO: Calculating LDA for Landing Over
May 02, 2024 5:23:41 AM uk.ac.soton.comp2211.model.Calculation calcTOAway
INFO: Calculating TORA, TODA and ASDA for Take-Off Away
May 02, 2024 5:23:44 AM uk.ac.soton.comp2211.scene.MainScene lambda$build$3
INFO: Recalculate button pressed
May 02, 2024 5:23:44 AM uk.ac.soton.comp2211.scene.MainScene recalculate
INFO: Recalculating
May 02, 2024 5:23:44 AM uk.ac.soton.comp2211.model.Calculation calculateTakeOffAwayLandingOver
INFO: Calculating for Landing Over and Take-Off Away
May 02, 2024 5:23:44 AM uk.ac.soton.comp2211.model.Calculation calcLandingOver
INFO: Calculating LDA for Landing Over
May 02, 2024 5:23:44 AM uk.ac.soton.comp2211.model.Calculation calcTOAway
INFO: Calculating TORA, TODA and ASDA for Take-Off Away
May 02, 2024 5:24:12 AM uk.ac.soton.comp2211.scene.MainScene lambda$build$3
INFO: Recalculate button pressed
May 02, 2024 5:24:12 AM uk.ac.soton.comp2211.scene.MainScene recalculate
INFO: Recalculating
May 02, 2024 5:24:12 AM uk.ac.soton.comp2211.model.Calculation calculateTakeOffAwayLandingOver
INFO: Calculating for Landing Over and Take-Off Away
May 02, 2024 5:24:12 AM uk.ac.soton.comp2211.model.Calculation calcLandingOver
INFO: Calculating LDA for Landing Over
May 02, 2024 5:24:12 AM uk.ac.soton.comp2211.model.Calculation calcTOAway
INFO: Calculating TORA, TODA and ASDA for Take-Off Away
May 02, 2024 5:24:18 AM uk.ac.soton.comp2211.scene.MainScene lambda$build$3
INFO: Recalculate button pressed
May 02, 2024 5:24:18 AM uk.ac.soton.comp2211.scene.MainScene recalculate
INFO: Recalculating
May 02, 2024 5:24:18 AM uk.ac.soton.comp2211.model.Calculation calculateTakeOffAwayLandingOver
INFO: Calculating for Landing Over and Take-Off Away
May 02, 2024 5:24:18 AM uk.ac.soton.comp2211.model.Calculation calcLandingOver
INFO: Calculating LDA for Landing Over
May 02, 2024 5:24:18 AM uk.ac.soton.comp2211.model.Calculation calcTOAway
INFO: Calculating TORA, TODA and ASDA for Take-Off Away
May 02, 2024 5:24:34 AM uk.ac.soton.comp2211.App shutdown
INFO: Application shutting down.
