Mar 22, 2024 11:58:10 AM uk.ac.soton.comp2211.App main
INFO: Application started.
Mar 22, 2024 11:58:10 AM uk.ac.soton.comp2211.App openApp
INFO: Opening login page
Mar 22, 2024 11:58:10 AM uk.ac.soton.comp2211.UI.AppWindow startTool
INFO: Starting the tool
Mar 22, 2024 11:58:10 AM uk.ac.soton.comp2211.UI.AppWindow cleanup
INFO: Clearing up previous scene
Mar 22, 2024 11:58:10 AM uk.ac.soton.comp2211.scene.MainScene build
INFO: Building uk.ac.soton.comp2211.scene.MainScene
Mar 22, 2024 11:58:11 AM com.mongodb.internal.diagnostics.logging.Loggers shouldUseSLF4J
WARNING: SLF4J not found on the classpath.  Logging is disabled for the 'org.mongodb.driver' component
Mar 22, 2024 11:58:11 AM uk.ac.soton.comp2211.Utility.DBUtils isDbConnected
INFO: Connected to the database
Mar 22, 2024 11:58:11 AM uk.ac.soton.comp2211.scene.MainScene initialise
INFO: initialising the menu scene
Mar 22, 2024 11:58:13 AM uk.ac.soton.comp2211.Utility.DBUtils isDbConnected
INFO: Connected to the database
Mar 22, 2024 11:58:28 AM uk.ac.soton.comp2211.model.Database insertUser
INFO: User inserted successfully
Mar 22, 2024 11:58:28 AM uk.ac.soton.comp2211.control.SignUpController signUpUser
INFO: User registered successfully
Mar 22, 2024 11:58:28 AM uk.ac.soton.comp2211.Utility.DBUtils isDbConnected
INFO: Connected to the database
Mar 22, 2024 11:58:40 AM uk.ac.soton.comp2211.control.LoginController performLogin
INFO: User exists
Mar 22, 2024 11:58:40 AM uk.ac.soton.comp2211.model.Database checkPassword
INFO: Checking password for user: admin4
Mar 22, 2024 11:58:40 AM uk.ac.soton.comp2211.control.LoginController performLogin
INFO: Password is correct
Mar 22, 2024 11:58:40 AM uk.ac.soton.comp2211.control.LoginController performLogin
INFO: User admin4 logged in successfully
Mar 22, 2024 11:58:40 AM uk.ac.soton.comp2211.UI.AppWindow startTool
INFO: Starting the tool
Mar 22, 2024 11:58:40 AM uk.ac.soton.comp2211.UI.AppWindow cleanup
INFO: Clearing up previous scene
Mar 22, 2024 11:58:40 AM uk.ac.soton.comp2211.scene.MainScene build
INFO: Building uk.ac.soton.comp2211.scene.MainScene
Mar 22, 2024 11:58:40 AM uk.ac.soton.comp2211.Utility.DBUtils isDbConnected
INFO: Connected to the database
Mar 22, 2024 11:58:40 AM uk.ac.soton.comp2211.scene.MainScene initialise
INFO: initialising the menu scene
Mar 22, 2024 11:58:40 AM uk.ac.soton.comp2211.scene.MainScene build
INFO: Building uk.ac.soton.comp2211.scene.MainScene
Mar 22, 2024 11:58:41 AM uk.ac.soton.comp2211.scene.MainScene initialise
INFO: initialising the menu scene
Mar 22, 2024 11:58:57 AM uk.ac.soton.comp2211.model.Database updateUser
INFO: User updated successfully
Mar 22, 2024 11:59:02 AM uk.ac.soton.comp2211.model.Database updateUser
INFO: User updated successfully
