Apr 18, 2024 4:59:47 PM uk.ac.soton.comp2211.App main
INFO: Application started.
Apr 18, 2024 4:59:47 PM uk.ac.soton.comp2211.App openApp
INFO: Opening login page
Apr 18, 2024 4:59:47 PM uk.ac.soton.comp2211.UI.AppWindow startTool
INFO: Starting the tool
Apr 18, 2024 4:59:48 PM uk.ac.soton.comp2211.scene.MainScene initialise
INFO: initialising the menu scene
Apr 18, 2024 4:59:48 PM uk.ac.soton.comp2211.UI.AppWindow cleanup
INFO: Clearing up previous scene
Apr 18, 2024 4:59:48 PM uk.ac.soton.comp2211.scene.MainScene build
INFO: Building uk.ac.soton.comp2211.scene.MainScene
Apr 18, 2024 4:59:48 PM com.mongodb.internal.diagnostics.logging.Loggers shouldUseSLF4J
WARNING: SLF4J not found on the classpath.  Logging is disabled for the 'org.mongodb.driver' component
Apr 18, 2024 4:59:48 PM uk.ac.soton.comp2211.utility.DBUtils isDbConnected
INFO: Connected to the database
Apr 18, 2024 4:59:48 PM uk.ac.soton.comp2211.scene.MainScene initialise
INFO: initialising the menu scene
Apr 18, 2024 4:59:51 PM uk.ac.soton.comp2211.App shutdown
INFO: Application shutting down.
