Mar 26, 2024 5:26:06 PM uk.ac.soton.comp2211.App main
INFO: Application started.
Mar 26, 2024 5:26:06 PM uk.ac.soton.comp2211.App openApp
INFO: Opening login page
Mar 26, 2024 5:26:07 PM uk.ac.soton.comp2211.UI.AppWindow startTool
INFO: Starting the tool
Mar 26, 2024 5:26:07 PM uk.ac.soton.comp2211.UI.AppWindow cleanup
INFO: Clearing up previous scene
Mar 26, 2024 5:26:07 PM uk.ac.soton.comp2211.scene.MainScene build
INFO: Building uk.ac.soton.comp2211.scene.MainScene
Mar 26, 2024 5:26:07 PM com.mongodb.internal.diagnostics.logging.Loggers shouldUseSLF4J
WARNING: SLF4J not found on the classpath.  Logging is disabled for the 'org.mongodb.driver' component
Mar 26, 2024 5:26:07 PM uk.ac.soton.comp2211.Utility.DBUtils isDbConnected
INFO: Connected to the database
Mar 26, 2024 5:26:08 PM uk.ac.soton.comp2211.scene.MainScene initialise
INFO: initialising the menu scene
Mar 26, 2024 5:26:14 PM uk.ac.soton.comp2211.control.LoginController performLogin
INFO: User exists
Mar 26, 2024 5:26:14 PM uk.ac.soton.comp2211.model.Database checkPassword
INFO: Checking password for user: DwijeshD
Mar 26, 2024 5:26:14 PM uk.ac.soton.comp2211.control.LoginController performLogin
INFO: Password is correct
Mar 26, 2024 5:26:14 PM uk.ac.soton.comp2211.control.LoginController performLogin
INFO: User DwijeshD logged in successfully
Mar 26, 2024 5:26:14 PM uk.ac.soton.comp2211.UI.AppWindow startTool
INFO: Starting the tool
Mar 26, 2024 5:26:14 PM uk.ac.soton.comp2211.UI.AppWindow cleanup
INFO: Clearing up previous scene
Mar 26, 2024 5:26:14 PM uk.ac.soton.comp2211.scene.MainScene build
INFO: Building uk.ac.soton.comp2211.scene.MainScene
Mar 26, 2024 5:26:14 PM uk.ac.soton.comp2211.Utility.DBUtils isDbConnected
INFO: Connected to the database
Mar 26, 2024 5:26:14 PM uk.ac.soton.comp2211.scene.MainScene initialise
INFO: initialising the menu scene
Mar 26, 2024 5:26:14 PM uk.ac.soton.comp2211.scene.MainScene build
INFO: Building uk.ac.soton.comp2211.scene.MainScene
Mar 26, 2024 5:26:15 PM uk.ac.soton.comp2211.scene.MainScene initialise
INFO: initialising the menu scene
Mar 26, 2024 5:26:16 PM uk.ac.soton.comp2211.scene.MainScene selectAirport
INFO: Airport Selected
Mar 26, 2024 5:26:17 PM uk.ac.soton.comp2211.scene.MainScene selectRunway
INFO: Runway Selected
Mar 26, 2024 5:26:24 PM uk.ac.soton.comp2211.scene.MainScene selectRunway
INFO: Runway Selected
Mar 26, 2024 5:26:26 PM uk.ac.soton.comp2211.scene.MainScene selectRunway
INFO: Runway Selected
Mar 26, 2024 5:26:28 PM uk.ac.soton.comp2211.scene.MainScene selectAirport
INFO: Airport Selected
Mar 26, 2024 5:26:28 PM uk.ac.soton.comp2211.scene.MainScene selectRunway
INFO: Runway Selected
Mar 26, 2024 5:26:29 PM uk.ac.soton.comp2211.scene.MainScene selectRunway
INFO: Runway Selected
Mar 26, 2024 5:26:36 PM uk.ac.soton.comp2211.App shutdown
INFO: Application shutting down.
