Mar 22, 2024 11:44:00 AM uk.ac.soton.comp2211.App main
INFO: Application started.
Mar 22, 2024 11:44:00 AM uk.ac.soton.comp2211.App openApp
INFO: Opening login page
Mar 22, 2024 11:44:00 AM uk.ac.soton.comp2211.UI.AppWindow startTool
INFO: Starting the tool
Mar 22, 2024 11:44:00 AM uk.ac.soton.comp2211.UI.AppWindow cleanup
INFO: Clearing up previous scene
Mar 22, 2024 11:44:00 AM uk.ac.soton.comp2211.scene.MainScene build
INFO: Building uk.ac.soton.comp2211.scene.MainScene
Mar 22, 2024 11:44:01 AM com.mongodb.internal.diagnostics.logging.Loggers shouldUseSLF4J
WARNING: SLF4J not found on the classpath.  Logging is disabled for the 'org.mongodb.driver' component
Mar 22, 2024 11:44:01 AM uk.ac.soton.comp2211.Utility.DBUtils isDbConnected
INFO: Connected to the database
Mar 22, 2024 11:44:02 AM uk.ac.soton.comp2211.scene.MainScene initialise
INFO: initialising the menu scene
Mar 22, 2024 11:44:06 AM uk.ac.soton.comp2211.Utility.DBUtils isDbConnected
INFO: Connected to the database
Mar 22, 2024 11:44:16 AM uk.ac.soton.comp2211.model.Database insertUser
INFO: User inserted successfully
Mar 22, 2024 11:44:16 AM uk.ac.soton.comp2211.control.SignUpController signUpUser
INFO: User registered successfully
Mar 22, 2024 11:44:16 AM uk.ac.soton.comp2211.Utility.DBUtils isDbConnected
INFO: Connected to the database
Mar 22, 2024 11:44:21 AM uk.ac.soton.comp2211.control.LoginController performLogin
INFO: User exists
Mar 22, 2024 11:44:21 AM uk.ac.soton.comp2211.model.Database checkPassword
INFO: Checking password for user: DwijeshD
Mar 22, 2024 11:44:21 AM uk.ac.soton.comp2211.control.LoginController performLogin
INFO: Password is correct
Mar 22, 2024 11:44:21 AM uk.ac.soton.comp2211.control.LoginController performLogin
INFO: User DwijeshD logged in successfully
Mar 22, 2024 11:44:21 AM uk.ac.soton.comp2211.UI.AppWindow startTool
INFO: Starting the tool
Mar 22, 2024 11:44:21 AM uk.ac.soton.comp2211.UI.AppWindow cleanup
INFO: Clearing up previous scene
Mar 22, 2024 11:44:21 AM uk.ac.soton.comp2211.scene.MainScene build
INFO: Building uk.ac.soton.comp2211.scene.MainScene
Mar 22, 2024 11:44:21 AM uk.ac.soton.comp2211.Utility.DBUtils isDbConnected
INFO: Connected to the database
Mar 22, 2024 11:44:21 AM uk.ac.soton.comp2211.scene.MainScene initialise
INFO: initialising the menu scene
Mar 22, 2024 11:44:21 AM uk.ac.soton.comp2211.scene.MainScene build
INFO: Building uk.ac.soton.comp2211.scene.MainScene
Mar 22, 2024 11:44:22 AM uk.ac.soton.comp2211.scene.MainScene initialise
INFO: initialising the menu scene
Mar 22, 2024 11:44:31 AM uk.ac.soton.comp2211.scene.MainScene lambda$build$4
INFO: Boeing Button Pressed
Mar 22, 2024 11:44:59 AM uk.ac.soton.comp2211.scene.MainScene lambda$build$5
INFO: Airbus Button Pressed
Mar 22, 2024 11:45:04 AM uk.ac.soton.comp2211.scene.MainScene lambda$build$6
INFO: Container Button Pressed
Mar 22, 2024 11:45:16 AM uk.ac.soton.comp2211.scene.MainScene lambda$build$8
INFO: Custom Button Pressed
Mar 22, 2024 11:45:44 AM uk.ac.soton.comp2211.App shutdown
INFO: Application shutting down.
