Mar 22, 2024 8:26:13 AM uk.ac.soton.comp2211.App main
INFO: Application started.
Mar 22, 2024 8:26:13 AM com.sun.javafx.application.PlatformImpl startup
WARNING: Unsupported JavaFX configuration: classes were loaded from 'unnamed module @110bd658'
Mar 22, 2024 8:26:13 AM uk.ac.soton.comp2211.App openApp
INFO: Opening login page
Mar 22, 2024 8:26:13 AM uk.ac.soton.comp2211.UI.AppWindow startTool
INFO: Starting the tool
Mar 22, 2024 8:26:13 AM uk.ac.soton.comp2211.UI.AppWindow cleanup
INFO: Clearing up previous scene
Mar 22, 2024 8:26:13 AM uk.ac.soton.comp2211.scene.MainScene build
INFO: Building uk.ac.soton.comp2211.scene.MainScene
Mar 22, 2024 8:26:14 AM com.mongodb.internal.diagnostics.logging.Loggers shouldUseSLF4J
WARNING: SLF4J not found on the classpath.  Logging is disabled for the 'org.mongodb.driver' component
Mar 22, 2024 8:26:14 AM uk.ac.soton.comp2211.Utility.DBUtils isDbConnected
INFO: Connected to the database
Mar 22, 2024 8:26:14 AM uk.ac.soton.comp2211.scene.MainScene initialise
INFO: initialising the menu scene
Mar 22, 2024 8:26:15 AM uk.ac.soton.comp2211.App shutdown
INFO: Application shutting down.
