Mar 24, 2024 6:22:10 PM uk.ac.soton.comp2211.App main
INFO: Application started.
Mar 24, 2024 6:22:10 PM uk.ac.soton.comp2211.App openApp
INFO: Opening login page
Mar 24, 2024 6:22:10 PM uk.ac.soton.comp2211.UI.AppWindow startTool
INFO: Starting the tool
Mar 24, 2024 6:22:10 PM uk.ac.soton.comp2211.UI.AppWindow cleanup
INFO: Clearing up previous scene
Mar 24, 2024 6:22:10 PM uk.ac.soton.comp2211.scene.MainScene build
INFO: Building uk.ac.soton.comp2211.scene.MainScene
Mar 24, 2024 6:22:11 PM com.mongodb.internal.diagnostics.logging.Loggers shouldUseSLF4J
WARNING: SLF4J not found on the classpath.  Logging is disabled for the 'org.mongodb.driver' component
Mar 24, 2024 6:22:11 PM uk.ac.soton.comp2211.Utility.DBUtils isDbConnected
INFO: Connected to the database
Mar 24, 2024 6:22:11 PM uk.ac.soton.comp2211.scene.MainScene initialise
INFO: initialising the menu scene
Mar 24, 2024 6:22:17 PM uk.ac.soton.comp2211.control.LoginController performLogin
INFO: User exists
Mar 24, 2024 6:22:17 PM uk.ac.soton.comp2211.model.Database checkPassword
INFO: Checking password for user: DwijeshD
Mar 24, 2024 6:22:17 PM uk.ac.soton.comp2211.control.LoginController performLogin
INFO: Password is correct
Mar 24, 2024 6:22:17 PM uk.ac.soton.comp2211.control.LoginController performLogin
INFO: User DwijeshD logged in successfully
Mar 24, 2024 6:22:17 PM uk.ac.soton.comp2211.UI.AppWindow startTool
INFO: Starting the tool
Mar 24, 2024 6:22:17 PM uk.ac.soton.comp2211.UI.AppWindow cleanup
INFO: Clearing up previous scene
Mar 24, 2024 6:22:17 PM uk.ac.soton.comp2211.scene.MainScene build
INFO: Building uk.ac.soton.comp2211.scene.MainScene
Mar 24, 2024 6:22:17 PM uk.ac.soton.comp2211.Utility.DBUtils isDbConnected
INFO: Connected to the database
Mar 24, 2024 6:22:17 PM uk.ac.soton.comp2211.scene.MainScene initialise
INFO: initialising the menu scene
Mar 24, 2024 6:22:17 PM uk.ac.soton.comp2211.scene.MainScene build
INFO: Building uk.ac.soton.comp2211.scene.MainScene
Mar 24, 2024 6:22:18 PM uk.ac.soton.comp2211.scene.MainScene initialise
INFO: initialising the menu scene
Mar 24, 2024 6:22:26 PM uk.ac.soton.comp2211.App shutdown
INFO: Application shutting down.
