Apr 06, 2024 8:38:48 AM uk.ac.soton.comp2211.App main
INFO: Application started.
Apr 06, 2024 8:38:48 AM uk.ac.soton.comp2211.App openApp
INFO: Opening login page
Apr 06, 2024 8:38:48 AM uk.ac.soton.comp2211.UI.AppWindow startTool
INFO: Starting the tool
Apr 06, 2024 8:38:48 AM uk.ac.soton.comp2211.UI.AppWindow cleanup
INFO: Clearing up previous scene
Apr 06, 2024 8:38:48 AM uk.ac.soton.comp2211.scene.MainScene build
INFO: Building uk.ac.soton.comp2211.scene.MainScene
Apr 06, 2024 8:38:49 AM com.mongodb.internal.diagnostics.logging.Loggers shouldUseSLF4J
WARNING: SLF4J not found on the classpath.  Logging is disabled for the 'org.mongodb.driver' component
Apr 06, 2024 8:38:49 AM uk.ac.soton.comp2211.Utility.DBUtils isDbConnected
INFO: Connected to the database
Apr 06, 2024 8:38:50 AM uk.ac.soton.comp2211.scene.MainScene initialise
INFO: initialising the menu scene
Apr 06, 2024 8:38:53 AM uk.ac.soton.comp2211.Utility.DBUtils isDbConnected
INFO: Connected to the database
Apr 06, 2024 8:38:55 AM uk.ac.soton.comp2211.Utility.DBUtils isDbConnected
INFO: Connected to the database
Apr 06, 2024 8:41:47 AM uk.ac.soton.comp2211.control.LoginController performLogin
INFO: User exists
Apr 06, 2024 8:41:47 AM uk.ac.soton.comp2211.model.Database checkPassword
INFO: Checking password for user: admin
Apr 06, 2024 8:41:48 AM uk.ac.soton.comp2211.model.Database checkPassword
INFO: Password is correct
Apr 06, 2024 8:41:48 AM uk.ac.soton.comp2211.control.LoginController performLogin
INFO: Password is correct
Apr 06, 2024 8:41:48 AM uk.ac.soton.comp2211.control.LoginController performLogin
INFO: User admin logged in successfully
Apr 06, 2024 8:41:48 AM uk.ac.soton.comp2211.UI.AppWindow startTool
INFO: Starting the tool
Apr 06, 2024 8:41:48 AM uk.ac.soton.comp2211.UI.AppWindow cleanup
INFO: Clearing up previous scene
Apr 06, 2024 8:41:48 AM uk.ac.soton.comp2211.scene.MainScene build
INFO: Building uk.ac.soton.comp2211.scene.MainScene
Apr 06, 2024 8:41:48 AM uk.ac.soton.comp2211.Utility.DBUtils isDbConnected
INFO: Connected to the database
Apr 06, 2024 8:41:48 AM uk.ac.soton.comp2211.scene.MainScene initialise
INFO: initialising the menu scene
Apr 06, 2024 8:41:48 AM uk.ac.soton.comp2211.scene.MainScene build
INFO: Building uk.ac.soton.comp2211.scene.MainScene
Apr 06, 2024 8:41:49 AM uk.ac.soton.comp2211.scene.MainScene initialise
INFO: initialising the menu scene
Apr 06, 2024 8:42:13 AM uk.ac.soton.comp2211.scene.MainScene selectAirport
INFO: Airport Selected
Apr 06, 2024 8:42:19 AM uk.ac.soton.comp2211.scene.MainScene lambda$build$4
INFO: Boeing Button Pressed
Apr 06, 2024 8:42:29 AM uk.ac.soton.comp2211.scene.MainScene lambda$build$4
INFO: Boeing Button Pressed
Apr 06, 2024 8:42:36 AM uk.ac.soton.comp2211.scene.MainScene lambda$build$5
INFO: Airbus Button Pressed
Apr 06, 2024 8:42:42 AM uk.ac.soton.comp2211.scene.MainScene lambda$build$3
INFO: Recalculate button pressed
Apr 06, 2024 8:42:47 AM uk.ac.soton.comp2211.scene.MainScene selectRunway
INFO: Runway Selected
Apr 06, 2024 8:42:52 AM uk.ac.soton.comp2211.scene.MainScene selectRunway
INFO: Runway Selected
Apr 06, 2024 8:42:55 AM uk.ac.soton.comp2211.scene.MainScene lambda$build$3
INFO: Recalculate button pressed
Apr 06, 2024 8:42:55 AM uk.ac.soton.comp2211.scene.MainScene recalculate
INFO: Recalculating
Apr 06, 2024 8:42:55 AM uk.ac.soton.comp2211.model.Calculation calculateTakeOffAwayLandingOver
INFO: Calculating for Landing Over and Take-Off Away
Apr 06, 2024 8:42:55 AM uk.ac.soton.comp2211.model.Calculation calcLandingOver
INFO: Calculating LDA for Landing Over
Apr 06, 2024 8:42:55 AM uk.ac.soton.comp2211.model.Calculation calcTOAway
INFO: Calculating TORA, TODA and ASDA for Take-Off Away
Apr 06, 2024 8:42:58 AM uk.ac.soton.comp2211.App shutdown
INFO: Application shutting down.
