Apr 13, 2024 11:18:10 PM uk.ac.soton.comp2211.App main
INFO: Application started.
Apr 13, 2024 11:18:10 PM uk.ac.soton.comp2211.App openApp
INFO: Opening login page
Apr 13, 2024 11:18:10 PM uk.ac.soton.comp2211.UI.AppWindow startTool
INFO: Starting the tool
Apr 13, 2024 11:18:10 PM uk.ac.soton.comp2211.UI.AppWindow cleanup
INFO: Clearing up previous scene
Apr 13, 2024 11:18:10 PM uk.ac.soton.comp2211.scene.MainScene build
INFO: Building uk.ac.soton.comp2211.scene.MainScene
Apr 13, 2024 11:18:10 PM com.mongodb.internal.diagnostics.logging.Loggers shouldUseSLF4J
WARNING: SLF4J not found on the classpath.  Logging is disabled for the 'org.mongodb.driver' component
Apr 13, 2024 11:18:11 PM uk.ac.soton.comp2211.utility.DBUtils isDbConnected
INFO: Connected to the database
Apr 13, 2024 11:18:11 PM uk.ac.soton.comp2211.scene.MainScene initialise
INFO: initialising the menu scene
Apr 13, 2024 11:18:18 PM uk.ac.soton.comp2211.control.LoginController performLogin
INFO: User exists
Apr 13, 2024 11:18:18 PM uk.ac.soton.comp2211.model.Database checkPassword
INFO: Checking password for user: admin
Apr 13, 2024 11:18:18 PM uk.ac.soton.comp2211.model.Database checkPassword
INFO: Password is incorrect
Apr 13, 2024 11:18:27 PM uk.ac.soton.comp2211.control.LoginController performLogin
INFO: User exists
Apr 13, 2024 11:18:27 PM uk.ac.soton.comp2211.model.Database checkPassword
INFO: Checking password for user: admin
Apr 13, 2024 11:18:27 PM uk.ac.soton.comp2211.model.Database checkPassword
INFO: Password is correct
Apr 13, 2024 11:18:27 PM uk.ac.soton.comp2211.control.LoginController performLogin
INFO: Password is correct
Apr 13, 2024 11:18:27 PM uk.ac.soton.comp2211.control.LoginController performLogin
INFO: User admin logged in successfully
Apr 13, 2024 11:18:27 PM uk.ac.soton.comp2211.UI.AppWindow startTool
INFO: Starting the tool
Apr 13, 2024 11:18:27 PM uk.ac.soton.comp2211.UI.AppWindow cleanup
INFO: Clearing up previous scene
Apr 13, 2024 11:18:27 PM uk.ac.soton.comp2211.scene.MainScene build
INFO: Building uk.ac.soton.comp2211.scene.MainScene
Apr 13, 2024 11:18:27 PM uk.ac.soton.comp2211.utility.DBUtils isDbConnected
INFO: Connected to the database
Apr 13, 2024 11:18:27 PM uk.ac.soton.comp2211.scene.MainScene initialise
INFO: initialising the menu scene
Apr 13, 2024 11:18:27 PM uk.ac.soton.comp2211.scene.MainScene build
INFO: Building uk.ac.soton.comp2211.scene.MainScene
Apr 13, 2024 11:18:28 PM uk.ac.soton.comp2211.scene.MainScene initialise
INFO: initialising the menu scene
Apr 13, 2024 11:31:45 PM uk.ac.soton.comp2211.scene.MainScene selectAirport
INFO: Airport Selected
Apr 13, 2024 11:31:46 PM uk.ac.soton.comp2211.scene.MainScene selectRunway
INFO: Runway Selected
Apr 13, 2024 11:31:48 PM uk.ac.soton.comp2211.scene.MainScene lambda$build$8
INFO: Custom Button Pressed
Apr 13, 2024 11:33:39 PM uk.ac.soton.comp2211.scene.MainScene lambda$build$8
INFO: Custom Button Pressed
Apr 13, 2024 11:33:46 PM uk.ac.soton.comp2211.scene.MainScene lambda$build$8
INFO: Custom Button Pressed
Apr 13, 2024 11:37:20 PM uk.ac.soton.comp2211.scene.MainScene lambda$build$8
INFO: Custom Button Pressed
Apr 13, 2024 11:37:52 PM uk.ac.soton.comp2211.scene.MainScene lambda$build$3
INFO: Recalculate button pressed
Apr 13, 2024 11:37:52 PM uk.ac.soton.comp2211.scene.MainScene recalculate
INFO: Recalculating
Apr 13, 2024 11:37:52 PM uk.ac.soton.comp2211.model.Calculation calculateTakeOffAwayLandingOver
INFO: Calculating for Landing Over and Take-Off Away
Apr 13, 2024 11:37:52 PM uk.ac.soton.comp2211.model.Calculation calcLandingOver
INFO: Calculating LDA for Landing Over
Apr 13, 2024 11:37:52 PM uk.ac.soton.comp2211.model.Calculation calcTOAway
INFO: Calculating TORA, TODA and ASDA for Take-Off Away
Apr 13, 2024 11:37:58 PM uk.ac.soton.comp2211.scene.MainScene lambda$build$4
INFO: Boeing Button Pressed
Apr 13, 2024 11:38:12 PM uk.ac.soton.comp2211.scene.MainScene lambda$build$3
INFO: Recalculate button pressed
Apr 13, 2024 11:38:12 PM uk.ac.soton.comp2211.scene.MainScene recalculate
INFO: Recalculating
Apr 13, 2024 11:38:12 PM uk.ac.soton.comp2211.model.Calculation calculateTakeOffAwayLandingOver
INFO: Calculating for Landing Over and Take-Off Away
Apr 13, 2024 11:38:12 PM uk.ac.soton.comp2211.model.Calculation calcLandingOver
INFO: Calculating LDA for Landing Over
Apr 13, 2024 11:38:12 PM uk.ac.soton.comp2211.model.Calculation calcTOAway
INFO: Calculating TORA, TODA and ASDA for Take-Off Away
Apr 13, 2024 11:38:13 PM uk.ac.soton.comp2211.scene.MainScene lambda$build$3
INFO: Recalculate button pressed
Apr 13, 2024 11:38:13 PM uk.ac.soton.comp2211.scene.MainScene recalculate
INFO: Recalculating
Apr 13, 2024 11:38:13 PM uk.ac.soton.comp2211.model.Calculation calculateTakeOffAwayLandingOver
INFO: Calculating for Landing Over and Take-Off Away
Apr 13, 2024 11:38:13 PM uk.ac.soton.comp2211.model.Calculation calcLandingOver
INFO: Calculating LDA for Landing Over
Apr 13, 2024 11:38:13 PM uk.ac.soton.comp2211.model.Calculation calcTOAway
INFO: Calculating TORA, TODA and ASDA for Take-Off Away
Apr 13, 2024 11:38:13 PM uk.ac.soton.comp2211.scene.MainScene lambda$build$3
INFO: Recalculate button pressed
Apr 13, 2024 11:38:13 PM uk.ac.soton.comp2211.scene.MainScene recalculate
INFO: Recalculating
Apr 13, 2024 11:38:13 PM uk.ac.soton.comp2211.model.Calculation calculateTakeOffAwayLandingOver
INFO: Calculating for Landing Over and Take-Off Away
Apr 13, 2024 11:38:13 PM uk.ac.soton.comp2211.model.Calculation calcLandingOver
INFO: Calculating LDA for Landing Over
Apr 13, 2024 11:38:13 PM uk.ac.soton.comp2211.model.Calculation calcTOAway
INFO: Calculating TORA, TODA and ASDA for Take-Off Away
Apr 13, 2024 11:38:13 PM uk.ac.soton.comp2211.scene.MainScene lambda$build$3
INFO: Recalculate button pressed
Apr 13, 2024 11:38:13 PM uk.ac.soton.comp2211.scene.MainScene recalculate
INFO: Recalculating
Apr 13, 2024 11:38:13 PM uk.ac.soton.comp2211.model.Calculation calculateTakeOffAwayLandingOver
INFO: Calculating for Landing Over and Take-Off Away
Apr 13, 2024 11:38:13 PM uk.ac.soton.comp2211.model.Calculation calcLandingOver
INFO: Calculating LDA for Landing Over
Apr 13, 2024 11:38:13 PM uk.ac.soton.comp2211.model.Calculation calcTOAway
INFO: Calculating TORA, TODA and ASDA for Take-Off Away
Apr 13, 2024 11:38:14 PM uk.ac.soton.comp2211.scene.MainScene lambda$build$3
INFO: Recalculate button pressed
Apr 13, 2024 11:38:14 PM uk.ac.soton.comp2211.scene.MainScene recalculate
INFO: Recalculating
Apr 13, 2024 11:38:14 PM uk.ac.soton.comp2211.model.Calculation calculateTakeOffAwayLandingOver
INFO: Calculating for Landing Over and Take-Off Away
Apr 13, 2024 11:38:14 PM uk.ac.soton.comp2211.model.Calculation calcLandingOver
INFO: Calculating LDA for Landing Over
Apr 13, 2024 11:38:14 PM uk.ac.soton.comp2211.model.Calculation calcTOAway
INFO: Calculating TORA, TODA and ASDA for Take-Off Away
Apr 13, 2024 11:38:14 PM uk.ac.soton.comp2211.scene.MainScene lambda$build$3
INFO: Recalculate button pressed
Apr 13, 2024 11:38:14 PM uk.ac.soton.comp2211.scene.MainScene recalculate
INFO: Recalculating
Apr 13, 2024 11:38:14 PM uk.ac.soton.comp2211.model.Calculation calculateTakeOffAwayLandingOver
INFO: Calculating for Landing Over and Take-Off Away
Apr 13, 2024 11:38:14 PM uk.ac.soton.comp2211.model.Calculation calcLandingOver
INFO: Calculating LDA for Landing Over
Apr 13, 2024 11:38:14 PM uk.ac.soton.comp2211.model.Calculation calcTOAway
INFO: Calculating TORA, TODA and ASDA for Take-Off Away
Apr 13, 2024 11:38:14 PM uk.ac.soton.comp2211.scene.MainScene lambda$build$3
INFO: Recalculate button pressed
Apr 13, 2024 11:38:14 PM uk.ac.soton.comp2211.scene.MainScene recalculate
INFO: Recalculating
Apr 13, 2024 11:38:14 PM uk.ac.soton.comp2211.model.Calculation calculateTakeOffAwayLandingOver
INFO: Calculating for Landing Over and Take-Off Away
Apr 13, 2024 11:38:14 PM uk.ac.soton.comp2211.model.Calculation calcLandingOver
INFO: Calculating LDA for Landing Over
Apr 13, 2024 11:38:14 PM uk.ac.soton.comp2211.model.Calculation calcTOAway
INFO: Calculating TORA, TODA and ASDA for Take-Off Away
Apr 13, 2024 11:38:14 PM uk.ac.soton.comp2211.scene.MainScene lambda$build$3
INFO: Recalculate button pressed
Apr 13, 2024 11:38:14 PM uk.ac.soton.comp2211.scene.MainScene recalculate
INFO: Recalculating
Apr 13, 2024 11:38:14 PM uk.ac.soton.comp2211.model.Calculation calculateTakeOffAwayLandingOver
INFO: Calculating for Landing Over and Take-Off Away
Apr 13, 2024 11:38:14 PM uk.ac.soton.comp2211.model.Calculation calcLandingOver
INFO: Calculating LDA for Landing Over
Apr 13, 2024 11:38:14 PM uk.ac.soton.comp2211.model.Calculation calcTOAway
INFO: Calculating TORA, TODA and ASDA for Take-Off Away
Apr 13, 2024 11:38:15 PM uk.ac.soton.comp2211.scene.MainScene lambda$build$3
INFO: Recalculate button pressed
Apr 13, 2024 11:38:15 PM uk.ac.soton.comp2211.scene.MainScene recalculate
INFO: Recalculating
Apr 13, 2024 11:38:15 PM uk.ac.soton.comp2211.model.Calculation calculateTakeOffAwayLandingOver
INFO: Calculating for Landing Over and Take-Off Away
Apr 13, 2024 11:38:15 PM uk.ac.soton.comp2211.model.Calculation calcLandingOver
INFO: Calculating LDA for Landing Over
Apr 13, 2024 11:38:15 PM uk.ac.soton.comp2211.model.Calculation calcTOAway
INFO: Calculating TORA, TODA and ASDA for Take-Off Away
Apr 13, 2024 11:38:23 PM uk.ac.soton.comp2211.scene.MainScene lambda$build$5
INFO: Airbus Button Pressed
Apr 13, 2024 11:38:33 PM uk.ac.soton.comp2211.scene.MainScene lambda$build$3
INFO: Recalculate button pressed
Apr 13, 2024 11:38:33 PM uk.ac.soton.comp2211.scene.MainScene recalculate
INFO: Recalculating
Apr 13, 2024 11:38:33 PM uk.ac.soton.comp2211.model.Calculation calculateTakeOffAwayLandingOver
INFO: Calculating for Landing Over and Take-Off Away
Apr 13, 2024 11:38:33 PM uk.ac.soton.comp2211.model.Calculation calcLandingOver
INFO: Calculating LDA for Landing Over
Apr 13, 2024 11:38:33 PM uk.ac.soton.comp2211.model.Calculation calcTOAway
INFO: Calculating TORA, TODA and ASDA for Take-Off Away
Apr 13, 2024 11:38:41 PM uk.ac.soton.comp2211.scene.MainScene lambda$build$7
INFO: Shuttle Bus Button Pressed
Apr 13, 2024 11:38:53 PM uk.ac.soton.comp2211.scene.MainScene lambda$build$3
INFO: Recalculate button pressed
Apr 13, 2024 11:38:53 PM uk.ac.soton.comp2211.scene.MainScene recalculate
INFO: Recalculating
Apr 13, 2024 11:38:53 PM uk.ac.soton.comp2211.model.Calculation calculateTakeOffAwayLandingOver
INFO: Calculating for Landing Over and Take-Off Away
Apr 13, 2024 11:38:53 PM uk.ac.soton.comp2211.model.Calculation calcLandingOver
INFO: Calculating LDA for Landing Over
Apr 13, 2024 11:38:53 PM uk.ac.soton.comp2211.model.Calculation calcTOAway
INFO: Calculating TORA, TODA and ASDA for Take-Off Away
