Apr 19, 2024 11:57:55 AM uk.ac.soton.comp2211.App main
INFO: Application started.
Apr 19, 2024 11:57:55 AM uk.ac.soton.comp2211.App openApp
INFO: Opening login page
Apr 19, 2024 11:57:55 AM uk.ac.soton.comp2211.UI.AppWindow startTool
INFO: Starting the tool
Apr 19, 2024 11:57:55 AM uk.ac.soton.comp2211.scene.MainScene initialise
INFO: initialising the menu scene
Apr 19, 2024 11:57:55 AM uk.ac.soton.comp2211.scene.MainScene loadAirports
INFO: Loading airports from XML
Apr 19, 2024 11:57:55 AM uk.ac.soton.comp2211.UI.AppWindow cleanup
INFO: Clearing up previous scene
Apr 19, 2024 11:57:55 AM uk.ac.soton.comp2211.scene.MainScene build
INFO: Building uk.ac.soton.comp2211.scene.MainScene
Apr 19, 2024 11:57:56 AM com.mongodb.internal.diagnostics.logging.Loggers shouldUseSLF4J
WARNING: SLF4J not found on the classpath.  Logging is disabled for the 'org.mongodb.driver' component
Apr 19, 2024 11:57:56 AM uk.ac.soton.comp2211.utility.DBUtils isDbConnected
INFO: Connected to the database
Apr 19, 2024 11:57:56 AM uk.ac.soton.comp2211.scene.MainScene initialise
INFO: initialising the menu scene
Apr 19, 2024 11:57:56 AM uk.ac.soton.comp2211.scene.MainScene loadAirports
INFO: Loading airports from XML
Apr 19, 2024 11:58:01 AM uk.ac.soton.comp2211.control.LoginController performLogin
INFO: User exists
Apr 19, 2024 11:58:02 AM uk.ac.soton.comp2211.model.Database checkPassword
INFO: Checking password for user: admin
Apr 19, 2024 11:58:02 AM uk.ac.soton.comp2211.model.Database checkPassword
INFO: Password is correct
Apr 19, 2024 11:58:02 AM uk.ac.soton.comp2211.control.LoginController performLogin
INFO: Password is correct
Apr 19, 2024 11:58:02 AM uk.ac.soton.comp2211.control.LoginController performLogin
INFO: User admin logged in successfully
Apr 19, 2024 11:58:02 AM uk.ac.soton.comp2211.UI.AppWindow startTool
INFO: Starting the tool
Apr 19, 2024 11:58:02 AM uk.ac.soton.comp2211.scene.MainScene initialise
INFO: initialising the menu scene
Apr 19, 2024 11:58:02 AM uk.ac.soton.comp2211.scene.MainScene loadAirports
INFO: Loading airports from XML
Apr 19, 2024 11:58:02 AM uk.ac.soton.comp2211.UI.AppWindow cleanup
INFO: Clearing up previous scene
Apr 19, 2024 11:58:02 AM uk.ac.soton.comp2211.scene.MainScene build
INFO: Building uk.ac.soton.comp2211.scene.MainScene
Apr 19, 2024 11:58:02 AM uk.ac.soton.comp2211.utility.DBUtils isDbConnected
INFO: Connected to the database
Apr 19, 2024 11:58:02 AM uk.ac.soton.comp2211.scene.MainScene initialise
INFO: initialising the menu scene
Apr 19, 2024 11:58:02 AM uk.ac.soton.comp2211.scene.MainScene loadAirports
INFO: Loading airports from XML
Apr 19, 2024 11:58:02 AM uk.ac.soton.comp2211.scene.MainScene initialise
INFO: initialising the menu scene
Apr 19, 2024 11:58:02 AM uk.ac.soton.comp2211.scene.MainScene loadAirports
INFO: Loading airports from XML
Apr 19, 2024 11:58:02 AM uk.ac.soton.comp2211.scene.MainScene build
INFO: Building uk.ac.soton.comp2211.scene.MainScene
Apr 19, 2024 11:58:02 AM uk.ac.soton.comp2211.scene.MainScene initialise
INFO: initialising the menu scene
Apr 19, 2024 11:58:02 AM uk.ac.soton.comp2211.scene.MainScene loadAirports
INFO: Loading airports from XML
