Apr 19, 2024 2:37:14 PM uk.ac.soton.comp2211.App main
INFO: Application started.
Apr 19, 2024 2:37:14 PM uk.ac.soton.comp2211.App openApp
INFO: Opening login page
Apr 19, 2024 2:37:14 PM uk.ac.soton.comp2211.UI.AppWindow startTool
INFO: Starting the tool
Apr 19, 2024 2:37:15 PM uk.ac.soton.comp2211.scene.MainScene initialise
INFO: initialising the menu scene
Apr 19, 2024 2:37:15 PM uk.ac.soton.comp2211.scene.MainScene loadAirports
INFO: Loading airports from XML
Apr 19, 2024 2:37:15 PM uk.ac.soton.comp2211.UI.AppWindow cleanup
INFO: Clearing up previous scene
Apr 19, 2024 2:37:15 PM uk.ac.soton.comp2211.scene.MainScene build
INFO: Building uk.ac.soton.comp2211.scene.MainScene
Apr 19, 2024 2:37:15 PM com.mongodb.internal.diagnostics.logging.Loggers shouldUseSLF4J
WARNING: SLF4J not found on the classpath.  Logging is disabled for the 'org.mongodb.driver' component
Apr 19, 2024 2:37:15 PM uk.ac.soton.comp2211.utility.DBUtils isDbConnected
INFO: Connected to the database
Apr 19, 2024 2:37:15 PM uk.ac.soton.comp2211.scene.MainScene initialise
INFO: initialising the menu scene
Apr 19, 2024 2:37:15 PM uk.ac.soton.comp2211.scene.MainScene loadAirports
INFO: Loading airports from XML
Apr 19, 2024 2:37:22 PM uk.ac.soton.comp2211.control.LoginController performLogin
INFO: User exists
Apr 19, 2024 2:37:22 PM uk.ac.soton.comp2211.model.Database checkPassword
INFO: Checking password for user: admin
Apr 19, 2024 2:37:22 PM uk.ac.soton.comp2211.model.Database checkPassword
INFO: Password is correct
Apr 19, 2024 2:37:23 PM uk.ac.soton.comp2211.control.LoginController performLogin
INFO: Password is correct
Apr 19, 2024 2:37:23 PM uk.ac.soton.comp2211.control.LoginController performLogin
INFO: User admin logged in successfully
Apr 19, 2024 2:37:23 PM uk.ac.soton.comp2211.UI.AppWindow startTool
INFO: Starting the tool
Apr 19, 2024 2:37:23 PM uk.ac.soton.comp2211.scene.MainScene initialise
INFO: initialising the menu scene
Apr 19, 2024 2:37:23 PM uk.ac.soton.comp2211.scene.MainScene loadAirports
INFO: Loading airports from XML
Apr 19, 2024 2:37:23 PM uk.ac.soton.comp2211.UI.AppWindow cleanup
INFO: Clearing up previous scene
Apr 19, 2024 2:37:23 PM uk.ac.soton.comp2211.scene.MainScene build
INFO: Building uk.ac.soton.comp2211.scene.MainScene
Apr 19, 2024 2:37:23 PM uk.ac.soton.comp2211.utility.DBUtils isDbConnected
INFO: Connected to the database
Apr 19, 2024 2:37:23 PM uk.ac.soton.comp2211.scene.MainScene initialise
INFO: initialising the menu scene
Apr 19, 2024 2:37:23 PM uk.ac.soton.comp2211.scene.MainScene loadAirports
INFO: Loading airports from XML
Apr 19, 2024 2:37:23 PM uk.ac.soton.comp2211.scene.MainScene initialise
INFO: initialising the menu scene
Apr 19, 2024 2:37:23 PM uk.ac.soton.comp2211.scene.MainScene loadAirports
INFO: Loading airports from XML
Apr 19, 2024 2:37:23 PM uk.ac.soton.comp2211.scene.MainScene build
INFO: Building uk.ac.soton.comp2211.scene.MainScene
Apr 19, 2024 2:37:23 PM uk.ac.soton.comp2211.scene.MainScene initialise
INFO: initialising the menu scene
Apr 19, 2024 2:37:23 PM uk.ac.soton.comp2211.scene.MainScene loadAirports
INFO: Loading airports from XML
Apr 19, 2024 2:37:25 PM uk.ac.soton.comp2211.scene.MainScene selectAirport
INFO: Airport Selected
Apr 19, 2024 2:37:41 PM uk.ac.soton.comp2211.utility.DBUtils isDbConnected
INFO: Connected to the database
Apr 19, 2024 2:37:42 PM uk.ac.soton.comp2211.App shutdown
INFO: Application shutting down.
