Apr 21, 2024 4:18:24 PM uk.ac.soton.comp2211.App main
INFO: Application started.
Apr 21, 2024 4:18:24 PM uk.ac.soton.comp2211.App openApp
INFO: Opening login page
Apr 21, 2024 4:18:25 PM uk.ac.soton.comp2211.UI.AppWindow startTool
INFO: Starting the tool
Apr 21, 2024 4:18:26 PM uk.ac.soton.comp2211.UI.AppWindow cleanup
INFO: Clearing up previous scene
Apr 21, 2024 4:18:26 PM uk.ac.soton.comp2211.scene.MainScene build
INFO: Building uk.ac.soton.comp2211.scene.MainScene
Apr 21, 2024 4:18:27 PM com.mongodb.internal.diagnostics.logging.Loggers shouldUseSLF4J
WARNING: SLF4J not found on the classpath.  Logging is disabled for the 'org.mongodb.driver' component
Apr 21, 2024 4:18:27 PM uk.ac.soton.comp2211.utility.DBUtils isDbConnected
INFO: Connected to the database
Apr 21, 2024 4:18:28 PM uk.ac.soton.comp2211.scene.MainScene initialise
INFO: initialising the menu scene
Apr 21, 2024 4:18:36 PM uk.ac.soton.comp2211.utility.DBUtils isDbConnected
INFO: Connected to the database
Apr 21, 2024 4:19:05 PM uk.ac.soton.comp2211.model.Database insertUser
INFO: User inserted successfully
Apr 21, 2024 4:19:05 PM uk.ac.soton.comp2211.control.SignUpController signUpUser
INFO: User registered successfully
Apr 21, 2024 4:19:05 PM uk.ac.soton.comp2211.utility.DBUtils isDbConnected
INFO: Connected to the database
Apr 21, 2024 4:20:15 PM uk.ac.soton.comp2211.control.LoginController performLogin
INFO: User exists
Apr 21, 2024 4:20:16 PM uk.ac.soton.comp2211.model.Database checkPassword
INFO: Checking password for user: admin
Apr 21, 2024 4:20:16 PM uk.ac.soton.comp2211.model.Database checkPassword
INFO: Password is incorrect
Apr 21, 2024 4:20:21 PM uk.ac.soton.comp2211.control.LoginController performLogin
INFO: User exists
Apr 21, 2024 4:20:21 PM uk.ac.soton.comp2211.model.Database checkPassword
INFO: Checking password for user: admin
Apr 21, 2024 4:20:22 PM uk.ac.soton.comp2211.model.Database checkPassword
INFO: Password is correct
Apr 21, 2024 4:20:22 PM uk.ac.soton.comp2211.control.LoginController performLogin
INFO: Password is correct
Apr 21, 2024 4:20:22 PM uk.ac.soton.comp2211.control.LoginController performLogin
INFO: User admin logged in successfully
Apr 21, 2024 4:20:22 PM uk.ac.soton.comp2211.UI.AppWindow startTool
INFO: Starting the tool
Apr 21, 2024 4:20:22 PM uk.ac.soton.comp2211.UI.AppWindow cleanup
INFO: Clearing up previous scene
Apr 21, 2024 4:20:22 PM uk.ac.soton.comp2211.scene.MainScene build
INFO: Building uk.ac.soton.comp2211.scene.MainScene
Apr 21, 2024 4:20:22 PM uk.ac.soton.comp2211.utility.DBUtils isDbConnected
INFO: Connected to the database
Apr 21, 2024 4:20:22 PM uk.ac.soton.comp2211.scene.MainScene initialise
INFO: initialising the menu scene
Apr 21, 2024 4:20:22 PM uk.ac.soton.comp2211.scene.MainScene build
INFO: Building uk.ac.soton.comp2211.scene.MainScene
Apr 21, 2024 4:20:22 PM uk.ac.soton.comp2211.scene.MainScene initialise
INFO: initialising the menu scene
Apr 21, 2024 4:20:38 PM uk.ac.soton.comp2211.model.Database updateUser
INFO: User updated successfully
Apr 21, 2024 4:21:22 PM uk.ac.soton.comp2211.model.Database updateUser
INFO: User updated successfully
Apr 21, 2024 4:21:38 PM uk.ac.soton.comp2211.utility.DBUtils isDbConnected
INFO: Connected to the database
Apr 21, 2024 4:21:52 PM uk.ac.soton.comp2211.control.LoginController performLogin
INFO: User exists
Apr 21, 2024 4:21:52 PM uk.ac.soton.comp2211.model.Database checkPassword
INFO: Checking password for user: adityaPadul
Apr 21, 2024 4:21:52 PM uk.ac.soton.comp2211.model.Database checkPassword
INFO: Password is correct
Apr 21, 2024 4:21:52 PM uk.ac.soton.comp2211.control.LoginController performLogin
INFO: Password is correct
Apr 21, 2024 4:21:53 PM uk.ac.soton.comp2211.control.LoginController performLogin
INFO: User adityaPadul logged in successfully
Apr 21, 2024 4:21:53 PM uk.ac.soton.comp2211.UI.AppWindow startTool
INFO: Starting the tool
Apr 21, 2024 4:21:53 PM uk.ac.soton.comp2211.UI.AppWindow cleanup
INFO: Clearing up previous scene
Apr 21, 2024 4:21:53 PM uk.ac.soton.comp2211.scene.MainScene build
INFO: Building uk.ac.soton.comp2211.scene.MainScene
Apr 21, 2024 4:21:53 PM uk.ac.soton.comp2211.utility.DBUtils isDbConnected
INFO: Connected to the database
Apr 21, 2024 4:21:53 PM uk.ac.soton.comp2211.scene.MainScene initialise
INFO: initialising the menu scene
Apr 21, 2024 4:21:53 PM uk.ac.soton.comp2211.scene.MainScene build
INFO: Building uk.ac.soton.comp2211.scene.MainScene
Apr 21, 2024 4:21:53 PM uk.ac.soton.comp2211.scene.MainScene initialise
INFO: initialising the menu scene
Apr 21, 2024 4:22:16 PM uk.ac.soton.comp2211.scene.MainScene lambda$build$3
INFO: Recalculate button pressed
Apr 21, 2024 4:22:16 PM uk.ac.soton.comp2211.scene.MainScene recalculate
INFO: Recalculating
Apr 21, 2024 4:22:16 PM uk.ac.soton.comp2211.model.Calculation calculateTakeOffTowardsLandingTowards
INFO: Calculating for Landing Towards and Take-Off Towards
Apr 21, 2024 4:22:16 PM uk.ac.soton.comp2211.model.Calculation calcLandingTowards
INFO: Calculating LDA for Landing Towards
Apr 21, 2024 4:22:16 PM uk.ac.soton.comp2211.model.Calculation calcTOTowards
INFO: Calculating TORA, TODA and ASDA for Take-Off Towards
Apr 21, 2024 4:23:14 PM uk.ac.soton.comp2211.utility.DBUtils isDbConnected
INFO: Connected to the database
Apr 21, 2024 4:23:17 PM uk.ac.soton.comp2211.utility.DBUtils isDbConnected
INFO: Connected to the database
Apr 21, 2024 4:23:21 PM uk.ac.soton.comp2211.utility.DBUtils isDbConnected
INFO: Connected to the database
Apr 21, 2024 4:23:22 PM uk.ac.soton.comp2211.App shutdown
INFO: Application shutting down.
