Mar 20, 2024 11:40:20 PM uk.ac.soton.comp2211.App main
INFO: Application started.
Mar 20, 2024 11:40:20 PM uk.ac.soton.comp2211.App openApp
INFO: Opening login page
Mar 20, 2024 11:40:20 PM uk.ac.soton.comp2211.UI.AppWindow startTool
INFO: Starting the tool
Mar 20, 2024 11:40:20 PM uk.ac.soton.comp2211.UI.AppWindow cleanup
INFO: Clearing up previous scene
Mar 20, 2024 11:40:20 PM uk.ac.soton.comp2211.scene.MainScene build
INFO: Building uk.ac.soton.comp2211.scene.MainScene
Mar 20, 2024 11:40:21 PM com.mongodb.internal.diagnostics.logging.Loggers shouldUseSLF4J
WARNING: SLF4J not found on the classpath.  Logging is disabled for the 'org.mongodb.driver' component
Mar 20, 2024 11:40:21 PM uk.ac.soton.comp2211.Utility.DBUtils isDbConnected
INFO: Connected to the database
Mar 20, 2024 11:40:21 PM uk.ac.soton.comp2211.scene.MainScene initialise
INFO: initialising the menu scene
Mar 20, 2024 11:40:27 PM uk.ac.soton.comp2211.Utility.DBUtils logInUser
INFO: User exists
Mar 20, 2024 11:40:27 PM org.springframework.security.crypto.bcrypt.BCryptPasswordEncoder matches
WARNING: Encoded password does not look like BCrypt
Mar 20, 2024 11:40:27 PM uk.ac.soton.comp2211.Utility.DBUtils logInUser
WARNING: Password is incorrect
Mar 20, 2024 11:40:29 PM uk.ac.soton.comp2211.control.LoginController$2 handle
INFO: Loaded signUp.fxml file
Mar 20, 2024 11:40:29 PM uk.ac.soton.comp2211.Utility.DBUtils isDbConnected
INFO: Connected to the database
Mar 20, 2024 11:40:41 PM uk.ac.soton.comp2211.model.Database insertUser
INFO: User inserted successfully
Mar 20, 2024 11:40:41 PM uk.ac.soton.comp2211.Utility.DBUtils signUpUser
INFO: User registered successfully
Mar 20, 2024 11:40:42 PM uk.ac.soton.comp2211.Utility.DBUtils isDbConnected
INFO: Connected to the database
Mar 20, 2024 11:40:46 PM uk.ac.soton.comp2211.Utility.DBUtils logInUser
INFO: User exists
Mar 20, 2024 11:40:46 PM uk.ac.soton.comp2211.UI.AppWindow startTool
INFO: Starting the tool
Mar 20, 2024 11:40:46 PM uk.ac.soton.comp2211.UI.AppWindow cleanup
INFO: Clearing up previous scene
Mar 20, 2024 11:40:46 PM uk.ac.soton.comp2211.scene.MainScene build
INFO: Building uk.ac.soton.comp2211.scene.MainScene
Mar 20, 2024 11:40:46 PM uk.ac.soton.comp2211.Utility.DBUtils isDbConnected
INFO: Connected to the database
Mar 20, 2024 11:40:46 PM uk.ac.soton.comp2211.scene.MainScene initialise
INFO: initialising the menu scene
Mar 20, 2024 11:40:46 PM uk.ac.soton.comp2211.scene.MainScene build
INFO: Building uk.ac.soton.comp2211.scene.MainScene
Mar 20, 2024 11:40:46 PM uk.ac.soton.comp2211.Utility.DBUtils logInUser
INFO: Password is correct
Mar 20, 2024 11:40:46 PM uk.ac.soton.comp2211.scene.MainScene initialise
INFO: initialising the menu scene
Mar 20, 2024 11:41:05 PM uk.ac.soton.comp2211.scene.MainScene selectAirport
INFO: Airport Selected
Mar 20, 2024 11:41:17 PM uk.ac.soton.comp2211.scene.MainScene selectAirport
INFO: Airport Selected
Mar 20, 2024 11:43:23 PM uk.ac.soton.comp2211.App shutdown
INFO: Application shutting down.
