Mar 22, 2024 12:48:48 PM uk.ac.soton.comp2211.App main
INFO: Application started.
Mar 22, 2024 12:48:49 PM uk.ac.soton.comp2211.App openApp
INFO: Opening login page
Mar 22, 2024 12:48:49 PM uk.ac.soton.comp2211.UI.AppWindow startTool
INFO: Starting the tool
Mar 22, 2024 12:48:49 PM uk.ac.soton.comp2211.UI.AppWindow cleanup
INFO: Clearing up previous scene
Mar 22, 2024 12:48:49 PM uk.ac.soton.comp2211.scene.MainScene build
INFO: Building uk.ac.soton.comp2211.scene.MainScene
Mar 22, 2024 12:48:50 PM com.mongodb.internal.diagnostics.logging.Loggers shouldUseSLF4J
WARNING: SLF4J not found on the classpath.  Logging is disabled for the 'org.mongodb.driver' component
Mar 22, 2024 12:48:50 PM uk.ac.soton.comp2211.Utility.DBUtils isDbConnected
INFO: Connected to the database
Mar 22, 2024 12:48:51 PM uk.ac.soton.comp2211.scene.MainScene initialise
INFO: initialising the menu scene
Mar 22, 2024 12:49:11 PM uk.ac.soton.comp2211.control.LoginController performLogin
INFO: User exists
Mar 22, 2024 12:49:11 PM uk.ac.soton.comp2211.model.Database checkPassword
INFO: Checking password for user: DwijeshD
Mar 22, 2024 12:49:14 PM uk.ac.soton.comp2211.control.LoginController performLogin
INFO: User exists
Mar 22, 2024 12:49:14 PM uk.ac.soton.comp2211.model.Database checkPassword
INFO: Checking password for user: DwijeshD
Mar 22, 2024 12:49:14 PM uk.ac.soton.comp2211.control.LoginController performLogin
INFO: Password is correct
Mar 22, 2024 12:49:14 PM uk.ac.soton.comp2211.control.LoginController performLogin
INFO: User DwijeshD logged in successfully
Mar 22, 2024 12:49:14 PM uk.ac.soton.comp2211.UI.AppWindow startTool
INFO: Starting the tool
Mar 22, 2024 12:49:14 PM uk.ac.soton.comp2211.UI.AppWindow cleanup
INFO: Clearing up previous scene
Mar 22, 2024 12:49:14 PM uk.ac.soton.comp2211.scene.MainScene build
INFO: Building uk.ac.soton.comp2211.scene.MainScene
Mar 22, 2024 12:49:15 PM uk.ac.soton.comp2211.Utility.DBUtils isDbConnected
INFO: Connected to the database
Mar 22, 2024 12:49:15 PM uk.ac.soton.comp2211.scene.MainScene initialise
INFO: initialising the menu scene
Mar 22, 2024 12:49:15 PM uk.ac.soton.comp2211.scene.MainScene build
INFO: Building uk.ac.soton.comp2211.scene.MainScene
Mar 22, 2024 12:49:15 PM uk.ac.soton.comp2211.scene.MainScene initialise
INFO: initialising the menu scene
Mar 22, 2024 12:54:48 PM uk.ac.soton.comp2211.scene.MainScene selectAirport
INFO: Airport Selected
Mar 22, 2024 12:54:50 PM uk.ac.soton.comp2211.scene.MainScene selectRunway
INFO: Runway Selected
Mar 22, 2024 12:54:57 PM uk.ac.soton.comp2211.scene.MainScene selectRunway
INFO: Runway Selected
Mar 22, 2024 12:55:03 PM uk.ac.soton.comp2211.scene.MainScene selectAirport
INFO: Airport Selected
Mar 22, 2024 12:55:03 PM uk.ac.soton.comp2211.scene.MainScene selectRunway
INFO: Runway Selected
Mar 22, 2024 12:55:04 PM uk.ac.soton.comp2211.scene.MainScene selectRunway
INFO: Runway Selected
Mar 22, 2024 12:55:21 PM uk.ac.soton.comp2211.scene.MainScene lambda$build$8
INFO: Custom Button Pressed
Mar 22, 2024 12:56:12 PM uk.ac.soton.comp2211.App shutdown
INFO: Application shutting down.
