May 02, 2024 1:27:30 AM uk.ac.soton.comp2211.App main
INFO: Application started.
May 02, 2024 1:27:30 AM uk.ac.soton.comp2211.App openApp
INFO: Opening login page
May 02, 2024 1:27:30 AM uk.ac.soton.comp2211.UI.AppWindow startTool
INFO: Starting the tool
May 02, 2024 1:27:31 AM uk.ac.soton.comp2211.UI.AppWindow cleanup
INFO: Clearing up previous scene
May 02, 2024 1:27:31 AM uk.ac.soton.comp2211.scene.MainScene build
INFO: Building uk.ac.soton.comp2211.scene.MainScene
May 02, 2024 1:27:31 AM com.mongodb.internal.diagnostics.logging.Loggers shouldUseSLF4J
WARNING: SLF4J not found on the classpath.  Logging is disabled for the 'org.mongodb.driver' component
May 02, 2024 1:27:31 AM uk.ac.soton.comp2211.Utility.DBUtils isDbConnected
INFO: Connected to the database
May 02, 2024 1:27:31 AM uk.ac.soton.comp2211.scene.MainScene initialise
INFO: initialising the menu scene
May 02, 2024 1:27:36 AM uk.ac.soton.comp2211.control.LoginController performLogin
INFO: User exists
May 02, 2024 1:27:36 AM uk.ac.soton.comp2211.model.Database checkPassword
INFO: Checking password for user: DwijeshD
May 02, 2024 1:27:37 AM uk.ac.soton.comp2211.model.Database checkPassword
INFO: Password is correct
May 02, 2024 1:27:37 AM uk.ac.soton.comp2211.control.LoginController performLogin
INFO: Password is correct
May 02, 2024 1:27:37 AM uk.ac.soton.comp2211.control.LoginController performLogin
INFO: User DwijeshD logged in successfully
May 02, 2024 1:27:37 AM uk.ac.soton.comp2211.UI.AppWindow startTool
INFO: Starting the tool
May 02, 2024 1:27:37 AM uk.ac.soton.comp2211.UI.AppWindow cleanup
INFO: Clearing up previous scene
May 02, 2024 1:27:37 AM uk.ac.soton.comp2211.scene.MainScene build
INFO: Building uk.ac.soton.comp2211.scene.MainScene
May 02, 2024 1:27:37 AM uk.ac.soton.comp2211.Utility.DBUtils isDbConnected
INFO: Connected to the database
May 02, 2024 1:27:37 AM uk.ac.soton.comp2211.scene.MainScene initialise
INFO: initialising the menu scene
May 02, 2024 1:27:37 AM uk.ac.soton.comp2211.scene.MainScene build
INFO: Building uk.ac.soton.comp2211.scene.MainScene
May 02, 2024 1:27:37 AM uk.ac.soton.comp2211.scene.MainScene initialise
INFO: initialising the menu scene
May 02, 2024 1:27:44 AM uk.ac.soton.comp2211.scene.MainScene lambda$build$3
INFO: Recalculate button pressed
May 02, 2024 1:27:44 AM uk.ac.soton.comp2211.scene.MainScene recalculate
INFO: Recalculating
May 02, 2024 1:27:44 AM uk.ac.soton.comp2211.model.Calculation calculateTakeOffAwayLandingOver
INFO: Calculating for Landing Over and Take-Off Away
May 02, 2024 1:27:44 AM uk.ac.soton.comp2211.model.Calculation calcLandingOver
INFO: Calculating LDA for Landing Over
May 02, 2024 1:27:44 AM uk.ac.soton.comp2211.model.Calculation calcTOAway
INFO: Calculating TORA, TODA and ASDA for Take-Off Away
May 02, 2024 1:28:19 AM uk.ac.soton.comp2211.scene.MainScene lambda$build$3
INFO: Recalculate button pressed
May 02, 2024 1:28:19 AM uk.ac.soton.comp2211.scene.MainScene recalculate
INFO: Recalculating
May 02, 2024 1:28:19 AM uk.ac.soton.comp2211.model.Calculation calculateTakeOffTowardsLandingTowards
INFO: Calculating for Landing Towards and Take-Off Towards
May 02, 2024 1:28:19 AM uk.ac.soton.comp2211.model.Calculation calcLandingTowards
INFO: Calculating LDA for Landing Towards
May 02, 2024 1:28:19 AM uk.ac.soton.comp2211.model.Calculation calcTOTowards
INFO: Calculating TORA, TODA and ASDA for Take-Off Towards
May 02, 2024 1:28:40 AM uk.ac.soton.comp2211.scene.MainScene lambda$build$3
INFO: Recalculate button pressed
May 02, 2024 1:28:40 AM uk.ac.soton.comp2211.scene.MainScene recalculate
INFO: Recalculating
May 02, 2024 1:28:40 AM uk.ac.soton.comp2211.model.Calculation calculateTakeOffAwayLandingOver
INFO: Calculating for Landing Over and Take-Off Away
May 02, 2024 1:28:40 AM uk.ac.soton.comp2211.model.Calculation calcLandingOver
INFO: Calculating LDA for Landing Over
May 02, 2024 1:28:40 AM uk.ac.soton.comp2211.model.Calculation calcTOAway
INFO: Calculating TORA, TODA and ASDA for Take-Off Away
May 02, 2024 1:29:15 AM uk.ac.soton.comp2211.App shutdown
INFO: Application shutting down.
