Apr 16, 2024 1:17:43 AM uk.ac.soton.comp2211.App main
INFO: Application started.
Apr 16, 2024 1:17:43 AM uk.ac.soton.comp2211.App openApp
INFO: Opening login page
Apr 16, 2024 1:17:43 AM uk.ac.soton.comp2211.UI.AppWindow startTool
INFO: Starting the tool
Apr 16, 2024 1:17:43 AM uk.ac.soton.comp2211.UI.AppWindow cleanup
INFO: Clearing up previous scene
Apr 16, 2024 1:17:43 AM uk.ac.soton.comp2211.scene.MainScene build
INFO: Building uk.ac.soton.comp2211.scene.MainScene
Apr 16, 2024 1:17:44 AM com.mongodb.internal.diagnostics.logging.Loggers shouldUseSLF4J
WARNING: SLF4J not found on the classpath.  Logging is disabled for the 'org.mongodb.driver' component
Apr 16, 2024 1:17:44 AM uk.ac.soton.comp2211.Utility.DBUtils isDbConnected
INFO: Connected to the database
Apr 16, 2024 1:17:45 AM uk.ac.soton.comp2211.scene.MainScene initialise
INFO: initialising the menu scene
Apr 16, 2024 1:17:51 AM uk.ac.soton.comp2211.Utility.DBUtils isDbConnected
INFO: Connected to the database
Apr 16, 2024 1:17:55 AM uk.ac.soton.comp2211.Utility.DBUtils isDbConnected
INFO: Connected to the database
Apr 16, 2024 1:18:02 AM uk.ac.soton.comp2211.control.LoginController performLogin
INFO: User exists
Apr 16, 2024 1:18:02 AM uk.ac.soton.comp2211.model.Database checkPassword
INFO: Checking password for user: DwijeshD
Apr 16, 2024 1:18:02 AM uk.ac.soton.comp2211.control.LoginController performLogin
INFO: Password is correct
Apr 16, 2024 1:18:02 AM uk.ac.soton.comp2211.control.LoginController performLogin
INFO: User DwijeshD logged in successfully
Apr 16, 2024 1:18:02 AM uk.ac.soton.comp2211.UI.AppWindow startTool
INFO: Starting the tool
Apr 16, 2024 1:18:02 AM uk.ac.soton.comp2211.UI.AppWindow cleanup
INFO: Clearing up previous scene
Apr 16, 2024 1:18:02 AM uk.ac.soton.comp2211.scene.MainScene build
INFO: Building uk.ac.soton.comp2211.scene.MainScene
Apr 16, 2024 1:18:02 AM uk.ac.soton.comp2211.Utility.DBUtils isDbConnected
INFO: Connected to the database
Apr 16, 2024 1:18:02 AM uk.ac.soton.comp2211.scene.MainScene initialise
INFO: initialising the menu scene
Apr 16, 2024 1:18:02 AM uk.ac.soton.comp2211.scene.MainScene build
INFO: Building uk.ac.soton.comp2211.scene.MainScene
Apr 16, 2024 1:18:03 AM uk.ac.soton.comp2211.scene.MainScene initialise
INFO: initialising the menu scene
Apr 16, 2024 1:18:09 AM uk.ac.soton.comp2211.scene.MainScene selectAirport
INFO: Airport Selected
Apr 16, 2024 1:18:10 AM uk.ac.soton.comp2211.scene.MainScene selectRunway
INFO: Runway Selected
Apr 16, 2024 1:18:29 AM uk.ac.soton.comp2211.scene.MainScene lambda$build$3
INFO: Recalculate button pressed
Apr 16, 2024 1:18:31 AM uk.ac.soton.comp2211.scene.MainScene lambda$build$4
INFO: Boeing Button Pressed
Apr 16, 2024 1:18:40 AM uk.ac.soton.comp2211.scene.MainScene lambda$build$3
INFO: Recalculate button pressed
Apr 16, 2024 1:18:40 AM uk.ac.soton.comp2211.scene.MainScene recalculate
INFO: Recalculating
Apr 16, 2024 1:18:40 AM uk.ac.soton.comp2211.model.Calculation calculateTakeOffAwayLandingOver
INFO: Calculating for Landing Over and Take-Off Away
Apr 16, 2024 1:18:40 AM uk.ac.soton.comp2211.model.Calculation calcLandingOver
INFO: Calculating LDA for Landing Over
Apr 16, 2024 1:18:40 AM uk.ac.soton.comp2211.model.Calculation calcTOAway
INFO: Calculating TORA, TODA and ASDA for Take-Off Away
Apr 16, 2024 1:19:04 AM uk.ac.soton.comp2211.App shutdown
INFO: Application shutting down.
