Apr 17, 2024 5:16:46 PM uk.ac.soton.comp2211.App main
INFO: Application started.
Apr 17, 2024 5:16:46 PM uk.ac.soton.comp2211.App openApp
INFO: Opening login page
Apr 17, 2024 5:16:46 PM uk.ac.soton.comp2211.UI.AppWindow startTool
INFO: Starting the tool
Apr 17, 2024 5:16:46 PM uk.ac.soton.comp2211.scene.MainScene initialise
INFO: initialising the menu scene
Apr 17, 2024 5:16:46 PM uk.ac.soton.comp2211.UI.AppWindow cleanup
INFO: Clearing up previous scene
Apr 17, 2024 5:16:46 PM uk.ac.soton.comp2211.scene.MainScene build
INFO: Building uk.ac.soton.comp2211.scene.MainScene
Apr 17, 2024 5:16:46 PM com.mongodb.internal.diagnostics.logging.Loggers shouldUseSLF4J
WARNING: SLF4J not found on the classpath.  Logging is disabled for the 'org.mongodb.driver' component
Apr 17, 2024 5:16:47 PM uk.ac.soton.comp2211.utility.DBUtils isDbConnected
INFO: Connected to the database
Apr 17, 2024 5:16:47 PM uk.ac.soton.comp2211.scene.MainScene initialise
INFO: initialising the menu scene
Apr 17, 2024 5:16:53 PM uk.ac.soton.comp2211.control.LoginController performLogin
INFO: User exists
Apr 17, 2024 5:16:53 PM uk.ac.soton.comp2211.model.Database checkPassword
INFO: Checking password for user: admin
Apr 17, 2024 5:16:53 PM uk.ac.soton.comp2211.model.Database checkPassword
INFO: Password is correct
Apr 17, 2024 5:16:54 PM uk.ac.soton.comp2211.control.LoginController performLogin
INFO: Password is correct
Apr 17, 2024 5:16:54 PM uk.ac.soton.comp2211.control.LoginController performLogin
INFO: User admin logged in successfully
Apr 17, 2024 5:16:54 PM uk.ac.soton.comp2211.UI.AppWindow startTool
INFO: Starting the tool
Apr 17, 2024 5:16:54 PM uk.ac.soton.comp2211.scene.MainScene initialise
INFO: initialising the menu scene
Apr 17, 2024 5:16:54 PM uk.ac.soton.comp2211.UI.AppWindow cleanup
INFO: Clearing up previous scene
Apr 17, 2024 5:16:54 PM uk.ac.soton.comp2211.scene.MainScene build
INFO: Building uk.ac.soton.comp2211.scene.MainScene
Apr 17, 2024 5:16:54 PM uk.ac.soton.comp2211.utility.DBUtils isDbConnected
INFO: Connected to the database
Apr 17, 2024 5:16:54 PM uk.ac.soton.comp2211.scene.MainScene initialise
INFO: initialising the menu scene
Apr 17, 2024 5:16:54 PM uk.ac.soton.comp2211.scene.MainScene initialise
INFO: initialising the menu scene
Apr 17, 2024 5:16:54 PM uk.ac.soton.comp2211.scene.MainScene build
INFO: Building uk.ac.soton.comp2211.scene.MainScene
Apr 17, 2024 5:16:54 PM uk.ac.soton.comp2211.scene.MainScene initialise
INFO: initialising the menu scene
Apr 17, 2024 5:16:56 PM uk.ac.soton.comp2211.scene.MainScene selectAirport
INFO: Airport Selected
Apr 17, 2024 5:16:57 PM uk.ac.soton.comp2211.scene.MainScene selectRunway
INFO: Runway Selected
Apr 17, 2024 5:17:22 PM uk.ac.soton.comp2211.scene.MainScene lambda$build$3
INFO: Recalculate button pressed
Apr 17, 2024 5:17:22 PM uk.ac.soton.comp2211.scene.MainScene recalculate
INFO: Recalculating
Apr 17, 2024 5:17:22 PM uk.ac.soton.comp2211.model.Calculation calculateTakeOffAwayLandingOver
INFO: Calculating for Landing Over and Take-Off Away
Apr 17, 2024 5:17:22 PM uk.ac.soton.comp2211.model.Calculation calcLandingOver
INFO: Calculating LDA for Landing Over
Apr 17, 2024 5:17:22 PM uk.ac.soton.comp2211.model.Calculation calcTOAway
INFO: Calculating TORA, TODA and ASDA for Take-Off Away
Apr 17, 2024 5:17:23 PM uk.ac.soton.comp2211.scene.MainScene lambda$build$3
INFO: Recalculate button pressed
Apr 17, 2024 5:17:23 PM uk.ac.soton.comp2211.scene.MainScene recalculate
INFO: Recalculating
Apr 17, 2024 5:17:23 PM uk.ac.soton.comp2211.model.Calculation calculateTakeOffAwayLandingOver
INFO: Calculating for Landing Over and Take-Off Away
Apr 17, 2024 5:17:23 PM uk.ac.soton.comp2211.model.Calculation calcLandingOver
INFO: Calculating LDA for Landing Over
Apr 17, 2024 5:17:23 PM uk.ac.soton.comp2211.model.Calculation calcTOAway
INFO: Calculating TORA, TODA and ASDA for Take-Off Away
Apr 17, 2024 5:17:24 PM uk.ac.soton.comp2211.scene.MainScene lambda$build$3
INFO: Recalculate button pressed
Apr 17, 2024 5:17:24 PM uk.ac.soton.comp2211.scene.MainScene recalculate
INFO: Recalculating
Apr 17, 2024 5:17:24 PM uk.ac.soton.comp2211.model.Calculation calculateTakeOffAwayLandingOver
INFO: Calculating for Landing Over and Take-Off Away
Apr 17, 2024 5:17:24 PM uk.ac.soton.comp2211.model.Calculation calcLandingOver
INFO: Calculating LDA for Landing Over
Apr 17, 2024 5:17:24 PM uk.ac.soton.comp2211.model.Calculation calcTOAway
INFO: Calculating TORA, TODA and ASDA for Take-Off Away
Apr 17, 2024 5:17:24 PM uk.ac.soton.comp2211.scene.MainScene lambda$build$3
INFO: Recalculate button pressed
Apr 17, 2024 5:17:24 PM uk.ac.soton.comp2211.scene.MainScene recalculate
INFO: Recalculating
Apr 17, 2024 5:17:24 PM uk.ac.soton.comp2211.model.Calculation calculateTakeOffAwayLandingOver
INFO: Calculating for Landing Over and Take-Off Away
Apr 17, 2024 5:17:24 PM uk.ac.soton.comp2211.model.Calculation calcLandingOver
INFO: Calculating LDA for Landing Over
Apr 17, 2024 5:17:24 PM uk.ac.soton.comp2211.model.Calculation calcTOAway
INFO: Calculating TORA, TODA and ASDA for Take-Off Away
Apr 17, 2024 5:17:25 PM uk.ac.soton.comp2211.scene.MainScene lambda$build$3
INFO: Recalculate button pressed
Apr 17, 2024 5:17:25 PM uk.ac.soton.comp2211.scene.MainScene recalculate
INFO: Recalculating
Apr 17, 2024 5:17:25 PM uk.ac.soton.comp2211.model.Calculation calculateTakeOffAwayLandingOver
INFO: Calculating for Landing Over and Take-Off Away
Apr 17, 2024 5:17:25 PM uk.ac.soton.comp2211.model.Calculation calcLandingOver
INFO: Calculating LDA for Landing Over
Apr 17, 2024 5:17:25 PM uk.ac.soton.comp2211.model.Calculation calcTOAway
INFO: Calculating TORA, TODA and ASDA for Take-Off Away
Apr 17, 2024 5:17:27 PM uk.ac.soton.comp2211.scene.MainScene lambda$build$3
INFO: Recalculate button pressed
Apr 17, 2024 5:17:27 PM uk.ac.soton.comp2211.scene.MainScene recalculate
INFO: Recalculating
Apr 17, 2024 5:17:27 PM uk.ac.soton.comp2211.model.Calculation calculateTakeOffTowardsLandingTowards
INFO: Calculating for Landing Towards and Take-Off Towards
Apr 17, 2024 5:17:27 PM uk.ac.soton.comp2211.model.Calculation calcLandingTowards
INFO: Calculating LDA for Landing Towards
Apr 17, 2024 5:17:27 PM uk.ac.soton.comp2211.model.Calculation calcTOTowards
INFO: Calculating TORA, TODA and ASDA for Take-Off Towards
Apr 17, 2024 5:17:31 PM uk.ac.soton.comp2211.scene.MainScene lambda$build$3
INFO: Recalculate button pressed
Apr 17, 2024 5:17:31 PM uk.ac.soton.comp2211.scene.MainScene recalculate
INFO: Recalculating
Apr 17, 2024 5:17:31 PM uk.ac.soton.comp2211.model.Calculation calculateTakeOffTowardsLandingTowards
INFO: Calculating for Landing Towards and Take-Off Towards
Apr 17, 2024 5:17:31 PM uk.ac.soton.comp2211.model.Calculation calcLandingTowards
INFO: Calculating LDA for Landing Towards
Apr 17, 2024 5:17:31 PM uk.ac.soton.comp2211.model.Calculation calcTOTowards
INFO: Calculating TORA, TODA and ASDA for Take-Off Towards
Apr 17, 2024 5:21:21 PM uk.ac.soton.comp2211.scene.MainScene lambda$build$3
INFO: Recalculate button pressed
Apr 17, 2024 5:21:21 PM uk.ac.soton.comp2211.scene.MainScene recalculate
INFO: Recalculating
Apr 17, 2024 5:21:21 PM uk.ac.soton.comp2211.model.Calculation calculateTakeOffTowardsLandingTowards
INFO: Calculating for Landing Towards and Take-Off Towards
Apr 17, 2024 5:21:21 PM uk.ac.soton.comp2211.model.Calculation calcLandingTowards
INFO: Calculating LDA for Landing Towards
Apr 17, 2024 5:21:21 PM uk.ac.soton.comp2211.model.Calculation calcTOTowards
INFO: Calculating TORA, TODA and ASDA for Take-Off Towards
Apr 17, 2024 5:27:39 PM uk.ac.soton.comp2211.scene.MainScene lambda$build$3
INFO: Recalculate button pressed
Apr 17, 2024 5:27:39 PM uk.ac.soton.comp2211.scene.MainScene recalculate
INFO: Recalculating
Apr 17, 2024 5:27:39 PM uk.ac.soton.comp2211.model.Calculation calculateTakeOffTowardsLandingTowards
INFO: Calculating for Landing Towards and Take-Off Towards
Apr 17, 2024 5:27:39 PM uk.ac.soton.comp2211.model.Calculation calcLandingTowards
INFO: Calculating LDA for Landing Towards
Apr 17, 2024 5:27:39 PM uk.ac.soton.comp2211.model.Calculation calcTOTowards
INFO: Calculating TORA, TODA and ASDA for Take-Off Towards
Apr 17, 2024 5:27:40 PM uk.ac.soton.comp2211.scene.MainScene lambda$build$3
INFO: Recalculate button pressed
Apr 17, 2024 5:27:40 PM uk.ac.soton.comp2211.scene.MainScene recalculate
INFO: Recalculating
Apr 17, 2024 5:27:40 PM uk.ac.soton.comp2211.model.Calculation calculateTakeOffTowardsLandingTowards
INFO: Calculating for Landing Towards and Take-Off Towards
Apr 17, 2024 5:27:40 PM uk.ac.soton.comp2211.model.Calculation calcLandingTowards
INFO: Calculating LDA for Landing Towards
Apr 17, 2024 5:27:40 PM uk.ac.soton.comp2211.model.Calculation calcTOTowards
INFO: Calculating TORA, TODA and ASDA for Take-Off Towards
Apr 17, 2024 5:27:40 PM uk.ac.soton.comp2211.scene.MainScene lambda$build$3
INFO: Recalculate button pressed
Apr 17, 2024 5:27:40 PM uk.ac.soton.comp2211.scene.MainScene recalculate
INFO: Recalculating
Apr 17, 2024 5:27:40 PM uk.ac.soton.comp2211.model.Calculation calculateTakeOffTowardsLandingTowards
INFO: Calculating for Landing Towards and Take-Off Towards
Apr 17, 2024 5:27:40 PM uk.ac.soton.comp2211.model.Calculation calcLandingTowards
INFO: Calculating LDA for Landing Towards
Apr 17, 2024 5:27:40 PM uk.ac.soton.comp2211.model.Calculation calcTOTowards
INFO: Calculating TORA, TODA and ASDA for Take-Off Towards
Apr 17, 2024 5:30:07 PM uk.ac.soton.comp2211.utility.DBUtils isDbConnected
INFO: Connected to the database
Apr 17, 2024 5:30:13 PM uk.ac.soton.comp2211.control.LoginController performLogin
INFO: User exists
Apr 17, 2024 5:30:13 PM uk.ac.soton.comp2211.model.Database checkPassword
INFO: Checking password for user: admin
Apr 17, 2024 5:30:13 PM uk.ac.soton.comp2211.model.Database checkPassword
INFO: Password is correct
Apr 17, 2024 5:30:14 PM uk.ac.soton.comp2211.control.LoginController performLogin
INFO: Password is correct
Apr 17, 2024 5:30:14 PM uk.ac.soton.comp2211.control.LoginController performLogin
INFO: User admin logged in successfully
Apr 17, 2024 5:30:14 PM uk.ac.soton.comp2211.UI.AppWindow startTool
INFO: Starting the tool
Apr 17, 2024 5:30:14 PM uk.ac.soton.comp2211.scene.MainScene initialise
INFO: initialising the menu scene
Apr 17, 2024 5:30:14 PM uk.ac.soton.comp2211.UI.AppWindow cleanup
INFO: Clearing up previous scene
Apr 17, 2024 5:30:14 PM uk.ac.soton.comp2211.scene.MainScene build
INFO: Building uk.ac.soton.comp2211.scene.MainScene
Apr 17, 2024 5:30:14 PM uk.ac.soton.comp2211.utility.DBUtils isDbConnected
INFO: Connected to the database
Apr 17, 2024 5:30:14 PM uk.ac.soton.comp2211.scene.MainScene initialise
INFO: initialising the menu scene
Apr 17, 2024 5:30:14 PM uk.ac.soton.comp2211.scene.MainScene initialise
INFO: initialising the menu scene
Apr 17, 2024 5:30:14 PM uk.ac.soton.comp2211.scene.MainScene build
INFO: Building uk.ac.soton.comp2211.scene.MainScene
Apr 17, 2024 5:30:14 PM uk.ac.soton.comp2211.scene.MainScene initialise
INFO: initialising the menu scene
Apr 17, 2024 5:31:13 PM uk.ac.soton.comp2211.utility.DBUtils isDbConnected
INFO: Connected to the database
Apr 17, 2024 5:31:24 PM uk.ac.soton.comp2211.control.LoginController performLogin
INFO: User exists
Apr 17, 2024 5:31:24 PM uk.ac.soton.comp2211.model.Database checkPassword
INFO: Checking password for user: admin
Apr 17, 2024 5:31:24 PM uk.ac.soton.comp2211.model.Database checkPassword
INFO: Password is correct
Apr 17, 2024 5:31:24 PM uk.ac.soton.comp2211.control.LoginController performLogin
INFO: Password is correct
Apr 17, 2024 5:31:24 PM uk.ac.soton.comp2211.control.LoginController performLogin
INFO: User admin logged in successfully
Apr 17, 2024 5:31:24 PM uk.ac.soton.comp2211.UI.AppWindow startTool
INFO: Starting the tool
Apr 17, 2024 5:31:24 PM uk.ac.soton.comp2211.scene.MainScene initialise
INFO: initialising the menu scene
Apr 17, 2024 5:31:24 PM uk.ac.soton.comp2211.UI.AppWindow cleanup
INFO: Clearing up previous scene
Apr 17, 2024 5:31:24 PM uk.ac.soton.comp2211.scene.MainScene build
INFO: Building uk.ac.soton.comp2211.scene.MainScene
Apr 17, 2024 5:31:24 PM uk.ac.soton.comp2211.utility.DBUtils isDbConnected
INFO: Connected to the database
Apr 17, 2024 5:31:24 PM uk.ac.soton.comp2211.scene.MainScene initialise
INFO: initialising the menu scene
Apr 17, 2024 5:31:24 PM uk.ac.soton.comp2211.scene.MainScene initialise
INFO: initialising the menu scene
Apr 17, 2024 5:31:24 PM uk.ac.soton.comp2211.scene.MainScene build
INFO: Building uk.ac.soton.comp2211.scene.MainScene
Apr 17, 2024 5:31:24 PM uk.ac.soton.comp2211.scene.MainScene initialise
INFO: initialising the menu scene
Apr 17, 2024 5:31:36 PM uk.ac.soton.comp2211.App shutdown
INFO: Application shutting down.
