Mar 22, 2024 1:35:51 PM uk.ac.soton.comp2211.App main
INFO: Application started.
Mar 22, 2024 1:35:51 PM uk.ac.soton.comp2211.App openApp
INFO: Opening login page
Mar 22, 2024 1:35:51 PM uk.ac.soton.comp2211.UI.AppWindow startTool
INFO: Starting the tool
Mar 22, 2024 1:35:51 PM uk.ac.soton.comp2211.UI.AppWindow cleanup
INFO: Clearing up previous scene
Mar 22, 2024 1:35:51 PM uk.ac.soton.comp2211.scene.MainScene build
INFO: Building uk.ac.soton.comp2211.scene.MainScene
Mar 22, 2024 1:35:52 PM com.mongodb.internal.diagnostics.logging.Loggers shouldUseSLF4J
WARNING: SLF4J not found on the classpath.  Logging is disabled for the 'org.mongodb.driver' component
Mar 22, 2024 1:35:52 PM uk.ac.soton.comp2211.Utility.DBUtils isDbConnected
INFO: Connected to the database
Mar 22, 2024 1:35:53 PM uk.ac.soton.comp2211.scene.MainScene initialise
INFO: initialising the menu scene
Mar 22, 2024 1:37:53 PM uk.ac.soton.comp2211.control.LoginController performLogin
INFO: User exists
Mar 22, 2024 1:37:54 PM uk.ac.soton.comp2211.model.Database checkPassword
INFO: Checking password for user: DwijeshD
Mar 22, 2024 1:37:54 PM uk.ac.soton.comp2211.control.LoginController performLogin
INFO: Password is correct
Mar 22, 2024 1:37:54 PM uk.ac.soton.comp2211.control.LoginController performLogin
INFO: User DwijeshD logged in successfully
Mar 22, 2024 1:37:54 PM uk.ac.soton.comp2211.UI.AppWindow startTool
INFO: Starting the tool
Mar 22, 2024 1:37:54 PM uk.ac.soton.comp2211.UI.AppWindow cleanup
INFO: Clearing up previous scene
Mar 22, 2024 1:37:54 PM uk.ac.soton.comp2211.scene.MainScene build
INFO: Building uk.ac.soton.comp2211.scene.MainScene
Mar 22, 2024 1:37:54 PM uk.ac.soton.comp2211.Utility.DBUtils isDbConnected
INFO: Connected to the database
Mar 22, 2024 1:37:54 PM uk.ac.soton.comp2211.scene.MainScene initialise
INFO: initialising the menu scene
Mar 22, 2024 1:37:54 PM uk.ac.soton.comp2211.scene.MainScene build
INFO: Building uk.ac.soton.comp2211.scene.MainScene
Mar 22, 2024 1:37:54 PM uk.ac.soton.comp2211.scene.MainScene initialise
INFO: initialising the menu scene
Mar 22, 2024 1:37:57 PM uk.ac.soton.comp2211.scene.MainScene lambda$build$4
INFO: Boeing Button Pressed
Mar 22, 2024 2:01:09 PM uk.ac.soton.comp2211.scene.MainScene lambda$build$4
INFO: Boeing Button Pressed
Mar 22, 2024 2:01:26 PM uk.ac.soton.comp2211.scene.MainScene lambda$build$4
INFO: Boeing Button Pressed
Mar 22, 2024 2:01:48 PM uk.ac.soton.comp2211.scene.MainScene lambda$build$8
INFO: Custom Button Pressed
Mar 22, 2024 2:02:49 PM uk.ac.soton.comp2211.scene.MainScene selectAirport
INFO: Airport Selected
Mar 22, 2024 2:02:51 PM uk.ac.soton.comp2211.scene.MainScene selectRunway
INFO: Runway Selected
Mar 22, 2024 2:02:59 PM uk.ac.soton.comp2211.scene.MainScene lambda$build$3
INFO: Recalculate button pressed
Mar 22, 2024 2:02:59 PM uk.ac.soton.comp2211.scene.MainScene recalculate
INFO: Recalculating
Mar 22, 2024 2:02:59 PM uk.ac.soton.comp2211.model.Calculation calculateTakeOffTowardsLandingTowards
INFO: Calculating for Landing Towards and Take-Off Towards
Mar 22, 2024 2:02:59 PM uk.ac.soton.comp2211.model.Calculation calcLandingTowards
INFO: Calculating LDA for Landing Towards
Mar 22, 2024 2:02:59 PM uk.ac.soton.comp2211.model.Calculation calcTOTowards
INFO: Calculating TORA, TODA and ASDA for Take-Off Towards
Mar 22, 2024 2:03:49 PM uk.ac.soton.comp2211.App shutdown
INFO: Application shutting down.
