Mar 22, 2024 10:44:25 AM uk.ac.soton.comp2211.App main
INFO: Application started.
Mar 22, 2024 10:44:25 AM uk.ac.soton.comp2211.App openApp
INFO: Opening login page
Mar 22, 2024 10:44:25 AM uk.ac.soton.comp2211.UI.AppWindow startTool
INFO: Starting the tool
Mar 22, 2024 10:44:25 AM uk.ac.soton.comp2211.UI.AppWindow cleanup
INFO: Clearing up previous scene
Mar 22, 2024 10:44:25 AM uk.ac.soton.comp2211.scene.MainScene build
INFO: Building uk.ac.soton.comp2211.scene.MainScene
Mar 22, 2024 10:44:26 AM com.mongodb.internal.diagnostics.logging.Loggers shouldUseSLF4J
WARNING: SLF4J not found on the classpath.  Logging is disabled for the 'org.mongodb.driver' component
Mar 22, 2024 10:44:26 AM uk.ac.soton.comp2211.Utility.DBUtils isDbConnected
INFO: Connected to the database
Mar 22, 2024 10:44:27 AM uk.ac.soton.comp2211.scene.MainScene initialise
INFO: initialising the menu scene
Mar 22, 2024 10:44:32 AM uk.ac.soton.comp2211.control.LoginController performLogin
INFO: User exists
Mar 22, 2024 10:44:32 AM uk.ac.soton.comp2211.model.Database checkPassword
INFO: Checking password for user: admin
Mar 22, 2024 10:44:33 AM uk.ac.soton.comp2211.control.LoginController performLogin
INFO: Password is correct
Mar 22, 2024 10:44:33 AM uk.ac.soton.comp2211.control.LoginController performLogin
INFO: User admin logged in successfully
Mar 22, 2024 10:44:33 AM uk.ac.soton.comp2211.UI.AppWindow startTool
INFO: Starting the tool
Mar 22, 2024 10:44:33 AM uk.ac.soton.comp2211.UI.AppWindow cleanup
INFO: Clearing up previous scene
Mar 22, 2024 10:44:33 AM uk.ac.soton.comp2211.scene.MainScene build
INFO: Building uk.ac.soton.comp2211.scene.MainScene
Mar 22, 2024 10:44:33 AM uk.ac.soton.comp2211.Utility.DBUtils isDbConnected
INFO: Connected to the database
Mar 22, 2024 10:44:33 AM uk.ac.soton.comp2211.scene.MainScene initialise
INFO: initialising the menu scene
Mar 22, 2024 10:44:33 AM uk.ac.soton.comp2211.scene.MainScene build
INFO: Building uk.ac.soton.comp2211.scene.MainScene
Mar 22, 2024 10:44:33 AM uk.ac.soton.comp2211.scene.MainScene initialise
INFO: initialising the menu scene
Mar 22, 2024 10:44:53 AM uk.ac.soton.comp2211.model.Database updateUser
INFO: User updated successfully
Mar 22, 2024 10:44:56 AM uk.ac.soton.comp2211.model.Database updateUser
INFO: User updated successfully
Mar 22, 2024 10:45:01 AM uk.ac.soton.comp2211.App shutdown
INFO: Application shutting down.
