Apr 24, 2024 1:43:37 AM uk.ac.soton.comp2211.App main
INFO: Application started.
Apr 24, 2024 1:43:37 AM uk.ac.soton.comp2211.App openApp
INFO: Opening login page
Apr 24, 2024 1:43:38 AM uk.ac.soton.comp2211.UI.AppWindow startTool
INFO: Starting the tool
Apr 24, 2024 1:43:38 AM uk.ac.soton.comp2211.UI.AppWindow cleanup
INFO: Clearing up previous scene
Apr 24, 2024 1:43:38 AM uk.ac.soton.comp2211.scene.MainScene build
INFO: Building uk.ac.soton.comp2211.scene.MainScene
Apr 24, 2024 1:43:38 AM com.mongodb.internal.diagnostics.logging.Loggers shouldUseSLF4J
WARNING: SLF4J not found on the classpath.  Logging is disabled for the 'org.mongodb.driver' component
Apr 24, 2024 1:43:38 AM uk.ac.soton.comp2211.Utility.DBUtils isDbConnected
INFO: Connected to the database
Apr 24, 2024 1:43:39 AM uk.ac.soton.comp2211.scene.MainScene initialise
INFO: initialising the menu scene
Apr 24, 2024 1:43:43 AM uk.ac.soton.comp2211.control.LoginController performLogin
INFO: User exists
Apr 24, 2024 1:43:43 AM uk.ac.soton.comp2211.model.Database checkPassword
INFO: Checking password for user: DwijeshD
Apr 24, 2024 1:43:43 AM uk.ac.soton.comp2211.model.Database checkPassword
INFO: Password is incorrect
Apr 24, 2024 1:43:48 AM uk.ac.soton.comp2211.control.LoginController performLogin
INFO: User exists
Apr 24, 2024 1:43:48 AM uk.ac.soton.comp2211.model.Database checkPassword
INFO: Checking password for user: DwijeshD
Apr 24, 2024 1:43:48 AM uk.ac.soton.comp2211.model.Database checkPassword
INFO: Password is incorrect
Apr 24, 2024 1:43:51 AM uk.ac.soton.comp2211.control.LoginController performLogin
INFO: User exists
Apr 24, 2024 1:43:51 AM uk.ac.soton.comp2211.model.Database checkPassword
INFO: Checking password for user: DwijeshD
Apr 24, 2024 1:43:51 AM uk.ac.soton.comp2211.model.Database checkPassword
INFO: Password is incorrect
Apr 24, 2024 1:44:00 AM uk.ac.soton.comp2211.control.LoginController performLogin
INFO: User exists
Apr 24, 2024 1:44:00 AM uk.ac.soton.comp2211.model.Database checkPassword
INFO: Checking password for user: DwijeshD
Apr 24, 2024 1:44:00 AM uk.ac.soton.comp2211.model.Database checkPassword
INFO: Password is incorrect
Apr 24, 2024 1:44:01 AM uk.ac.soton.comp2211.control.LoginController performLogin
INFO: User exists
Apr 24, 2024 1:44:01 AM uk.ac.soton.comp2211.model.Database checkPassword
INFO: Checking password for user: DwijeshD
Apr 24, 2024 1:44:01 AM uk.ac.soton.comp2211.model.Database checkPassword
INFO: Password is incorrect
Apr 24, 2024 1:44:08 AM uk.ac.soton.comp2211.App shutdown
INFO: Application shutting down.
