Apr 17, 2024 10:31:48 AM uk.ac.soton.comp2211.App main
INFO: Application started.
Apr 17, 2024 10:31:48 AM uk.ac.soton.comp2211.App openApp
INFO: Opening login page
Apr 17, 2024 10:31:48 AM uk.ac.soton.comp2211.UI.AppWindow startTool
INFO: Starting the tool
Apr 17, 2024 10:31:48 AM uk.ac.soton.comp2211.UI.AppWindow cleanup
INFO: Clearing up previous scene
Apr 17, 2024 10:31:48 AM uk.ac.soton.comp2211.scene.MainScene build
INFO: Building uk.ac.soton.comp2211.scene.MainScene
Apr 17, 2024 10:31:49 AM com.mongodb.internal.diagnostics.logging.Loggers shouldUseSLF4J
WARNING: SLF4J not found on the classpath.  Logging is disabled for the 'org.mongodb.driver' component
Apr 17, 2024 10:31:49 AM uk.ac.soton.comp2211.utility.DBUtils isDbConnected
INFO: Connected to the database
Apr 17, 2024 10:31:49 AM uk.ac.soton.comp2211.scene.MainScene initialise
INFO: initialising the menu scene
Apr 17, 2024 10:31:57 AM uk.ac.soton.comp2211.control.LoginController performLogin
INFO: User exists
Apr 17, 2024 10:31:58 AM uk.ac.soton.comp2211.model.Database checkPassword
INFO: Checking password for user: admin
Apr 17, 2024 10:31:58 AM uk.ac.soton.comp2211.model.Database checkPassword
INFO: Password is correct
Apr 17, 2024 10:31:58 AM uk.ac.soton.comp2211.control.LoginController performLogin
INFO: Password is correct
Apr 17, 2024 10:31:59 AM uk.ac.soton.comp2211.control.LoginController performLogin
INFO: User admin logged in successfully
Apr 17, 2024 10:31:59 AM uk.ac.soton.comp2211.UI.AppWindow startTool
INFO: Starting the tool
Apr 17, 2024 10:31:59 AM uk.ac.soton.comp2211.UI.AppWindow cleanup
INFO: Clearing up previous scene
Apr 17, 2024 10:31:59 AM uk.ac.soton.comp2211.scene.MainScene build
INFO: Building uk.ac.soton.comp2211.scene.MainScene
Apr 17, 2024 10:31:59 AM uk.ac.soton.comp2211.utility.DBUtils isDbConnected
INFO: Connected to the database
Apr 17, 2024 10:31:59 AM uk.ac.soton.comp2211.scene.MainScene initialise
INFO: initialising the menu scene
Apr 17, 2024 10:31:59 AM uk.ac.soton.comp2211.scene.MainScene build
INFO: Building uk.ac.soton.comp2211.scene.MainScene
Apr 17, 2024 10:31:59 AM uk.ac.soton.comp2211.scene.MainScene initialise
INFO: initialising the menu scene
Apr 17, 2024 10:32:03 AM uk.ac.soton.comp2211.scene.MainScene lambda$build$5
INFO: Custom Button Pressed
Apr 17, 2024 10:32:16 AM uk.ac.soton.comp2211.scene.MainScene lambda$build$4
INFO: Airbus A380 Selected
Apr 17, 2024 10:32:50 AM uk.ac.soton.comp2211.App shutdown
INFO: Application shutting down.
