Apr 28, 2024 6:18:06 PM uk.ac.soton.comp2211.App main
INFO: Application started.
Apr 28, 2024 6:18:07 PM uk.ac.soton.comp2211.App openApp
INFO: Opening login page
Apr 28, 2024 6:18:07 PM uk.ac.soton.comp2211.UI.AppWindow startTool
INFO: Starting the tool
Apr 28, 2024 6:18:07 PM uk.ac.soton.comp2211.UI.AppWindow cleanup
INFO: Clearing up previous scene
Apr 28, 2024 6:18:07 PM uk.ac.soton.comp2211.scene.MainScene build
INFO: Building uk.ac.soton.comp2211.scene.MainScene
Apr 28, 2024 6:18:07 PM com.mongodb.internal.diagnostics.logging.Loggers shouldUseSLF4J
WARNING: SLF4J not found on the classpath.  Logging is disabled for the 'org.mongodb.driver' component
Apr 28, 2024 6:18:07 PM uk.ac.soton.comp2211.Utility.DBUtils isDbConnected
INFO: Connected to the database
Apr 28, 2024 6:18:08 PM uk.ac.soton.comp2211.scene.MainScene initialise
INFO: initialising the menu scene
Apr 28, 2024 6:18:12 PM uk.ac.soton.comp2211.control.LoginController performLogin
INFO: User exists
Apr 28, 2024 6:18:12 PM uk.ac.soton.comp2211.model.Database checkPassword
INFO: Checking password for user: DwijeshD
Apr 28, 2024 6:18:12 PM uk.ac.soton.comp2211.model.Database checkPassword
INFO: Password is correct
Apr 28, 2024 6:18:12 PM uk.ac.soton.comp2211.control.LoginController performLogin
INFO: Password is correct
Apr 28, 2024 6:18:12 PM uk.ac.soton.comp2211.control.LoginController performLogin
INFO: User DwijeshD logged in successfully
Apr 28, 2024 6:18:12 PM uk.ac.soton.comp2211.UI.AppWindow startTool
INFO: Starting the tool
Apr 28, 2024 6:18:12 PM uk.ac.soton.comp2211.UI.AppWindow cleanup
INFO: Clearing up previous scene
Apr 28, 2024 6:18:12 PM uk.ac.soton.comp2211.scene.MainScene build
INFO: Building uk.ac.soton.comp2211.scene.MainScene
Apr 28, 2024 6:18:12 PM uk.ac.soton.comp2211.Utility.DBUtils isDbConnected
INFO: Connected to the database
Apr 28, 2024 6:18:12 PM uk.ac.soton.comp2211.scene.MainScene initialise
INFO: initialising the menu scene
Apr 28, 2024 6:18:12 PM uk.ac.soton.comp2211.scene.MainScene build
INFO: Building uk.ac.soton.comp2211.scene.MainScene
Apr 28, 2024 6:18:13 PM uk.ac.soton.comp2211.scene.MainScene initialise
INFO: initialising the menu scene
Apr 28, 2024 6:18:17 PM uk.ac.soton.comp2211.App shutdown
INFO: Application shutting down.
